<?xml version="1.0" encoding="UTF-8"?>
<coverage generated="1725279648506" clover="3.2.0">
  <project timestamp="1725279648506" name="All files">
    <metrics statements="2129" coveredstatements="181" conditionals="216" coveredconditionals="0" methods="662" coveredmethods="0" elements="3007" coveredelements="181" complexity="0" loc="2129" ncloc="2129" packages="4" files="6" classes="6"/>
    <package name="build.Jetton">
      <metrics statements="1287" coveredstatements="110" conditionals="116" coveredconditionals="0" methods="405" coveredmethods="0"/>
      <file name="tact_JettonDefaultWallet.ts" path="/Users/nikitapoznyakov/Desktop/work/KadysTON/build/Jetton/tact_JettonDefaultWallet.ts">
        <metrics statements="641" coveredstatements="55" conditionals="58" coveredconditionals="0" methods="202" coveredmethods="0"/>
        <line num="1" count="1" type="stmt"/>
        <line num="29" count="1" type="stmt"/>
        <line num="30" count="0" type="stmt"/>
        <line num="31" count="0" type="stmt"/>
        <line num="32" count="0" type="stmt"/>
        <line num="33" count="0" type="stmt"/>
        <line num="37" count="1" type="stmt"/>
        <line num="38" count="0" type="stmt"/>
        <line num="39" count="0" type="stmt"/>
        <line num="40" count="0" type="stmt"/>
        <line num="41" count="0" type="stmt"/>
        <line num="45" count="0" type="stmt"/>
        <line num="46" count="0" type="stmt"/>
        <line num="47" count="0" type="stmt"/>
        <line num="51" count="0" type="stmt"/>
        <line num="52" count="0" type="stmt"/>
        <line num="53" count="0" type="stmt"/>
        <line num="54" count="0" type="stmt"/>
        <line num="58" count="0" type="stmt"/>
        <line num="60" count="0" type="stmt"/>
        <line num="63" count="0" type="stmt"/>
        <line num="76" count="1" type="stmt"/>
        <line num="77" count="0" type="stmt"/>
        <line num="78" count="0" type="stmt"/>
        <line num="79" count="0" type="stmt"/>
        <line num="80" count="0" type="stmt"/>
        <line num="81" count="0" type="stmt"/>
        <line num="82" count="0" type="stmt"/>
        <line num="86" count="1" type="stmt"/>
        <line num="87" count="0" type="stmt"/>
        <line num="88" count="0" type="stmt"/>
        <line num="89" count="0" type="stmt"/>
        <line num="90" count="0" type="stmt"/>
        <line num="91" count="0" type="stmt"/>
        <line num="92" count="0" type="stmt"/>
        <line num="96" count="0" type="stmt"/>
        <line num="97" count="0" type="stmt"/>
        <line num="98" count="0" type="stmt"/>
        <line num="99" count="0" type="stmt"/>
        <line num="100" count="0" type="stmt"/>
        <line num="104" count="0" type="stmt"/>
        <line num="105" count="0" type="stmt"/>
        <line num="106" count="0" type="stmt"/>
        <line num="107" count="0" type="stmt"/>
        <line num="108" count="0" type="stmt"/>
        <line num="109" count="0" type="stmt"/>
        <line num="113" count="0" type="stmt"/>
        <line num="115" count="0" type="stmt"/>
        <line num="118" count="0" type="stmt"/>
        <line num="134" count="1" type="stmt"/>
        <line num="135" count="0" type="stmt"/>
        <line num="136" count="0" type="stmt"/>
        <line num="137" count="0" type="stmt"/>
        <line num="138" count="0" type="stmt"/>
        <line num="139" count="0" type="stmt"/>
        <line num="140" count="0" type="stmt"/>
        <line num="141" count="0" type="cond" truecount="0" falsecount="4"/>
        <line num="142" count="0" type="cond" truecount="0" falsecount="4"/>
        <line num="143" count="0" type="cond" truecount="0" falsecount="4"/>
        <line num="147" count="1" type="stmt"/>
        <line num="148" count="0" type="stmt"/>
        <line num="149" count="0" type="stmt"/>
        <line num="150" count="0" type="stmt"/>
        <line num="151" count="0" type="stmt"/>
        <line num="152" count="0" type="stmt"/>
        <line num="153" count="0" type="cond" truecount="0" falsecount="2"/>
        <line num="154" count="0" type="cond" truecount="0" falsecount="2"/>
        <line num="155" count="0" type="cond" truecount="0" falsecount="2"/>
        <line num="156" count="0" type="stmt"/>
        <line num="160" count="0" type="stmt"/>
        <line num="161" count="0" type="stmt"/>
        <line num="162" count="0" type="stmt"/>
        <line num="163" count="0" type="stmt"/>
        <line num="164" count="0" type="stmt"/>
        <line num="165" count="0" type="stmt"/>
        <line num="166" count="0" type="stmt"/>
        <line num="167" count="0" type="stmt"/>
        <line num="171" count="0" type="stmt"/>
        <line num="172" count="0" type="stmt"/>
        <line num="173" count="0" type="stmt"/>
        <line num="174" count="0" type="stmt"/>
        <line num="175" count="0" type="stmt"/>
        <line num="176" count="0" type="stmt"/>
        <line num="177" count="0" type="stmt"/>
        <line num="178" count="0" type="stmt"/>
        <line num="179" count="0" type="stmt"/>
        <line num="183" count="0" type="stmt"/>
        <line num="185" count="0" type="stmt"/>
        <line num="188" count="0" type="stmt"/>
        <line num="199" count="1" type="stmt"/>
        <line num="200" count="0" type="stmt"/>
        <line num="201" count="0" type="stmt"/>
        <line num="202" count="0" type="stmt"/>
        <line num="203" count="0" type="stmt"/>
        <line num="204" count="0" type="stmt"/>
        <line num="208" count="1" type="stmt"/>
        <line num="209" count="0" type="stmt"/>
        <line num="210" count="0" type="cond" truecount="0" falsecount="1"/>
        <line num="211" count="0" type="stmt"/>
        <line num="212" count="0" type="stmt"/>
        <line num="213" count="0" type="stmt"/>
        <line num="217" count="0" type="stmt"/>
        <line num="218" count="0" type="stmt"/>
        <line num="219" count="0" type="stmt"/>
        <line num="223" count="0" type="stmt"/>
        <line num="224" count="0" type="stmt"/>
        <line num="225" count="0" type="stmt"/>
        <line num="226" count="0" type="stmt"/>
        <line num="230" count="0" type="stmt"/>
        <line num="232" count="0" type="stmt"/>
        <line num="235" count="0" type="stmt"/>
        <line num="246" count="1" type="stmt"/>
        <line num="247" count="0" type="stmt"/>
        <line num="248" count="0" type="stmt"/>
        <line num="249" count="0" type="stmt"/>
        <line num="250" count="0" type="stmt"/>
        <line num="251" count="0" type="stmt"/>
        <line num="255" count="1" type="stmt"/>
        <line num="256" count="0" type="stmt"/>
        <line num="257" count="0" type="cond" truecount="0" falsecount="1"/>
        <line num="258" count="0" type="stmt"/>
        <line num="259" count="0" type="stmt"/>
        <line num="260" count="0" type="stmt"/>
        <line num="264" count="0" type="stmt"/>
        <line num="265" count="0" type="stmt"/>
        <line num="266" count="0" type="stmt"/>
        <line num="270" count="0" type="stmt"/>
        <line num="271" count="0" type="stmt"/>
        <line num="272" count="0" type="stmt"/>
        <line num="273" count="0" type="stmt"/>
        <line num="277" count="0" type="stmt"/>
        <line num="279" count="0" type="stmt"/>
        <line num="282" count="0" type="stmt"/>
        <line num="293" count="1" type="stmt"/>
        <line num="294" count="0" type="stmt"/>
        <line num="295" count="0" type="stmt"/>
        <line num="296" count="0" type="stmt"/>
        <line num="297" count="0" type="stmt"/>
        <line num="301" count="1" type="stmt"/>
        <line num="302" count="0" type="stmt"/>
        <line num="303" count="0" type="stmt"/>
        <line num="304" count="0" type="stmt"/>
        <line num="305" count="0" type="stmt"/>
        <line num="309" count="0" type="stmt"/>
        <line num="310" count="0" type="stmt"/>
        <line num="311" count="0" type="stmt"/>
        <line num="315" count="0" type="stmt"/>
        <line num="316" count="0" type="stmt"/>
        <line num="317" count="0" type="stmt"/>
        <line num="318" count="0" type="stmt"/>
        <line num="322" count="0" type="stmt"/>
        <line num="324" count="0" type="stmt"/>
        <line num="327" count="0" type="stmt"/>
        <line num="338" count="1" type="stmt"/>
        <line num="339" count="0" type="stmt"/>
        <line num="340" count="0" type="stmt"/>
        <line num="341" count="0" type="stmt"/>
        <line num="342" count="0" type="stmt"/>
        <line num="343" count="0" type="stmt"/>
        <line num="347" count="1" type="stmt"/>
        <line num="348" count="0" type="stmt"/>
        <line num="349" count="0" type="cond" truecount="0" falsecount="1"/>
        <line num="350" count="0" type="stmt"/>
        <line num="351" count="0" type="stmt"/>
        <line num="352" count="0" type="stmt"/>
        <line num="356" count="0" type="stmt"/>
        <line num="357" count="0" type="stmt"/>
        <line num="358" count="0" type="stmt"/>
        <line num="362" count="0" type="stmt"/>
        <line num="363" count="0" type="stmt"/>
        <line num="364" count="0" type="stmt"/>
        <line num="365" count="0" type="stmt"/>
        <line num="369" count="0" type="stmt"/>
        <line num="371" count="0" type="stmt"/>
        <line num="374" count="0" type="stmt"/>
        <line num="384" count="1" type="stmt"/>
        <line num="385" count="0" type="stmt"/>
        <line num="386" count="0" type="stmt"/>
        <line num="387" count="0" type="stmt"/>
        <line num="388" count="0" type="stmt"/>
        <line num="392" count="1" type="stmt"/>
        <line num="393" count="0" type="stmt"/>
        <line num="394" count="0" type="cond" truecount="0" falsecount="1"/>
        <line num="395" count="0" type="stmt"/>
        <line num="396" count="0" type="stmt"/>
        <line num="400" count="0" type="stmt"/>
        <line num="401" count="0" type="stmt"/>
        <line num="405" count="0" type="stmt"/>
        <line num="406" count="0" type="stmt"/>
        <line num="407" count="0" type="stmt"/>
        <line num="411" count="0" type="stmt"/>
        <line num="413" count="0" type="stmt"/>
        <line num="416" count="0" type="stmt"/>
        <line num="426" count="1" type="stmt"/>
        <line num="427" count="0" type="stmt"/>
        <line num="428" count="0" type="stmt"/>
        <line num="429" count="0" type="stmt"/>
        <line num="430" count="0" type="stmt"/>
        <line num="434" count="1" type="stmt"/>
        <line num="435" count="0" type="stmt"/>
        <line num="436" count="0" type="cond" truecount="0" falsecount="1"/>
        <line num="437" count="0" type="stmt"/>
        <line num="438" count="0" type="stmt"/>
        <line num="442" count="0" type="stmt"/>
        <line num="443" count="0" type="stmt"/>
        <line num="447" count="0" type="stmt"/>
        <line num="448" count="0" type="stmt"/>
        <line num="449" count="0" type="stmt"/>
        <line num="453" count="0" type="stmt"/>
        <line num="455" count="0" type="stmt"/>
        <line num="458" count="0" type="stmt"/>
        <line num="468" count="1" type="stmt"/>
        <line num="469" count="0" type="stmt"/>
        <line num="470" count="0" type="stmt"/>
        <line num="471" count="0" type="stmt"/>
        <line num="472" count="0" type="stmt"/>
        <line num="476" count="1" type="stmt"/>
        <line num="477" count="0" type="stmt"/>
        <line num="478" count="0" type="cond" truecount="0" falsecount="1"/>
        <line num="479" count="0" type="stmt"/>
        <line num="480" count="0" type="stmt"/>
        <line num="484" count="0" type="stmt"/>
        <line num="485" count="0" type="stmt"/>
        <line num="489" count="0" type="stmt"/>
        <line num="490" count="0" type="stmt"/>
        <line num="491" count="0" type="stmt"/>
        <line num="495" count="0" type="stmt"/>
        <line num="497" count="0" type="stmt"/>
        <line num="500" count="0" type="stmt"/>
        <line num="511" count="1" type="stmt"/>
        <line num="512" count="0" type="stmt"/>
        <line num="513" count="0" type="stmt"/>
        <line num="514" count="0" type="stmt"/>
        <line num="515" count="0" type="stmt"/>
        <line num="516" count="0" type="stmt"/>
        <line num="520" count="1" type="stmt"/>
        <line num="521" count="0" type="stmt"/>
        <line num="522" count="0" type="cond" truecount="0" falsecount="1"/>
        <line num="523" count="0" type="stmt"/>
        <line num="524" count="0" type="stmt"/>
        <line num="525" count="0" type="stmt"/>
        <line num="529" count="0" type="stmt"/>
        <line num="530" count="0" type="stmt"/>
        <line num="531" count="0" type="stmt"/>
        <line num="535" count="0" type="stmt"/>
        <line num="536" count="0" type="stmt"/>
        <line num="537" count="0" type="stmt"/>
        <line num="538" count="0" type="stmt"/>
        <line num="542" count="0" type="stmt"/>
        <line num="544" count="0" type="stmt"/>
        <line num="547" count="0" type="stmt"/>
        <line num="558" count="1" type="stmt"/>
        <line num="559" count="0" type="stmt"/>
        <line num="560" count="0" type="stmt"/>
        <line num="561" count="0" type="stmt"/>
        <line num="562" count="0" type="stmt"/>
        <line num="563" count="0" type="stmt"/>
        <line num="567" count="1" type="stmt"/>
        <line num="568" count="0" type="stmt"/>
        <line num="569" count="0" type="cond" truecount="0" falsecount="1"/>
        <line num="570" count="0" type="stmt"/>
        <line num="571" count="0" type="stmt"/>
        <line num="572" count="0" type="stmt"/>
        <line num="576" count="0" type="stmt"/>
        <line num="577" count="0" type="stmt"/>
        <line num="578" count="0" type="stmt"/>
        <line num="582" count="0" type="stmt"/>
        <line num="583" count="0" type="stmt"/>
        <line num="584" count="0" type="stmt"/>
        <line num="585" count="0" type="stmt"/>
        <line num="589" count="0" type="stmt"/>
        <line num="591" count="0" type="stmt"/>
        <line num="594" count="0" type="stmt"/>
        <line num="604" count="1" type="stmt"/>
        <line num="605" count="0" type="stmt"/>
        <line num="606" count="0" type="stmt"/>
        <line num="607" count="0" type="stmt"/>
        <line num="608" count="0" type="stmt"/>
        <line num="612" count="1" type="stmt"/>
        <line num="613" count="0" type="stmt"/>
        <line num="614" count="0" type="cond" truecount="0" falsecount="1"/>
        <line num="615" count="0" type="stmt"/>
        <line num="616" count="0" type="stmt"/>
        <line num="620" count="0" type="stmt"/>
        <line num="621" count="0" type="stmt"/>
        <line num="625" count="0" type="stmt"/>
        <line num="626" count="0" type="stmt"/>
        <line num="627" count="0" type="stmt"/>
        <line num="631" count="0" type="stmt"/>
        <line num="633" count="0" type="stmt"/>
        <line num="636" count="0" type="stmt"/>
        <line num="652" count="1" type="stmt"/>
        <line num="653" count="0" type="stmt"/>
        <line num="654" count="0" type="stmt"/>
        <line num="655" count="0" type="stmt"/>
        <line num="656" count="0" type="stmt"/>
        <line num="657" count="0" type="stmt"/>
        <line num="658" count="0" type="stmt"/>
        <line num="659" count="0" type="stmt"/>
        <line num="660" count="0" type="cond" truecount="0" falsecount="4"/>
        <line num="661" count="0" type="stmt"/>
        <line num="662" count="0" type="stmt"/>
        <line num="666" count="1" type="stmt"/>
        <line num="667" count="0" type="stmt"/>
        <line num="668" count="0" type="cond" truecount="0" falsecount="1"/>
        <line num="669" count="0" type="stmt"/>
        <line num="670" count="0" type="stmt"/>
        <line num="671" count="0" type="stmt"/>
        <line num="672" count="0" type="stmt"/>
        <line num="673" count="0" type="cond" truecount="0" falsecount="2"/>
        <line num="674" count="0" type="stmt"/>
        <line num="675" count="0" type="stmt"/>
        <line num="676" count="0" type="stmt"/>
        <line num="680" count="0" type="stmt"/>
        <line num="681" count="0" type="stmt"/>
        <line num="682" count="0" type="stmt"/>
        <line num="683" count="0" type="stmt"/>
        <line num="684" count="0" type="stmt"/>
        <line num="685" count="0" type="stmt"/>
        <line num="686" count="0" type="stmt"/>
        <line num="687" count="0" type="stmt"/>
        <line num="691" count="0" type="stmt"/>
        <line num="692" count="0" type="stmt"/>
        <line num="693" count="0" type="stmt"/>
        <line num="694" count="0" type="stmt"/>
        <line num="695" count="0" type="stmt"/>
        <line num="696" count="0" type="stmt"/>
        <line num="697" count="0" type="stmt"/>
        <line num="698" count="0" type="stmt"/>
        <line num="699" count="0" type="stmt"/>
        <line num="703" count="0" type="stmt"/>
        <line num="705" count="0" type="stmt"/>
        <line num="708" count="0" type="stmt"/>
        <line num="723" count="1" type="stmt"/>
        <line num="724" count="0" type="stmt"/>
        <line num="725" count="0" type="stmt"/>
        <line num="726" count="0" type="stmt"/>
        <line num="727" count="0" type="stmt"/>
        <line num="728" count="0" type="stmt"/>
        <line num="729" count="0" type="stmt"/>
        <line num="730" count="0" type="stmt"/>
        <line num="731" count="0" type="stmt"/>
        <line num="732" count="0" type="stmt"/>
        <line num="736" count="1" type="stmt"/>
        <line num="737" count="0" type="stmt"/>
        <line num="738" count="0" type="cond" truecount="0" falsecount="1"/>
        <line num="739" count="0" type="stmt"/>
        <line num="740" count="0" type="stmt"/>
        <line num="741" count="0" type="stmt"/>
        <line num="742" count="0" type="stmt"/>
        <line num="743" count="0" type="stmt"/>
        <line num="744" count="0" type="stmt"/>
        <line num="745" count="0" type="stmt"/>
        <line num="749" count="0" type="stmt"/>
        <line num="750" count="0" type="stmt"/>
        <line num="751" count="0" type="stmt"/>
        <line num="752" count="0" type="stmt"/>
        <line num="753" count="0" type="stmt"/>
        <line num="754" count="0" type="stmt"/>
        <line num="755" count="0" type="stmt"/>
        <line num="759" count="0" type="stmt"/>
        <line num="760" count="0" type="stmt"/>
        <line num="761" count="0" type="stmt"/>
        <line num="762" count="0" type="stmt"/>
        <line num="763" count="0" type="stmt"/>
        <line num="764" count="0" type="stmt"/>
        <line num="765" count="0" type="stmt"/>
        <line num="766" count="0" type="stmt"/>
        <line num="770" count="0" type="stmt"/>
        <line num="772" count="0" type="stmt"/>
        <line num="775" count="0" type="stmt"/>
        <line num="788" count="1" type="stmt"/>
        <line num="789" count="0" type="stmt"/>
        <line num="790" count="0" type="stmt"/>
        <line num="791" count="0" type="stmt"/>
        <line num="792" count="0" type="stmt"/>
        <line num="793" count="0" type="stmt"/>
        <line num="794" count="0" type="stmt"/>
        <line num="795" count="0" type="stmt"/>
        <line num="799" count="1" type="stmt"/>
        <line num="800" count="0" type="stmt"/>
        <line num="801" count="0" type="cond" truecount="0" falsecount="1"/>
        <line num="802" count="0" type="stmt"/>
        <line num="803" count="0" type="stmt"/>
        <line num="804" count="0" type="stmt"/>
        <line num="805" count="0" type="stmt"/>
        <line num="806" count="0" type="stmt"/>
        <line num="810" count="0" type="stmt"/>
        <line num="811" count="0" type="stmt"/>
        <line num="812" count="0" type="stmt"/>
        <line num="813" count="0" type="stmt"/>
        <line num="814" count="0" type="stmt"/>
        <line num="818" count="0" type="stmt"/>
        <line num="819" count="0" type="stmt"/>
        <line num="820" count="0" type="stmt"/>
        <line num="821" count="0" type="stmt"/>
        <line num="822" count="0" type="stmt"/>
        <line num="823" count="0" type="stmt"/>
        <line num="827" count="0" type="stmt"/>
        <line num="829" count="0" type="stmt"/>
        <line num="832" count="0" type="stmt"/>
        <line num="845" count="1" type="stmt"/>
        <line num="846" count="0" type="stmt"/>
        <line num="847" count="0" type="stmt"/>
        <line num="848" count="0" type="stmt"/>
        <line num="849" count="0" type="stmt"/>
        <line num="850" count="0" type="stmt"/>
        <line num="851" count="0" type="stmt"/>
        <line num="852" count="0" type="stmt"/>
        <line num="856" count="1" type="stmt"/>
        <line num="857" count="0" type="stmt"/>
        <line num="858" count="0" type="cond" truecount="0" falsecount="1"/>
        <line num="859" count="0" type="stmt"/>
        <line num="860" count="0" type="stmt"/>
        <line num="861" count="0" type="stmt"/>
        <line num="862" count="0" type="stmt"/>
        <line num="863" count="0" type="stmt"/>
        <line num="867" count="0" type="stmt"/>
        <line num="868" count="0" type="stmt"/>
        <line num="869" count="0" type="stmt"/>
        <line num="870" count="0" type="stmt"/>
        <line num="871" count="0" type="stmt"/>
        <line num="875" count="0" type="stmt"/>
        <line num="876" count="0" type="stmt"/>
        <line num="877" count="0" type="stmt"/>
        <line num="878" count="0" type="stmt"/>
        <line num="879" count="0" type="stmt"/>
        <line num="880" count="0" type="stmt"/>
        <line num="884" count="0" type="stmt"/>
        <line num="886" count="0" type="stmt"/>
        <line num="889" count="0" type="stmt"/>
        <line num="902" count="1" type="stmt"/>
        <line num="903" count="0" type="stmt"/>
        <line num="904" count="0" type="stmt"/>
        <line num="905" count="0" type="stmt"/>
        <line num="906" count="0" type="stmt"/>
        <line num="907" count="0" type="stmt"/>
        <line num="908" count="0" type="stmt"/>
        <line num="909" count="0" type="stmt"/>
        <line num="913" count="1" type="stmt"/>
        <line num="914" count="0" type="stmt"/>
        <line num="915" count="0" type="cond" truecount="0" falsecount="1"/>
        <line num="916" count="0" type="stmt"/>
        <line num="917" count="0" type="stmt"/>
        <line num="918" count="0" type="stmt"/>
        <line num="919" count="0" type="stmt"/>
        <line num="920" count="0" type="stmt"/>
        <line num="924" count="0" type="stmt"/>
        <line num="925" count="0" type="stmt"/>
        <line num="926" count="0" type="stmt"/>
        <line num="927" count="0" type="stmt"/>
        <line num="928" count="0" type="stmt"/>
        <line num="932" count="0" type="stmt"/>
        <line num="933" count="0" type="stmt"/>
        <line num="934" count="0" type="stmt"/>
        <line num="935" count="0" type="stmt"/>
        <line num="936" count="0" type="stmt"/>
        <line num="937" count="0" type="stmt"/>
        <line num="941" count="0" type="stmt"/>
        <line num="943" count="0" type="stmt"/>
        <line num="946" count="0" type="stmt"/>
        <line num="956" count="1" type="stmt"/>
        <line num="957" count="0" type="stmt"/>
        <line num="958" count="0" type="stmt"/>
        <line num="959" count="0" type="stmt"/>
        <line num="960" count="0" type="stmt"/>
        <line num="964" count="1" type="stmt"/>
        <line num="965" count="0" type="stmt"/>
        <line num="966" count="0" type="cond" truecount="0" falsecount="1"/>
        <line num="967" count="0" type="stmt"/>
        <line num="968" count="0" type="stmt"/>
        <line num="972" count="0" type="stmt"/>
        <line num="973" count="0" type="stmt"/>
        <line num="977" count="0" type="stmt"/>
        <line num="978" count="0" type="stmt"/>
        <line num="979" count="0" type="stmt"/>
        <line num="983" count="0" type="stmt"/>
        <line num="985" count="0" type="stmt"/>
        <line num="988" count="0" type="stmt"/>
        <line num="998" count="1" type="stmt"/>
        <line num="999" count="0" type="stmt"/>
        <line num="1000" count="0" type="stmt"/>
        <line num="1001" count="0" type="stmt"/>
        <line num="1002" count="0" type="stmt"/>
        <line num="1006" count="1" type="stmt"/>
        <line num="1007" count="0" type="stmt"/>
        <line num="1008" count="0" type="cond" truecount="0" falsecount="1"/>
        <line num="1009" count="0" type="stmt"/>
        <line num="1010" count="0" type="stmt"/>
        <line num="1014" count="0" type="stmt"/>
        <line num="1015" count="0" type="stmt"/>
        <line num="1019" count="0" type="stmt"/>
        <line num="1020" count="0" type="stmt"/>
        <line num="1021" count="0" type="stmt"/>
        <line num="1025" count="0" type="stmt"/>
        <line num="1027" count="0" type="stmt"/>
        <line num="1030" count="0" type="stmt"/>
        <line num="1040" count="1" type="stmt"/>
        <line num="1041" count="0" type="stmt"/>
        <line num="1042" count="0" type="stmt"/>
        <line num="1043" count="0" type="stmt"/>
        <line num="1044" count="0" type="stmt"/>
        <line num="1048" count="1" type="stmt"/>
        <line num="1049" count="0" type="stmt"/>
        <line num="1050" count="0" type="cond" truecount="0" falsecount="1"/>
        <line num="1051" count="0" type="stmt"/>
        <line num="1052" count="0" type="stmt"/>
        <line num="1056" count="0" type="stmt"/>
        <line num="1057" count="0" type="stmt"/>
        <line num="1061" count="0" type="stmt"/>
        <line num="1062" count="0" type="stmt"/>
        <line num="1063" count="0" type="stmt"/>
        <line num="1067" count="0" type="stmt"/>
        <line num="1069" count="0" type="stmt"/>
        <line num="1072" count="0" type="stmt"/>
        <line num="1085" count="1" type="stmt"/>
        <line num="1086" count="0" type="stmt"/>
        <line num="1087" count="0" type="stmt"/>
        <line num="1088" count="0" type="stmt"/>
        <line num="1089" count="0" type="stmt"/>
        <line num="1090" count="0" type="stmt"/>
        <line num="1091" count="0" type="stmt"/>
        <line num="1095" count="1" type="stmt"/>
        <line num="1096" count="0" type="stmt"/>
        <line num="1097" count="0" type="stmt"/>
        <line num="1098" count="0" type="stmt"/>
        <line num="1099" count="0" type="stmt"/>
        <line num="1100" count="0" type="stmt"/>
        <line num="1101" count="0" type="stmt"/>
        <line num="1105" count="0" type="stmt"/>
        <line num="1106" count="0" type="stmt"/>
        <line num="1107" count="0" type="stmt"/>
        <line num="1108" count="0" type="stmt"/>
        <line num="1109" count="0" type="stmt"/>
        <line num="1113" count="0" type="stmt"/>
        <line num="1114" count="0" type="stmt"/>
        <line num="1115" count="0" type="stmt"/>
        <line num="1116" count="0" type="stmt"/>
        <line num="1117" count="0" type="stmt"/>
        <line num="1118" count="0" type="stmt"/>
        <line num="1122" count="0" type="stmt"/>
        <line num="1124" count="0" type="stmt"/>
        <line num="1127" count="0" type="stmt"/>
        <line num="1138" count="1" type="stmt"/>
        <line num="1139" count="0" type="stmt"/>
        <line num="1140" count="0" type="stmt"/>
        <line num="1141" count="0" type="stmt"/>
        <line num="1142" count="0" type="stmt"/>
        <line num="1143" count="0" type="stmt"/>
        <line num="1147" count="1" type="stmt"/>
        <line num="1148" count="0" type="stmt"/>
        <line num="1149" count="0" type="cond" truecount="0" falsecount="1"/>
        <line num="1150" count="0" type="stmt"/>
        <line num="1151" count="0" type="stmt"/>
        <line num="1152" count="0" type="stmt"/>
        <line num="1156" count="0" type="stmt"/>
        <line num="1157" count="0" type="stmt"/>
        <line num="1158" count="0" type="stmt"/>
        <line num="1162" count="0" type="stmt"/>
        <line num="1163" count="0" type="stmt"/>
        <line num="1164" count="0" type="stmt"/>
        <line num="1165" count="0" type="stmt"/>
        <line num="1169" count="0" type="stmt"/>
        <line num="1171" count="0" type="stmt"/>
        <line num="1174" count="0" type="stmt"/>
        <line num="1188" count="1" type="stmt"/>
        <line num="1189" count="0" type="stmt"/>
        <line num="1190" count="0" type="stmt"/>
        <line num="1191" count="0" type="stmt"/>
        <line num="1192" count="0" type="stmt"/>
        <line num="1193" count="0" type="stmt"/>
        <line num="1194" count="0" type="stmt"/>
        <line num="1195" count="0" type="stmt"/>
        <line num="1199" count="1" type="stmt"/>
        <line num="1200" count="0" type="stmt"/>
        <line num="1201" count="0" type="stmt"/>
        <line num="1202" count="0" type="stmt"/>
        <line num="1203" count="0" type="stmt"/>
        <line num="1204" count="0" type="stmt"/>
        <line num="1205" count="0" type="stmt"/>
        <line num="1206" count="0" type="stmt"/>
        <line num="1210" count="0" type="stmt"/>
        <line num="1211" count="0" type="stmt"/>
        <line num="1212" count="0" type="stmt"/>
        <line num="1213" count="0" type="stmt"/>
        <line num="1214" count="0" type="stmt"/>
        <line num="1215" count="0" type="stmt"/>
        <line num="1219" count="0" type="stmt"/>
        <line num="1220" count="0" type="stmt"/>
        <line num="1221" count="0" type="stmt"/>
        <line num="1222" count="0" type="stmt"/>
        <line num="1223" count="0" type="stmt"/>
        <line num="1224" count="0" type="stmt"/>
        <line num="1225" count="0" type="stmt"/>
        <line num="1229" count="0" type="stmt"/>
        <line num="1231" count="0" type="stmt"/>
        <line num="1234" count="0" type="stmt"/>
        <line num="1246" count="0" type="stmt"/>
        <line num="1247" count="0" type="stmt"/>
        <line num="1248" count="0" type="stmt"/>
        <line num="1249" count="0" type="stmt"/>
        <line num="1254" count="0" type="stmt"/>
        <line num="1255" count="0" type="stmt"/>
        <line num="1256" count="0" type="stmt"/>
        <line num="1257" count="0" type="stmt"/>
        <line num="1258" count="0" type="stmt"/>
        <line num="1259" count="0" type="stmt"/>
        <line num="1260" count="0" type="stmt"/>
        <line num="1261" count="0" type="stmt"/>
        <line num="1264" count="1" type="stmt"/>
        <line num="1299" count="1" type="stmt"/>
        <line num="1326" count="1" type="stmt"/>
        <line num="1331" count="1" type="stmt"/>
        <line num="1336" count="1" type="stmt"/>
        <line num="1342" count="1" type="stmt"/>
        <line num="1345" count="0" type="stmt"/>
        <line num="1349" count="0" type="stmt"/>
        <line num="1350" count="0" type="stmt"/>
        <line num="1351" count="0" type="stmt"/>
        <line num="1355" count="0" type="stmt"/>
        <line num="1360" count="0" type="stmt"/>
        <line num="1368" count="0" type="stmt"/>
        <line num="1369" count="0" type="stmt"/>
        <line num="1374" count="0" type="stmt"/>
        <line num="1375" count="0" type="cond" truecount="0" falsecount="5"/>
        <line num="1376" count="0" type="stmt"/>
        <line num="1378" count="0" type="cond" truecount="0" falsecount="5"/>
        <line num="1379" count="0" type="stmt"/>
        <line num="1381" count="0" type="cond" truecount="0" falsecount="5"/>
        <line num="1382" count="0" type="stmt"/>
        <line num="1384" count="0" type="cond" truecount="0" falsecount="1"/>
        <line num="1386" count="0" type="stmt"/>
        <line num="1391" count="0" type="stmt"/>
        <line num="1392" count="0" type="stmt"/>
        <line num="1393" count="0" type="stmt"/>
        <line num="1394" count="0" type="stmt"/>
        <line num="1395" count="0" type="stmt"/>
        <line num="1399" count="0" type="stmt"/>
        <line num="1400" count="0" type="stmt"/>
        <line num="1401" count="0" type="stmt"/>
        <line num="1402" count="0" type="stmt"/>
      </file>
      <file name="tact_SampleJetton.ts" path="/Users/nikitapoznyakov/Desktop/work/KadysTON/build/Jetton/tact_SampleJetton.ts">
        <metrics statements="646" coveredstatements="55" conditionals="58" coveredconditionals="0" methods="203" coveredmethods="0"/>
        <line num="1" count="1" type="stmt"/>
        <line num="29" count="1" type="stmt"/>
        <line num="30" count="0" type="stmt"/>
        <line num="31" count="0" type="stmt"/>
        <line num="32" count="0" type="stmt"/>
        <line num="33" count="0" type="stmt"/>
        <line num="37" count="1" type="stmt"/>
        <line num="38" count="0" type="stmt"/>
        <line num="39" count="0" type="stmt"/>
        <line num="40" count="0" type="stmt"/>
        <line num="41" count="0" type="stmt"/>
        <line num="45" count="0" type="stmt"/>
        <line num="46" count="0" type="stmt"/>
        <line num="47" count="0" type="stmt"/>
        <line num="51" count="0" type="stmt"/>
        <line num="52" count="0" type="stmt"/>
        <line num="53" count="0" type="stmt"/>
        <line num="54" count="0" type="stmt"/>
        <line num="58" count="0" type="stmt"/>
        <line num="60" count="0" type="stmt"/>
        <line num="63" count="0" type="stmt"/>
        <line num="76" count="1" type="stmt"/>
        <line num="77" count="0" type="stmt"/>
        <line num="78" count="0" type="stmt"/>
        <line num="79" count="0" type="stmt"/>
        <line num="80" count="0" type="stmt"/>
        <line num="81" count="0" type="stmt"/>
        <line num="82" count="0" type="stmt"/>
        <line num="86" count="1" type="stmt"/>
        <line num="87" count="0" type="stmt"/>
        <line num="88" count="0" type="stmt"/>
        <line num="89" count="0" type="stmt"/>
        <line num="90" count="0" type="stmt"/>
        <line num="91" count="0" type="stmt"/>
        <line num="92" count="0" type="stmt"/>
        <line num="96" count="0" type="stmt"/>
        <line num="97" count="0" type="stmt"/>
        <line num="98" count="0" type="stmt"/>
        <line num="99" count="0" type="stmt"/>
        <line num="100" count="0" type="stmt"/>
        <line num="104" count="0" type="stmt"/>
        <line num="105" count="0" type="stmt"/>
        <line num="106" count="0" type="stmt"/>
        <line num="107" count="0" type="stmt"/>
        <line num="108" count="0" type="stmt"/>
        <line num="109" count="0" type="stmt"/>
        <line num="113" count="0" type="stmt"/>
        <line num="115" count="0" type="stmt"/>
        <line num="118" count="0" type="stmt"/>
        <line num="134" count="1" type="stmt"/>
        <line num="135" count="0" type="stmt"/>
        <line num="136" count="0" type="stmt"/>
        <line num="137" count="0" type="stmt"/>
        <line num="138" count="0" type="stmt"/>
        <line num="139" count="0" type="stmt"/>
        <line num="140" count="0" type="stmt"/>
        <line num="141" count="0" type="cond" truecount="0" falsecount="4"/>
        <line num="142" count="0" type="cond" truecount="0" falsecount="4"/>
        <line num="143" count="0" type="cond" truecount="0" falsecount="4"/>
        <line num="147" count="1" type="stmt"/>
        <line num="148" count="0" type="stmt"/>
        <line num="149" count="0" type="stmt"/>
        <line num="150" count="0" type="stmt"/>
        <line num="151" count="0" type="stmt"/>
        <line num="152" count="0" type="stmt"/>
        <line num="153" count="0" type="cond" truecount="0" falsecount="2"/>
        <line num="154" count="0" type="cond" truecount="0" falsecount="2"/>
        <line num="155" count="0" type="cond" truecount="0" falsecount="2"/>
        <line num="156" count="0" type="stmt"/>
        <line num="160" count="0" type="stmt"/>
        <line num="161" count="0" type="stmt"/>
        <line num="162" count="0" type="stmt"/>
        <line num="163" count="0" type="stmt"/>
        <line num="164" count="0" type="stmt"/>
        <line num="165" count="0" type="stmt"/>
        <line num="166" count="0" type="stmt"/>
        <line num="167" count="0" type="stmt"/>
        <line num="171" count="0" type="stmt"/>
        <line num="172" count="0" type="stmt"/>
        <line num="173" count="0" type="stmt"/>
        <line num="174" count="0" type="stmt"/>
        <line num="175" count="0" type="stmt"/>
        <line num="176" count="0" type="stmt"/>
        <line num="177" count="0" type="stmt"/>
        <line num="178" count="0" type="stmt"/>
        <line num="179" count="0" type="stmt"/>
        <line num="183" count="0" type="stmt"/>
        <line num="185" count="0" type="stmt"/>
        <line num="188" count="0" type="stmt"/>
        <line num="199" count="1" type="stmt"/>
        <line num="200" count="0" type="stmt"/>
        <line num="201" count="0" type="stmt"/>
        <line num="202" count="0" type="stmt"/>
        <line num="203" count="0" type="stmt"/>
        <line num="204" count="0" type="stmt"/>
        <line num="208" count="1" type="stmt"/>
        <line num="209" count="0" type="stmt"/>
        <line num="210" count="0" type="cond" truecount="0" falsecount="1"/>
        <line num="211" count="0" type="stmt"/>
        <line num="212" count="0" type="stmt"/>
        <line num="213" count="0" type="stmt"/>
        <line num="217" count="0" type="stmt"/>
        <line num="218" count="0" type="stmt"/>
        <line num="219" count="0" type="stmt"/>
        <line num="223" count="0" type="stmt"/>
        <line num="224" count="0" type="stmt"/>
        <line num="225" count="0" type="stmt"/>
        <line num="226" count="0" type="stmt"/>
        <line num="230" count="0" type="stmt"/>
        <line num="232" count="0" type="stmt"/>
        <line num="235" count="0" type="stmt"/>
        <line num="246" count="1" type="stmt"/>
        <line num="247" count="0" type="stmt"/>
        <line num="248" count="0" type="stmt"/>
        <line num="249" count="0" type="stmt"/>
        <line num="250" count="0" type="stmt"/>
        <line num="251" count="0" type="stmt"/>
        <line num="255" count="1" type="stmt"/>
        <line num="256" count="0" type="stmt"/>
        <line num="257" count="0" type="cond" truecount="0" falsecount="1"/>
        <line num="258" count="0" type="stmt"/>
        <line num="259" count="0" type="stmt"/>
        <line num="260" count="0" type="stmt"/>
        <line num="264" count="0" type="stmt"/>
        <line num="265" count="0" type="stmt"/>
        <line num="266" count="0" type="stmt"/>
        <line num="270" count="0" type="stmt"/>
        <line num="271" count="0" type="stmt"/>
        <line num="272" count="0" type="stmt"/>
        <line num="273" count="0" type="stmt"/>
        <line num="277" count="0" type="stmt"/>
        <line num="279" count="0" type="stmt"/>
        <line num="282" count="0" type="stmt"/>
        <line num="293" count="1" type="stmt"/>
        <line num="294" count="0" type="stmt"/>
        <line num="295" count="0" type="stmt"/>
        <line num="296" count="0" type="stmt"/>
        <line num="297" count="0" type="stmt"/>
        <line num="301" count="1" type="stmt"/>
        <line num="302" count="0" type="stmt"/>
        <line num="303" count="0" type="stmt"/>
        <line num="304" count="0" type="stmt"/>
        <line num="305" count="0" type="stmt"/>
        <line num="309" count="0" type="stmt"/>
        <line num="310" count="0" type="stmt"/>
        <line num="311" count="0" type="stmt"/>
        <line num="315" count="0" type="stmt"/>
        <line num="316" count="0" type="stmt"/>
        <line num="317" count="0" type="stmt"/>
        <line num="318" count="0" type="stmt"/>
        <line num="322" count="0" type="stmt"/>
        <line num="324" count="0" type="stmt"/>
        <line num="327" count="0" type="stmt"/>
        <line num="338" count="1" type="stmt"/>
        <line num="339" count="0" type="stmt"/>
        <line num="340" count="0" type="stmt"/>
        <line num="341" count="0" type="stmt"/>
        <line num="342" count="0" type="stmt"/>
        <line num="343" count="0" type="stmt"/>
        <line num="347" count="1" type="stmt"/>
        <line num="348" count="0" type="stmt"/>
        <line num="349" count="0" type="cond" truecount="0" falsecount="1"/>
        <line num="350" count="0" type="stmt"/>
        <line num="351" count="0" type="stmt"/>
        <line num="352" count="0" type="stmt"/>
        <line num="356" count="0" type="stmt"/>
        <line num="357" count="0" type="stmt"/>
        <line num="358" count="0" type="stmt"/>
        <line num="362" count="0" type="stmt"/>
        <line num="363" count="0" type="stmt"/>
        <line num="364" count="0" type="stmt"/>
        <line num="365" count="0" type="stmt"/>
        <line num="369" count="0" type="stmt"/>
        <line num="371" count="0" type="stmt"/>
        <line num="374" count="0" type="stmt"/>
        <line num="384" count="1" type="stmt"/>
        <line num="385" count="0" type="stmt"/>
        <line num="386" count="0" type="stmt"/>
        <line num="387" count="0" type="stmt"/>
        <line num="388" count="0" type="stmt"/>
        <line num="392" count="1" type="stmt"/>
        <line num="393" count="0" type="stmt"/>
        <line num="394" count="0" type="cond" truecount="0" falsecount="1"/>
        <line num="395" count="0" type="stmt"/>
        <line num="396" count="0" type="stmt"/>
        <line num="400" count="0" type="stmt"/>
        <line num="401" count="0" type="stmt"/>
        <line num="405" count="0" type="stmt"/>
        <line num="406" count="0" type="stmt"/>
        <line num="407" count="0" type="stmt"/>
        <line num="411" count="0" type="stmt"/>
        <line num="413" count="0" type="stmt"/>
        <line num="416" count="0" type="stmt"/>
        <line num="426" count="1" type="stmt"/>
        <line num="427" count="0" type="stmt"/>
        <line num="428" count="0" type="stmt"/>
        <line num="429" count="0" type="stmt"/>
        <line num="430" count="0" type="stmt"/>
        <line num="434" count="1" type="stmt"/>
        <line num="435" count="0" type="stmt"/>
        <line num="436" count="0" type="cond" truecount="0" falsecount="1"/>
        <line num="437" count="0" type="stmt"/>
        <line num="438" count="0" type="stmt"/>
        <line num="442" count="0" type="stmt"/>
        <line num="443" count="0" type="stmt"/>
        <line num="447" count="0" type="stmt"/>
        <line num="448" count="0" type="stmt"/>
        <line num="449" count="0" type="stmt"/>
        <line num="453" count="0" type="stmt"/>
        <line num="455" count="0" type="stmt"/>
        <line num="458" count="0" type="stmt"/>
        <line num="468" count="1" type="stmt"/>
        <line num="469" count="0" type="stmt"/>
        <line num="470" count="0" type="stmt"/>
        <line num="471" count="0" type="stmt"/>
        <line num="472" count="0" type="stmt"/>
        <line num="476" count="1" type="stmt"/>
        <line num="477" count="0" type="stmt"/>
        <line num="478" count="0" type="cond" truecount="0" falsecount="1"/>
        <line num="479" count="0" type="stmt"/>
        <line num="480" count="0" type="stmt"/>
        <line num="484" count="0" type="stmt"/>
        <line num="485" count="0" type="stmt"/>
        <line num="489" count="0" type="stmt"/>
        <line num="490" count="0" type="stmt"/>
        <line num="491" count="0" type="stmt"/>
        <line num="495" count="0" type="stmt"/>
        <line num="497" count="0" type="stmt"/>
        <line num="500" count="0" type="stmt"/>
        <line num="511" count="1" type="stmt"/>
        <line num="512" count="0" type="stmt"/>
        <line num="513" count="0" type="stmt"/>
        <line num="514" count="0" type="stmt"/>
        <line num="515" count="0" type="stmt"/>
        <line num="516" count="0" type="stmt"/>
        <line num="520" count="1" type="stmt"/>
        <line num="521" count="0" type="stmt"/>
        <line num="522" count="0" type="cond" truecount="0" falsecount="1"/>
        <line num="523" count="0" type="stmt"/>
        <line num="524" count="0" type="stmt"/>
        <line num="525" count="0" type="stmt"/>
        <line num="529" count="0" type="stmt"/>
        <line num="530" count="0" type="stmt"/>
        <line num="531" count="0" type="stmt"/>
        <line num="535" count="0" type="stmt"/>
        <line num="536" count="0" type="stmt"/>
        <line num="537" count="0" type="stmt"/>
        <line num="538" count="0" type="stmt"/>
        <line num="542" count="0" type="stmt"/>
        <line num="544" count="0" type="stmt"/>
        <line num="547" count="0" type="stmt"/>
        <line num="558" count="1" type="stmt"/>
        <line num="559" count="0" type="stmt"/>
        <line num="560" count="0" type="stmt"/>
        <line num="561" count="0" type="stmt"/>
        <line num="562" count="0" type="stmt"/>
        <line num="563" count="0" type="stmt"/>
        <line num="567" count="1" type="stmt"/>
        <line num="568" count="0" type="stmt"/>
        <line num="569" count="0" type="cond" truecount="0" falsecount="1"/>
        <line num="570" count="0" type="stmt"/>
        <line num="571" count="0" type="stmt"/>
        <line num="572" count="0" type="stmt"/>
        <line num="576" count="0" type="stmt"/>
        <line num="577" count="0" type="stmt"/>
        <line num="578" count="0" type="stmt"/>
        <line num="582" count="0" type="stmt"/>
        <line num="583" count="0" type="stmt"/>
        <line num="584" count="0" type="stmt"/>
        <line num="585" count="0" type="stmt"/>
        <line num="589" count="0" type="stmt"/>
        <line num="591" count="0" type="stmt"/>
        <line num="594" count="0" type="stmt"/>
        <line num="604" count="1" type="stmt"/>
        <line num="605" count="0" type="stmt"/>
        <line num="606" count="0" type="stmt"/>
        <line num="607" count="0" type="stmt"/>
        <line num="608" count="0" type="stmt"/>
        <line num="612" count="1" type="stmt"/>
        <line num="613" count="0" type="stmt"/>
        <line num="614" count="0" type="cond" truecount="0" falsecount="1"/>
        <line num="615" count="0" type="stmt"/>
        <line num="616" count="0" type="stmt"/>
        <line num="620" count="0" type="stmt"/>
        <line num="621" count="0" type="stmt"/>
        <line num="625" count="0" type="stmt"/>
        <line num="626" count="0" type="stmt"/>
        <line num="627" count="0" type="stmt"/>
        <line num="631" count="0" type="stmt"/>
        <line num="633" count="0" type="stmt"/>
        <line num="636" count="0" type="stmt"/>
        <line num="652" count="1" type="stmt"/>
        <line num="653" count="0" type="stmt"/>
        <line num="654" count="0" type="stmt"/>
        <line num="655" count="0" type="stmt"/>
        <line num="656" count="0" type="stmt"/>
        <line num="657" count="0" type="stmt"/>
        <line num="658" count="0" type="stmt"/>
        <line num="659" count="0" type="stmt"/>
        <line num="660" count="0" type="cond" truecount="0" falsecount="4"/>
        <line num="661" count="0" type="stmt"/>
        <line num="662" count="0" type="stmt"/>
        <line num="666" count="1" type="stmt"/>
        <line num="667" count="0" type="stmt"/>
        <line num="668" count="0" type="cond" truecount="0" falsecount="1"/>
        <line num="669" count="0" type="stmt"/>
        <line num="670" count="0" type="stmt"/>
        <line num="671" count="0" type="stmt"/>
        <line num="672" count="0" type="stmt"/>
        <line num="673" count="0" type="cond" truecount="0" falsecount="2"/>
        <line num="674" count="0" type="stmt"/>
        <line num="675" count="0" type="stmt"/>
        <line num="676" count="0" type="stmt"/>
        <line num="680" count="0" type="stmt"/>
        <line num="681" count="0" type="stmt"/>
        <line num="682" count="0" type="stmt"/>
        <line num="683" count="0" type="stmt"/>
        <line num="684" count="0" type="stmt"/>
        <line num="685" count="0" type="stmt"/>
        <line num="686" count="0" type="stmt"/>
        <line num="687" count="0" type="stmt"/>
        <line num="691" count="0" type="stmt"/>
        <line num="692" count="0" type="stmt"/>
        <line num="693" count="0" type="stmt"/>
        <line num="694" count="0" type="stmt"/>
        <line num="695" count="0" type="stmt"/>
        <line num="696" count="0" type="stmt"/>
        <line num="697" count="0" type="stmt"/>
        <line num="698" count="0" type="stmt"/>
        <line num="699" count="0" type="stmt"/>
        <line num="703" count="0" type="stmt"/>
        <line num="705" count="0" type="stmt"/>
        <line num="708" count="0" type="stmt"/>
        <line num="723" count="1" type="stmt"/>
        <line num="724" count="0" type="stmt"/>
        <line num="725" count="0" type="stmt"/>
        <line num="726" count="0" type="stmt"/>
        <line num="727" count="0" type="stmt"/>
        <line num="728" count="0" type="stmt"/>
        <line num="729" count="0" type="stmt"/>
        <line num="730" count="0" type="stmt"/>
        <line num="731" count="0" type="stmt"/>
        <line num="732" count="0" type="stmt"/>
        <line num="736" count="1" type="stmt"/>
        <line num="737" count="0" type="stmt"/>
        <line num="738" count="0" type="cond" truecount="0" falsecount="1"/>
        <line num="739" count="0" type="stmt"/>
        <line num="740" count="0" type="stmt"/>
        <line num="741" count="0" type="stmt"/>
        <line num="742" count="0" type="stmt"/>
        <line num="743" count="0" type="stmt"/>
        <line num="744" count="0" type="stmt"/>
        <line num="745" count="0" type="stmt"/>
        <line num="749" count="0" type="stmt"/>
        <line num="750" count="0" type="stmt"/>
        <line num="751" count="0" type="stmt"/>
        <line num="752" count="0" type="stmt"/>
        <line num="753" count="0" type="stmt"/>
        <line num="754" count="0" type="stmt"/>
        <line num="755" count="0" type="stmt"/>
        <line num="759" count="0" type="stmt"/>
        <line num="760" count="0" type="stmt"/>
        <line num="761" count="0" type="stmt"/>
        <line num="762" count="0" type="stmt"/>
        <line num="763" count="0" type="stmt"/>
        <line num="764" count="0" type="stmt"/>
        <line num="765" count="0" type="stmt"/>
        <line num="766" count="0" type="stmt"/>
        <line num="770" count="0" type="stmt"/>
        <line num="772" count="0" type="stmt"/>
        <line num="775" count="0" type="stmt"/>
        <line num="788" count="1" type="stmt"/>
        <line num="789" count="0" type="stmt"/>
        <line num="790" count="0" type="stmt"/>
        <line num="791" count="0" type="stmt"/>
        <line num="792" count="0" type="stmt"/>
        <line num="793" count="0" type="stmt"/>
        <line num="794" count="0" type="stmt"/>
        <line num="795" count="0" type="stmt"/>
        <line num="799" count="1" type="stmt"/>
        <line num="800" count="0" type="stmt"/>
        <line num="801" count="0" type="cond" truecount="0" falsecount="1"/>
        <line num="802" count="0" type="stmt"/>
        <line num="803" count="0" type="stmt"/>
        <line num="804" count="0" type="stmt"/>
        <line num="805" count="0" type="stmt"/>
        <line num="806" count="0" type="stmt"/>
        <line num="810" count="0" type="stmt"/>
        <line num="811" count="0" type="stmt"/>
        <line num="812" count="0" type="stmt"/>
        <line num="813" count="0" type="stmt"/>
        <line num="814" count="0" type="stmt"/>
        <line num="818" count="0" type="stmt"/>
        <line num="819" count="0" type="stmt"/>
        <line num="820" count="0" type="stmt"/>
        <line num="821" count="0" type="stmt"/>
        <line num="822" count="0" type="stmt"/>
        <line num="823" count="0" type="stmt"/>
        <line num="827" count="0" type="stmt"/>
        <line num="829" count="0" type="stmt"/>
        <line num="832" count="0" type="stmt"/>
        <line num="845" count="1" type="stmt"/>
        <line num="846" count="0" type="stmt"/>
        <line num="847" count="0" type="stmt"/>
        <line num="848" count="0" type="stmt"/>
        <line num="849" count="0" type="stmt"/>
        <line num="850" count="0" type="stmt"/>
        <line num="851" count="0" type="stmt"/>
        <line num="852" count="0" type="stmt"/>
        <line num="856" count="1" type="stmt"/>
        <line num="857" count="0" type="stmt"/>
        <line num="858" count="0" type="cond" truecount="0" falsecount="1"/>
        <line num="859" count="0" type="stmt"/>
        <line num="860" count="0" type="stmt"/>
        <line num="861" count="0" type="stmt"/>
        <line num="862" count="0" type="stmt"/>
        <line num="863" count="0" type="stmt"/>
        <line num="867" count="0" type="stmt"/>
        <line num="868" count="0" type="stmt"/>
        <line num="869" count="0" type="stmt"/>
        <line num="870" count="0" type="stmt"/>
        <line num="871" count="0" type="stmt"/>
        <line num="875" count="0" type="stmt"/>
        <line num="876" count="0" type="stmt"/>
        <line num="877" count="0" type="stmt"/>
        <line num="878" count="0" type="stmt"/>
        <line num="879" count="0" type="stmt"/>
        <line num="880" count="0" type="stmt"/>
        <line num="884" count="0" type="stmt"/>
        <line num="886" count="0" type="stmt"/>
        <line num="889" count="0" type="stmt"/>
        <line num="902" count="1" type="stmt"/>
        <line num="903" count="0" type="stmt"/>
        <line num="904" count="0" type="stmt"/>
        <line num="905" count="0" type="stmt"/>
        <line num="906" count="0" type="stmt"/>
        <line num="907" count="0" type="stmt"/>
        <line num="908" count="0" type="stmt"/>
        <line num="909" count="0" type="stmt"/>
        <line num="913" count="1" type="stmt"/>
        <line num="914" count="0" type="stmt"/>
        <line num="915" count="0" type="cond" truecount="0" falsecount="1"/>
        <line num="916" count="0" type="stmt"/>
        <line num="917" count="0" type="stmt"/>
        <line num="918" count="0" type="stmt"/>
        <line num="919" count="0" type="stmt"/>
        <line num="920" count="0" type="stmt"/>
        <line num="924" count="0" type="stmt"/>
        <line num="925" count="0" type="stmt"/>
        <line num="926" count="0" type="stmt"/>
        <line num="927" count="0" type="stmt"/>
        <line num="928" count="0" type="stmt"/>
        <line num="932" count="0" type="stmt"/>
        <line num="933" count="0" type="stmt"/>
        <line num="934" count="0" type="stmt"/>
        <line num="935" count="0" type="stmt"/>
        <line num="936" count="0" type="stmt"/>
        <line num="937" count="0" type="stmt"/>
        <line num="941" count="0" type="stmt"/>
        <line num="943" count="0" type="stmt"/>
        <line num="946" count="0" type="stmt"/>
        <line num="956" count="1" type="stmt"/>
        <line num="957" count="0" type="stmt"/>
        <line num="958" count="0" type="stmt"/>
        <line num="959" count="0" type="stmt"/>
        <line num="960" count="0" type="stmt"/>
        <line num="964" count="1" type="stmt"/>
        <line num="965" count="0" type="stmt"/>
        <line num="966" count="0" type="cond" truecount="0" falsecount="1"/>
        <line num="967" count="0" type="stmt"/>
        <line num="968" count="0" type="stmt"/>
        <line num="972" count="0" type="stmt"/>
        <line num="973" count="0" type="stmt"/>
        <line num="977" count="0" type="stmt"/>
        <line num="978" count="0" type="stmt"/>
        <line num="979" count="0" type="stmt"/>
        <line num="983" count="0" type="stmt"/>
        <line num="985" count="0" type="stmt"/>
        <line num="988" count="0" type="stmt"/>
        <line num="998" count="1" type="stmt"/>
        <line num="999" count="0" type="stmt"/>
        <line num="1000" count="0" type="stmt"/>
        <line num="1001" count="0" type="stmt"/>
        <line num="1002" count="0" type="stmt"/>
        <line num="1006" count="1" type="stmt"/>
        <line num="1007" count="0" type="stmt"/>
        <line num="1008" count="0" type="cond" truecount="0" falsecount="1"/>
        <line num="1009" count="0" type="stmt"/>
        <line num="1010" count="0" type="stmt"/>
        <line num="1014" count="0" type="stmt"/>
        <line num="1015" count="0" type="stmt"/>
        <line num="1019" count="0" type="stmt"/>
        <line num="1020" count="0" type="stmt"/>
        <line num="1021" count="0" type="stmt"/>
        <line num="1025" count="0" type="stmt"/>
        <line num="1027" count="0" type="stmt"/>
        <line num="1030" count="0" type="stmt"/>
        <line num="1040" count="1" type="stmt"/>
        <line num="1041" count="0" type="stmt"/>
        <line num="1042" count="0" type="stmt"/>
        <line num="1043" count="0" type="stmt"/>
        <line num="1044" count="0" type="stmt"/>
        <line num="1048" count="1" type="stmt"/>
        <line num="1049" count="0" type="stmt"/>
        <line num="1050" count="0" type="cond" truecount="0" falsecount="1"/>
        <line num="1051" count="0" type="stmt"/>
        <line num="1052" count="0" type="stmt"/>
        <line num="1056" count="0" type="stmt"/>
        <line num="1057" count="0" type="stmt"/>
        <line num="1061" count="0" type="stmt"/>
        <line num="1062" count="0" type="stmt"/>
        <line num="1063" count="0" type="stmt"/>
        <line num="1067" count="0" type="stmt"/>
        <line num="1069" count="0" type="stmt"/>
        <line num="1072" count="0" type="stmt"/>
        <line num="1085" count="1" type="stmt"/>
        <line num="1086" count="0" type="stmt"/>
        <line num="1087" count="0" type="stmt"/>
        <line num="1088" count="0" type="stmt"/>
        <line num="1089" count="0" type="stmt"/>
        <line num="1090" count="0" type="stmt"/>
        <line num="1091" count="0" type="stmt"/>
        <line num="1095" count="1" type="stmt"/>
        <line num="1096" count="0" type="stmt"/>
        <line num="1097" count="0" type="stmt"/>
        <line num="1098" count="0" type="stmt"/>
        <line num="1099" count="0" type="stmt"/>
        <line num="1100" count="0" type="stmt"/>
        <line num="1101" count="0" type="stmt"/>
        <line num="1105" count="0" type="stmt"/>
        <line num="1106" count="0" type="stmt"/>
        <line num="1107" count="0" type="stmt"/>
        <line num="1108" count="0" type="stmt"/>
        <line num="1109" count="0" type="stmt"/>
        <line num="1113" count="0" type="stmt"/>
        <line num="1114" count="0" type="stmt"/>
        <line num="1115" count="0" type="stmt"/>
        <line num="1116" count="0" type="stmt"/>
        <line num="1117" count="0" type="stmt"/>
        <line num="1118" count="0" type="stmt"/>
        <line num="1122" count="0" type="stmt"/>
        <line num="1124" count="0" type="stmt"/>
        <line num="1127" count="0" type="stmt"/>
        <line num="1138" count="1" type="stmt"/>
        <line num="1139" count="0" type="stmt"/>
        <line num="1140" count="0" type="stmt"/>
        <line num="1141" count="0" type="stmt"/>
        <line num="1142" count="0" type="stmt"/>
        <line num="1143" count="0" type="stmt"/>
        <line num="1147" count="1" type="stmt"/>
        <line num="1148" count="0" type="stmt"/>
        <line num="1149" count="0" type="cond" truecount="0" falsecount="1"/>
        <line num="1150" count="0" type="stmt"/>
        <line num="1151" count="0" type="stmt"/>
        <line num="1152" count="0" type="stmt"/>
        <line num="1156" count="0" type="stmt"/>
        <line num="1157" count="0" type="stmt"/>
        <line num="1158" count="0" type="stmt"/>
        <line num="1162" count="0" type="stmt"/>
        <line num="1163" count="0" type="stmt"/>
        <line num="1164" count="0" type="stmt"/>
        <line num="1165" count="0" type="stmt"/>
        <line num="1169" count="0" type="stmt"/>
        <line num="1171" count="0" type="stmt"/>
        <line num="1174" count="0" type="stmt"/>
        <line num="1188" count="1" type="stmt"/>
        <line num="1189" count="0" type="stmt"/>
        <line num="1190" count="0" type="stmt"/>
        <line num="1191" count="0" type="stmt"/>
        <line num="1192" count="0" type="stmt"/>
        <line num="1193" count="0" type="stmt"/>
        <line num="1194" count="0" type="stmt"/>
        <line num="1195" count="0" type="stmt"/>
        <line num="1199" count="1" type="stmt"/>
        <line num="1200" count="0" type="stmt"/>
        <line num="1201" count="0" type="stmt"/>
        <line num="1202" count="0" type="stmt"/>
        <line num="1203" count="0" type="stmt"/>
        <line num="1204" count="0" type="stmt"/>
        <line num="1205" count="0" type="stmt"/>
        <line num="1206" count="0" type="stmt"/>
        <line num="1210" count="0" type="stmt"/>
        <line num="1211" count="0" type="stmt"/>
        <line num="1212" count="0" type="stmt"/>
        <line num="1213" count="0" type="stmt"/>
        <line num="1214" count="0" type="stmt"/>
        <line num="1215" count="0" type="stmt"/>
        <line num="1219" count="0" type="stmt"/>
        <line num="1220" count="0" type="stmt"/>
        <line num="1221" count="0" type="stmt"/>
        <line num="1222" count="0" type="stmt"/>
        <line num="1223" count="0" type="stmt"/>
        <line num="1224" count="0" type="stmt"/>
        <line num="1225" count="0" type="stmt"/>
        <line num="1229" count="0" type="stmt"/>
        <line num="1231" count="0" type="stmt"/>
        <line num="1234" count="0" type="stmt"/>
        <line num="1247" count="0" type="stmt"/>
        <line num="1248" count="0" type="stmt"/>
        <line num="1249" count="0" type="stmt"/>
        <line num="1250" count="0" type="stmt"/>
        <line num="1251" count="0" type="stmt"/>
        <line num="1256" count="0" type="stmt"/>
        <line num="1257" count="0" type="stmt"/>
        <line num="1258" count="0" type="stmt"/>
        <line num="1259" count="0" type="stmt"/>
        <line num="1260" count="0" type="stmt"/>
        <line num="1261" count="0" type="stmt"/>
        <line num="1262" count="0" type="stmt"/>
        <line num="1263" count="0" type="stmt"/>
        <line num="1266" count="1" type="stmt"/>
        <line num="1301" count="1" type="stmt"/>
        <line num="1328" count="1" type="stmt"/>
        <line num="1334" count="1" type="stmt"/>
        <line num="1340" count="1" type="stmt"/>
        <line num="1346" count="1" type="stmt"/>
        <line num="1349" count="0" type="stmt"/>
        <line num="1353" count="0" type="stmt"/>
        <line num="1354" count="0" type="stmt"/>
        <line num="1355" count="0" type="stmt"/>
        <line num="1359" count="0" type="stmt"/>
        <line num="1364" count="0" type="stmt"/>
        <line num="1372" count="0" type="stmt"/>
        <line num="1373" count="0" type="stmt"/>
        <line num="1378" count="0" type="stmt"/>
        <line num="1379" count="0" type="cond" truecount="0" falsecount="5"/>
        <line num="1380" count="0" type="stmt"/>
        <line num="1382" count="0" type="cond" truecount="0" falsecount="5"/>
        <line num="1383" count="0" type="stmt"/>
        <line num="1385" count="0" type="cond" truecount="0" falsecount="5"/>
        <line num="1386" count="0" type="stmt"/>
        <line num="1388" count="0" type="cond" truecount="0" falsecount="1"/>
        <line num="1390" count="0" type="stmt"/>
        <line num="1395" count="0" type="stmt"/>
        <line num="1396" count="0" type="stmt"/>
        <line num="1397" count="0" type="stmt"/>
        <line num="1398" count="0" type="stmt"/>
        <line num="1402" count="0" type="stmt"/>
        <line num="1403" count="0" type="stmt"/>
        <line num="1404" count="0" type="stmt"/>
        <line num="1405" count="0" type="stmt"/>
        <line num="1406" count="0" type="stmt"/>
        <line num="1410" count="0" type="stmt"/>
        <line num="1411" count="0" type="stmt"/>
        <line num="1412" count="0" type="stmt"/>
        <line num="1413" count="0" type="stmt"/>
      </file>
    </package>
    <package name="build.Staking">
      <metrics statements="815" coveredstatements="59" conditionals="100" coveredconditionals="0" methods="252" coveredmethods="0"/>
      <file name="tact_Staking.ts" path="/Users/nikitapoznyakov/Desktop/work/KadysTON/build/Staking/tact_Staking.ts">
        <metrics statements="815" coveredstatements="59" conditionals="100" coveredconditionals="0" methods="252" coveredmethods="0"/>
        <line num="1" count="1" type="stmt"/>
        <line num="29" count="1" type="stmt"/>
        <line num="30" count="0" type="stmt"/>
        <line num="31" count="0" type="stmt"/>
        <line num="32" count="0" type="stmt"/>
        <line num="33" count="0" type="stmt"/>
        <line num="37" count="1" type="stmt"/>
        <line num="38" count="0" type="stmt"/>
        <line num="39" count="0" type="stmt"/>
        <line num="40" count="0" type="stmt"/>
        <line num="41" count="0" type="stmt"/>
        <line num="45" count="0" type="stmt"/>
        <line num="46" count="0" type="stmt"/>
        <line num="47" count="0" type="stmt"/>
        <line num="51" count="0" type="stmt"/>
        <line num="52" count="0" type="stmt"/>
        <line num="53" count="0" type="stmt"/>
        <line num="57" count="0" type="stmt"/>
        <line num="58" count="0" type="stmt"/>
        <line num="59" count="0" type="stmt"/>
        <line num="60" count="0" type="stmt"/>
        <line num="64" count="0" type="stmt"/>
        <line num="66" count="0" type="stmt"/>
        <line num="69" count="0" type="stmt"/>
        <line num="82" count="1" type="stmt"/>
        <line num="83" count="0" type="stmt"/>
        <line num="84" count="0" type="stmt"/>
        <line num="85" count="0" type="stmt"/>
        <line num="86" count="0" type="stmt"/>
        <line num="87" count="0" type="stmt"/>
        <line num="88" count="0" type="stmt"/>
        <line num="92" count="1" type="stmt"/>
        <line num="93" count="0" type="stmt"/>
        <line num="94" count="0" type="stmt"/>
        <line num="95" count="0" type="stmt"/>
        <line num="96" count="0" type="stmt"/>
        <line num="97" count="0" type="stmt"/>
        <line num="98" count="0" type="stmt"/>
        <line num="102" count="0" type="stmt"/>
        <line num="103" count="0" type="stmt"/>
        <line num="104" count="0" type="stmt"/>
        <line num="105" count="0" type="stmt"/>
        <line num="106" count="0" type="stmt"/>
        <line num="110" count="0" type="stmt"/>
        <line num="111" count="0" type="stmt"/>
        <line num="112" count="0" type="stmt"/>
        <line num="113" count="0" type="stmt"/>
        <line num="114" count="0" type="stmt"/>
        <line num="118" count="0" type="stmt"/>
        <line num="119" count="0" type="stmt"/>
        <line num="120" count="0" type="stmt"/>
        <line num="121" count="0" type="stmt"/>
        <line num="122" count="0" type="stmt"/>
        <line num="123" count="0" type="stmt"/>
        <line num="127" count="0" type="stmt"/>
        <line num="129" count="0" type="stmt"/>
        <line num="132" count="0" type="stmt"/>
        <line num="148" count="1" type="stmt"/>
        <line num="149" count="0" type="stmt"/>
        <line num="150" count="0" type="stmt"/>
        <line num="151" count="0" type="stmt"/>
        <line num="152" count="0" type="stmt"/>
        <line num="153" count="0" type="stmt"/>
        <line num="154" count="0" type="stmt"/>
        <line num="155" count="0" type="cond" truecount="0" falsecount="4"/>
        <line num="156" count="0" type="cond" truecount="0" falsecount="4"/>
        <line num="157" count="0" type="cond" truecount="0" falsecount="4"/>
        <line num="161" count="1" type="stmt"/>
        <line num="162" count="0" type="stmt"/>
        <line num="163" count="0" type="stmt"/>
        <line num="164" count="0" type="stmt"/>
        <line num="165" count="0" type="stmt"/>
        <line num="166" count="0" type="stmt"/>
        <line num="167" count="0" type="cond" truecount="0" falsecount="2"/>
        <line num="168" count="0" type="cond" truecount="0" falsecount="2"/>
        <line num="169" count="0" type="cond" truecount="0" falsecount="2"/>
        <line num="170" count="0" type="stmt"/>
        <line num="174" count="0" type="stmt"/>
        <line num="175" count="0" type="stmt"/>
        <line num="176" count="0" type="stmt"/>
        <line num="177" count="0" type="stmt"/>
        <line num="178" count="0" type="stmt"/>
        <line num="179" count="0" type="stmt"/>
        <line num="180" count="0" type="stmt"/>
        <line num="181" count="0" type="stmt"/>
        <line num="185" count="0" type="stmt"/>
        <line num="186" count="0" type="stmt"/>
        <line num="187" count="0" type="stmt"/>
        <line num="188" count="0" type="stmt"/>
        <line num="189" count="0" type="stmt"/>
        <line num="190" count="0" type="stmt"/>
        <line num="191" count="0" type="stmt"/>
        <line num="192" count="0" type="stmt"/>
        <line num="196" count="0" type="stmt"/>
        <line num="197" count="0" type="stmt"/>
        <line num="198" count="0" type="stmt"/>
        <line num="199" count="0" type="stmt"/>
        <line num="200" count="0" type="stmt"/>
        <line num="201" count="0" type="stmt"/>
        <line num="202" count="0" type="stmt"/>
        <line num="203" count="0" type="stmt"/>
        <line num="204" count="0" type="stmt"/>
        <line num="208" count="0" type="stmt"/>
        <line num="210" count="0" type="stmt"/>
        <line num="213" count="0" type="stmt"/>
        <line num="223" count="1" type="stmt"/>
        <line num="224" count="0" type="stmt"/>
        <line num="225" count="0" type="stmt"/>
        <line num="226" count="0" type="stmt"/>
        <line num="227" count="0" type="stmt"/>
        <line num="231" count="1" type="stmt"/>
        <line num="232" count="0" type="stmt"/>
        <line num="233" count="0" type="cond" truecount="0" falsecount="1"/>
        <line num="234" count="0" type="stmt"/>
        <line num="235" count="0" type="stmt"/>
        <line num="239" count="0" type="stmt"/>
        <line num="240" count="0" type="stmt"/>
        <line num="244" count="0" type="stmt"/>
        <line num="245" count="0" type="stmt"/>
        <line num="249" count="0" type="stmt"/>
        <line num="250" count="0" type="stmt"/>
        <line num="251" count="0" type="stmt"/>
        <line num="255" count="0" type="stmt"/>
        <line num="257" count="0" type="stmt"/>
        <line num="260" count="0" type="stmt"/>
        <line num="270" count="1" type="stmt"/>
        <line num="271" count="0" type="stmt"/>
        <line num="272" count="0" type="stmt"/>
        <line num="273" count="0" type="stmt"/>
        <line num="274" count="0" type="stmt"/>
        <line num="278" count="1" type="stmt"/>
        <line num="279" count="0" type="stmt"/>
        <line num="280" count="0" type="cond" truecount="0" falsecount="1"/>
        <line num="281" count="0" type="stmt"/>
        <line num="282" count="0" type="stmt"/>
        <line num="286" count="0" type="stmt"/>
        <line num="287" count="0" type="stmt"/>
        <line num="291" count="0" type="stmt"/>
        <line num="292" count="0" type="stmt"/>
        <line num="296" count="0" type="stmt"/>
        <line num="297" count="0" type="stmt"/>
        <line num="298" count="0" type="stmt"/>
        <line num="302" count="0" type="stmt"/>
        <line num="304" count="0" type="stmt"/>
        <line num="307" count="0" type="stmt"/>
        <line num="318" count="1" type="stmt"/>
        <line num="319" count="0" type="stmt"/>
        <line num="320" count="0" type="stmt"/>
        <line num="321" count="0" type="stmt"/>
        <line num="322" count="0" type="stmt"/>
        <line num="323" count="0" type="stmt"/>
        <line num="327" count="1" type="stmt"/>
        <line num="328" count="0" type="stmt"/>
        <line num="329" count="0" type="cond" truecount="0" falsecount="1"/>
        <line num="330" count="0" type="stmt"/>
        <line num="331" count="0" type="stmt"/>
        <line num="332" count="0" type="stmt"/>
        <line num="336" count="0" type="stmt"/>
        <line num="337" count="0" type="stmt"/>
        <line num="338" count="0" type="stmt"/>
        <line num="342" count="0" type="stmt"/>
        <line num="343" count="0" type="stmt"/>
        <line num="344" count="0" type="stmt"/>
        <line num="348" count="0" type="stmt"/>
        <line num="349" count="0" type="stmt"/>
        <line num="350" count="0" type="stmt"/>
        <line num="351" count="0" type="stmt"/>
        <line num="355" count="0" type="stmt"/>
        <line num="357" count="0" type="stmt"/>
        <line num="360" count="0" type="stmt"/>
        <line num="371" count="1" type="stmt"/>
        <line num="372" count="0" type="stmt"/>
        <line num="373" count="0" type="stmt"/>
        <line num="374" count="0" type="stmt"/>
        <line num="375" count="0" type="stmt"/>
        <line num="376" count="0" type="stmt"/>
        <line num="380" count="1" type="stmt"/>
        <line num="381" count="0" type="stmt"/>
        <line num="382" count="0" type="cond" truecount="0" falsecount="1"/>
        <line num="383" count="0" type="stmt"/>
        <line num="384" count="0" type="stmt"/>
        <line num="385" count="0" type="stmt"/>
        <line num="389" count="0" type="stmt"/>
        <line num="390" count="0" type="stmt"/>
        <line num="391" count="0" type="stmt"/>
        <line num="395" count="0" type="stmt"/>
        <line num="396" count="0" type="stmt"/>
        <line num="397" count="0" type="stmt"/>
        <line num="401" count="0" type="stmt"/>
        <line num="402" count="0" type="stmt"/>
        <line num="403" count="0" type="stmt"/>
        <line num="404" count="0" type="stmt"/>
        <line num="408" count="0" type="stmt"/>
        <line num="410" count="0" type="stmt"/>
        <line num="413" count="0" type="stmt"/>
        <line num="424" count="1" type="stmt"/>
        <line num="425" count="0" type="stmt"/>
        <line num="426" count="0" type="stmt"/>
        <line num="427" count="0" type="stmt"/>
        <line num="428" count="0" type="stmt"/>
        <line num="429" count="0" type="stmt"/>
        <line num="433" count="1" type="stmt"/>
        <line num="434" count="0" type="stmt"/>
        <line num="435" count="0" type="cond" truecount="0" falsecount="1"/>
        <line num="436" count="0" type="stmt"/>
        <line num="437" count="0" type="stmt"/>
        <line num="438" count="0" type="stmt"/>
        <line num="442" count="0" type="stmt"/>
        <line num="443" count="0" type="stmt"/>
        <line num="444" count="0" type="stmt"/>
        <line num="448" count="0" type="stmt"/>
        <line num="449" count="0" type="stmt"/>
        <line num="450" count="0" type="stmt"/>
        <line num="454" count="0" type="stmt"/>
        <line num="455" count="0" type="stmt"/>
        <line num="456" count="0" type="stmt"/>
        <line num="457" count="0" type="stmt"/>
        <line num="461" count="0" type="stmt"/>
        <line num="463" count="0" type="stmt"/>
        <line num="466" count="0" type="stmt"/>
        <line num="477" count="1" type="stmt"/>
        <line num="478" count="0" type="stmt"/>
        <line num="479" count="0" type="stmt"/>
        <line num="480" count="0" type="stmt"/>
        <line num="481" count="0" type="stmt"/>
        <line num="485" count="1" type="stmt"/>
        <line num="486" count="0" type="stmt"/>
        <line num="487" count="0" type="stmt"/>
        <line num="488" count="0" type="stmt"/>
        <line num="489" count="0" type="stmt"/>
        <line num="493" count="0" type="stmt"/>
        <line num="494" count="0" type="stmt"/>
        <line num="495" count="0" type="stmt"/>
        <line num="499" count="0" type="stmt"/>
        <line num="500" count="0" type="stmt"/>
        <line num="501" count="0" type="stmt"/>
        <line num="505" count="0" type="stmt"/>
        <line num="506" count="0" type="stmt"/>
        <line num="507" count="0" type="stmt"/>
        <line num="508" count="0" type="stmt"/>
        <line num="512" count="0" type="stmt"/>
        <line num="514" count="0" type="stmt"/>
        <line num="517" count="0" type="stmt"/>
        <line num="528" count="1" type="stmt"/>
        <line num="529" count="0" type="stmt"/>
        <line num="530" count="0" type="stmt"/>
        <line num="531" count="0" type="stmt"/>
        <line num="532" count="0" type="stmt"/>
        <line num="533" count="0" type="stmt"/>
        <line num="537" count="1" type="stmt"/>
        <line num="538" count="0" type="stmt"/>
        <line num="539" count="0" type="cond" truecount="0" falsecount="1"/>
        <line num="540" count="0" type="stmt"/>
        <line num="541" count="0" type="stmt"/>
        <line num="542" count="0" type="stmt"/>
        <line num="546" count="0" type="stmt"/>
        <line num="547" count="0" type="stmt"/>
        <line num="548" count="0" type="stmt"/>
        <line num="552" count="0" type="stmt"/>
        <line num="553" count="0" type="stmt"/>
        <line num="554" count="0" type="stmt"/>
        <line num="558" count="0" type="stmt"/>
        <line num="559" count="0" type="stmt"/>
        <line num="560" count="0" type="stmt"/>
        <line num="561" count="0" type="stmt"/>
        <line num="565" count="0" type="stmt"/>
        <line num="567" count="0" type="stmt"/>
        <line num="570" count="0" type="stmt"/>
        <line num="580" count="1" type="stmt"/>
        <line num="581" count="0" type="stmt"/>
        <line num="582" count="0" type="stmt"/>
        <line num="583" count="0" type="stmt"/>
        <line num="584" count="0" type="stmt"/>
        <line num="588" count="1" type="stmt"/>
        <line num="589" count="0" type="stmt"/>
        <line num="590" count="0" type="cond" truecount="0" falsecount="1"/>
        <line num="591" count="0" type="stmt"/>
        <line num="592" count="0" type="stmt"/>
        <line num="596" count="0" type="stmt"/>
        <line num="597" count="0" type="stmt"/>
        <line num="601" count="0" type="stmt"/>
        <line num="602" count="0" type="stmt"/>
        <line num="606" count="0" type="stmt"/>
        <line num="607" count="0" type="stmt"/>
        <line num="608" count="0" type="stmt"/>
        <line num="612" count="0" type="stmt"/>
        <line num="614" count="0" type="stmt"/>
        <line num="617" count="0" type="stmt"/>
        <line num="627" count="1" type="stmt"/>
        <line num="628" count="0" type="stmt"/>
        <line num="629" count="0" type="stmt"/>
        <line num="630" count="0" type="stmt"/>
        <line num="631" count="0" type="stmt"/>
        <line num="635" count="1" type="stmt"/>
        <line num="636" count="0" type="stmt"/>
        <line num="637" count="0" type="cond" truecount="0" falsecount="1"/>
        <line num="638" count="0" type="stmt"/>
        <line num="639" count="0" type="stmt"/>
[...]
        <line num="1009" count="0" type="stmt"/>
        <line num="1010" count="0" type="stmt"/>
        <line num="1011" count="0" type="stmt"/>
        <line num="1012" count="0" type="stmt"/>
        <line num="1016" count="1" type="stmt"/>
        <line num="1017" count="0" type="stmt"/>
        <line num="1018" count="0" type="cond" truecount="0" falsecount="1"/>
        <line num="1019" count="0" type="stmt"/>
        <line num="1020" count="0" type="stmt"/>
        <line num="1021" count="0" type="stmt"/>
        <line num="1022" count="0" type="stmt"/>
        <line num="1023" count="0" type="stmt"/>
        <line num="1024" count="0" type="stmt"/>
        <line num="1025" count="0" type="stmt"/>
        <line num="1029" count="0" type="stmt"/>
        <line num="1030" count="0" type="stmt"/>
        <line num="1031" count="0" type="stmt"/>
        <line num="1032" count="0" type="stmt"/>
        <line num="1033" count="0" type="stmt"/>
        <line num="1034" count="0" type="stmt"/>
        <line num="1035" count="0" type="stmt"/>
        <line num="1039" count="0" type="stmt"/>
        <line num="1040" count="0" type="stmt"/>
        <line num="1041" count="0" type="stmt"/>
        <line num="1042" count="0" type="stmt"/>
        <line num="1043" count="0" type="stmt"/>
        <line num="1044" count="0" type="stmt"/>
        <line num="1045" count="0" type="stmt"/>
        <line num="1049" count="0" type="stmt"/>
        <line num="1050" count="0" type="stmt"/>
        <line num="1051" count="0" type="stmt"/>
        <line num="1052" count="0" type="stmt"/>
        <line num="1053" count="0" type="stmt"/>
        <line num="1054" count="0" type="stmt"/>
        <line num="1055" count="0" type="stmt"/>
        <line num="1056" count="0" type="stmt"/>
        <line num="1060" count="0" type="stmt"/>
        <line num="1062" count="0" type="stmt"/>
        <line num="1065" count="0" type="stmt"/>
        <line num="1078" count="1" type="stmt"/>
        <line num="1079" count="0" type="stmt"/>
        <line num="1080" count="0" type="stmt"/>
        <line num="1081" count="0" type="stmt"/>
        <line num="1082" count="0" type="stmt"/>
        <line num="1083" count="0" type="stmt"/>
        <line num="1084" count="0" type="stmt"/>
        <line num="1085" count="0" type="stmt"/>
        <line num="1089" count="1" type="stmt"/>
        <line num="1090" count="0" type="stmt"/>
        <line num="1091" count="0" type="cond" truecount="0" falsecount="1"/>
        <line num="1092" count="0" type="stmt"/>
        <line num="1093" count="0" type="stmt"/>
        <line num="1094" count="0" type="stmt"/>
        <line num="1095" count="0" type="stmt"/>
        <line num="1096" count="0" type="stmt"/>
        <line num="1100" count="0" type="stmt"/>
        <line num="1101" count="0" type="stmt"/>
        <line num="1102" count="0" type="stmt"/>
        <line num="1103" count="0" type="stmt"/>
        <line num="1104" count="0" type="stmt"/>
        <line num="1108" count="0" type="stmt"/>
        <line num="1109" count="0" type="stmt"/>
        <line num="1110" count="0" type="stmt"/>
        <line num="1111" count="0" type="stmt"/>
        <line num="1112" count="0" type="stmt"/>
        <line num="1116" count="0" type="stmt"/>
        <line num="1117" count="0" type="stmt"/>
        <line num="1118" count="0" type="stmt"/>
        <line num="1119" count="0" type="stmt"/>
        <line num="1120" count="0" type="stmt"/>
        <line num="1121" count="0" type="stmt"/>
        <line num="1125" count="0" type="stmt"/>
        <line num="1127" count="0" type="stmt"/>
        <line num="1130" count="0" type="stmt"/>
        <line num="1143" count="1" type="stmt"/>
        <line num="1144" count="0" type="stmt"/>
        <line num="1145" count="0" type="stmt"/>
        <line num="1146" count="0" type="stmt"/>
        <line num="1147" count="0" type="stmt"/>
        <line num="1148" count="0" type="stmt"/>
        <line num="1149" count="0" type="stmt"/>
        <line num="1150" count="0" type="stmt"/>
        <line num="1154" count="1" type="stmt"/>
        <line num="1155" count="0" type="stmt"/>
        <line num="1156" count="0" type="cond" truecount="0" falsecount="1"/>
        <line num="1157" count="0" type="stmt"/>
        <line num="1158" count="0" type="stmt"/>
        <line num="1159" count="0" type="stmt"/>
        <line num="1160" count="0" type="stmt"/>
        <line num="1161" count="0" type="stmt"/>
        <line num="1165" count="0" type="stmt"/>
        <line num="1166" count="0" type="stmt"/>
        <line num="1167" count="0" type="stmt"/>
        <line num="1168" count="0" type="stmt"/>
        <line num="1169" count="0" type="stmt"/>
        <line num="1173" count="0" type="stmt"/>
        <line num="1174" count="0" type="stmt"/>
        <line num="1175" count="0" type="stmt"/>
        <line num="1176" count="0" type="stmt"/>
        <line num="1177" count="0" type="stmt"/>
        <line num="1181" count="0" type="stmt"/>
        <line num="1182" count="0" type="stmt"/>
        <line num="1183" count="0" type="stmt"/>
        <line num="1184" count="0" type="stmt"/>
        <line num="1185" count="0" type="stmt"/>
        <line num="1186" count="0" type="stmt"/>
        <line num="1190" count="0" type="stmt"/>
        <line num="1192" count="0" type="stmt"/>
        <line num="1195" count="0" type="stmt"/>
        <line num="1208" count="1" type="stmt"/>
        <line num="1209" count="0" type="stmt"/>
        <line num="1210" count="0" type="stmt"/>
        <line num="1211" count="0" type="stmt"/>
        <line num="1212" count="0" type="stmt"/>
        <line num="1213" count="0" type="stmt"/>
        <line num="1214" count="0" type="stmt"/>
        <line num="1215" count="0" type="stmt"/>
        <line num="1219" count="1" type="stmt"/>
        <line num="1220" count="0" type="stmt"/>
        <line num="1221" count="0" type="cond" truecount="0" falsecount="1"/>
        <line num="1222" count="0" type="stmt"/>
        <line num="1223" count="0" type="stmt"/>
        <line num="1224" count="0" type="stmt"/>
        <line num="1225" count="0" type="stmt"/>
        <line num="1226" count="0" type="stmt"/>
        <line num="1230" count="0" type="stmt"/>
        <line num="1231" count="0" type="stmt"/>
        <line num="1232" count="0" type="stmt"/>
        <line num="1233" count="0" type="stmt"/>
        <line num="1234" count="0" type="stmt"/>
        <line num="1238" count="0" type="stmt"/>
        <line num="1239" count="0" type="stmt"/>
        <line num="1240" count="0" type="stmt"/>
        <line num="1241" count="0" type="stmt"/>
        <line num="1242" count="0" type="stmt"/>
        <line num="1246" count="0" type="stmt"/>
        <line num="1247" count="0" type="stmt"/>
        <line num="1248" count="0" type="stmt"/>
        <line num="1249" count="0" type="stmt"/>
        <line num="1250" count="0" type="stmt"/>
        <line num="1251" count="0" type="stmt"/>
        <line num="1255" count="0" type="stmt"/>
        <line num="1257" count="0" type="stmt"/>
        <line num="1260" count="0" type="stmt"/>
        <line num="1270" count="1" type="stmt"/>
        <line num="1271" count="0" type="stmt"/>
        <line num="1272" count="0" type="stmt"/>
        <line num="1273" count="0" type="stmt"/>
        <line num="1274" count="0" type="stmt"/>
        <line num="1278" count="1" type="stmt"/>
        <line num="1279" count="0" type="stmt"/>
        <line num="1280" count="0" type="cond" truecount="0" falsecount="1"/>
        <line num="1281" count="0" type="stmt"/>
        <line num="1282" count="0" type="stmt"/>
        <line num="1286" count="0" type="stmt"/>
        <line num="1287" count="0" type="stmt"/>
        <line num="1291" count="0" type="stmt"/>
        <line num="1292" count="0" type="stmt"/>
        <line num="1296" count="0" type="stmt"/>
        <line num="1297" count="0" type="stmt"/>
        <line num="1298" count="0" type="stmt"/>
        <line num="1302" count="0" type="stmt"/>
        <line num="1304" count="0" type="stmt"/>
        <line num="1307" count="0" type="stmt"/>
        <line num="1317" count="1" type="stmt"/>
        <line num="1318" count="0" type="stmt"/>
        <line num="1319" count="0" type="stmt"/>
        <line num="1320" count="0" type="stmt"/>
        <line num="1321" count="0" type="stmt"/>
        <line num="1325" count="1" type="stmt"/>
        <line num="1326" count="0" type="stmt"/>
        <line num="1327" count="0" type="cond" truecount="0" falsecount="1"/>
        <line num="1328" count="0" type="stmt"/>
        <line num="1329" count="0" type="stmt"/>
        <line num="1333" count="0" type="stmt"/>
        <line num="1334" count="0" type="stmt"/>
        <line num="1338" count="0" type="stmt"/>
        <line num="1339" count="0" type="stmt"/>
        <line num="1343" count="0" type="stmt"/>
        <line num="1344" count="0" type="stmt"/>
        <line num="1345" count="0" type="stmt"/>
        <line num="1349" count="0" type="stmt"/>
        <line num="1351" count="0" type="stmt"/>
        <line num="1354" count="0" type="stmt"/>
        <line num="1364" count="1" type="stmt"/>
        <line num="1365" count="0" type="stmt"/>
        <line num="1366" count="0" type="stmt"/>
        <line num="1367" count="0" type="stmt"/>
        <line num="1368" count="0" type="stmt"/>
        <line num="1372" count="1" type="stmt"/>
        <line num="1373" count="0" type="stmt"/>
        <line num="1374" count="0" type="cond" truecount="0" falsecount="1"/>
        <line num="1375" count="0" type="stmt"/>
        <line num="1376" count="0" type="stmt"/>
        <line num="1380" count="0" type="stmt"/>
        <line num="1381" count="0" type="stmt"/>
        <line num="1385" count="0" type="stmt"/>
        <line num="1386" count="0" type="stmt"/>
        <line num="1390" count="0" type="stmt"/>
        <line num="1391" count="0" type="stmt"/>
        <line num="1392" count="0" type="stmt"/>
        <line num="1396" count="0" type="stmt"/>
        <line num="1398" count="0" type="stmt"/>
        <line num="1401" count="0" type="stmt"/>
        <line num="1417" count="1" type="stmt"/>
        <line num="1418" count="0" type="stmt"/>
        <line num="1419" count="0" type="stmt"/>
        <line num="1420" count="0" type="stmt"/>
        <line num="1421" count="0" type="stmt"/>
        <line num="1422" count="0" type="stmt"/>
        <line num="1423" count="0" type="stmt"/>
        <line num="1424" count="0" type="stmt"/>
        <line num="1425" count="0" type="stmt"/>
        <line num="1426" count="0" type="stmt"/>
        <line num="1427" count="0" type="stmt"/>
        <line num="1428" count="0" type="stmt"/>
        <line num="1432" count="1" type="stmt"/>
        <line num="1433" count="0" type="stmt"/>
        <line num="1434" count="0" type="stmt"/>
        <line num="1435" count="0" type="stmt"/>
        <line num="1436" count="0" type="stmt"/>
        <line num="1437" count="0" type="stmt"/>
        <line num="1438" count="0" type="stmt"/>
        <line num="1439" count="0" type="stmt"/>
        <line num="1440" count="0" type="stmt"/>
        <line num="1441" count="0" type="stmt"/>
        <line num="1442" count="0" type="stmt"/>
        <line num="1446" count="0" type="stmt"/>
        <line num="1447" count="0" type="stmt"/>
        <line num="1448" count="0" type="stmt"/>
        <line num="1449" count="0" type="stmt"/>
        <line num="1450" count="0" type="stmt"/>
        <line num="1451" count="0" type="stmt"/>
        <line num="1452" count="0" type="stmt"/>
        <line num="1453" count="0" type="stmt"/>
        <line num="1457" count="0" type="stmt"/>
        <line num="1458" count="0" type="stmt"/>
        <line num="1459" count="0" type="stmt"/>
        <line num="1460" count="0" type="stmt"/>
        <line num="1461" count="0" type="stmt"/>
        <line num="1462" count="0" type="stmt"/>
        <line num="1463" count="0" type="stmt"/>
        <line num="1464" count="0" type="stmt"/>
        <line num="1468" count="0" type="stmt"/>
        <line num="1469" count="0" type="cond" truecount="0" falsecount="2"/>
        <line num="1470" count="0" type="stmt"/>
        <line num="1471" count="0" type="cond" truecount="0" falsecount="2"/>
        <line num="1472" count="0" type="cond" truecount="0" falsecount="2"/>
        <line num="1473" count="0" type="stmt"/>
        <line num="1474" count="0" type="stmt"/>
        <line num="1475" count="0" type="stmt"/>
        <line num="1476" count="0" type="stmt"/>
        <line num="1480" count="0" type="stmt"/>
        <line num="1482" count="0" type="stmt"/>
        <line num="1485" count="0" type="stmt"/>
        <line num="1495" count="0" type="stmt"/>
        <line num="1496" count="0" type="stmt"/>
        <line num="1501" count="0" type="stmt"/>
        <line num="1502" count="0" type="stmt"/>
        <line num="1503" count="0" type="stmt"/>
        <line num="1504" count="0" type="stmt"/>
        <line num="1505" count="0" type="stmt"/>
        <line num="1506" count="0" type="stmt"/>
        <line num="1507" count="0" type="stmt"/>
        <line num="1508" count="0" type="stmt"/>
        <line num="1511" count="1" type="stmt"/>
        <line num="1552" count="1" type="stmt"/>
        <line num="1581" count="1" type="stmt"/>
        <line num="1594" count="1" type="stmt"/>
        <line num="1607" count="1" type="stmt"/>
        <line num="1620" count="1" type="stmt"/>
        <line num="1623" count="0" type="stmt"/>
        <line num="1627" count="0" type="stmt"/>
        <line num="1628" count="0" type="stmt"/>
        <line num="1629" count="0" type="stmt"/>
        <line num="1633" count="0" type="stmt"/>
        <line num="1638" count="0" type="stmt"/>
        <line num="1646" count="0" type="stmt"/>
        <line num="1647" count="0" type="stmt"/>
        <line num="1652" count="0" type="stmt"/>
        <line num="1653" count="0" type="cond" truecount="0" falsecount="5"/>
        <line num="1654" count="0" type="stmt"/>
        <line num="1656" count="0" type="cond" truecount="0" falsecount="5"/>
        <line num="1657" count="0" type="stmt"/>
        <line num="1659" count="0" type="cond" truecount="0" falsecount="5"/>
        <line num="1660" count="0" type="stmt"/>
        <line num="1662" count="0" type="cond" truecount="0" falsecount="5"/>
        <line num="1663" count="0" type="stmt"/>
        <line num="1665" count="0" type="cond" truecount="0" falsecount="5"/>
        <line num="1666" count="0" type="stmt"/>
        <line num="1668" count="0" type="cond" truecount="0" falsecount="5"/>
        <line num="1669" count="0" type="stmt"/>
        <line num="1671" count="0" type="cond" truecount="0" falsecount="5"/>
        <line num="1672" count="0" type="stmt"/>
        <line num="1674" count="0" type="cond" truecount="0" falsecount="5"/>
        <line num="1675" count="0" type="stmt"/>
        <line num="1677" count="0" type="cond" truecount="0" falsecount="1"/>
        <line num="1678" count="0" type="stmt"/>
        <line num="1680" count="0" type="cond" truecount="0" falsecount="5"/>
        <line num="1681" count="0" type="stmt"/>
        <line num="1683" count="0" type="cond" truecount="0" falsecount="1"/>
        <line num="1685" count="0" type="stmt"/>
        <line num="1690" count="0" type="stmt"/>
        <line num="1691" count="0" type="stmt"/>
        <line num="1692" count="0" type="stmt"/>
        <line num="1693" count="0" type="stmt"/>
        <line num="1697" count="0" type="stmt"/>
        <line num="1698" count="0" type="stmt"/>
        <line num="1699" count="0" type="stmt"/>
        <line num="1700" count="0" type="stmt"/>
        <line num="1701" count="0" type="stmt"/>
        <line num="1705" count="0" type="stmt"/>
        <line num="1706" count="0" type="stmt"/>
        <line num="1707" count="0" type="stmt"/>
        <line num="1708" count="0" type="stmt"/>
        <line num="1709" count="0" type="cond" truecount="0" falsecount="2"/>
        <line num="1710" count="0" type="stmt"/>
        <line num="1714" count="0" type="stmt"/>
        <line num="1715" count="0" type="stmt"/>
        <line num="1716" count="0" type="stmt"/>
        <line num="1717" count="0" type="stmt"/>
        <line num="1721" count="0" type="stmt"/>
        <line num="1722" count="0" type="stmt"/>
        <line num="1723" count="0" type="stmt"/>
        <line num="1724" count="0" type="stmt"/>
        <line num="1728" count="0" type="stmt"/>
        <line num="1729" count="0" type="stmt"/>
        <line num="1730" count="0" type="stmt"/>
        <line num="1731" count="0" type="stmt"/>
        <line num="1732" count="0" type="stmt"/>
        <line num="1736" count="0" type="stmt"/>
        <line num="1737" count="0" type="stmt"/>
        <line num="1738" count="0" type="stmt"/>
        <line num="1739" count="0" type="stmt"/>
        <line num="1743" count="0" type="stmt"/>
        <line num="1744" count="0" type="stmt"/>
        <line num="1745" count="0" type="stmt"/>
        <line num="1746" count="0" type="stmt"/>
        <line num="1750" count="0" type="stmt"/>
        <line num="1751" count="0" type="stmt"/>
        <line num="1752" count="0" type="stmt"/>
        <line num="1753" count="0" type="stmt"/>
        <line num="1757" count="0" type="stmt"/>
        <line num="1758" count="0" type="stmt"/>
        <line num="1759" count="0" type="stmt"/>
        <line num="1760" count="0" type="stmt"/>
      </file>
    </package>
    <package name="tests">
      <metrics statements="18" coveredstatements="9" conditionals="0" coveredconditionals="0" methods="4" coveredmethods="0"/>
      <file name="number.ts" path="/Users/nikitapoznyakov/Desktop/work/KadysTON/tests/number.ts">
        <metrics statements="3" coveredstatements="2" conditionals="0" coveredconditionals="0" methods="1" coveredmethods="0"/>
        <line num="1" count="1" type="stmt"/>
        <line num="3" count="1" type="stmt"/>
        <line num="4" count="0" type="stmt"/>
      </file>
      <file name="utils.ts" path="/Users/nikitapoznyakov/Desktop/work/KadysTON/tests/utils.ts">
        <metrics statements="15" coveredstatements="7" conditionals="0" coveredconditionals="0" methods="3" coveredmethods="0"/>
        <line num="1" count="1" type="stmt"/>
        <line num="4" count="1" type="stmt"/>
        <line num="6" count="1" type="stmt"/>
        <line num="7" count="1" type="stmt"/>
        <line num="14" count="1" type="stmt"/>
        <line num="15" count="0" type="stmt"/>
        <line num="41" count="1" type="stmt"/>
        <line num="42" count="0" type="stmt"/>
        <line num="47" count="0" type="stmt"/>
        <line num="54" count="1" type="stmt"/>
        <line num="55" count="0" type="stmt"/>
        <line num="56" count="0" type="stmt"/>
        <line num="57" count="0" type="stmt"/>
        <line num="58" count="0" type="stmt"/>
        <line num="59" count="0" type="stmt"/>
      </file>
    </package>
    <package name="utils">
      <metrics statements="9" coveredstatements="3" conditionals="0" coveredconditionals="0" methods="1" coveredmethods="0"/>
      <file name="jetton.util.ts" path="/Users/nikitapoznyakov/Desktop/work/KadysTON/utils/jetton.util.ts">
        <metrics statements="9" coveredstatements="3" conditionals="0" coveredconditionals="0" methods="1" coveredmethods="0"/>
        <line num="1" count="1" type="stmt"/>
        <line num="2" count="1" type="stmt"/>
        <line num="5" count="1" type="stmt"/>
        <line num="6" count="0" type="stmt"/>
        <line num="9" count="0" type="stmt"/>
        <line num="10" count="0" type="stmt"/>
        <line num="11" count="0" type="stmt"/>
        <line num="18" count="0" type="stmt"/>
        <line num="19" count="0" type="stmt"/>
      </file>
    </package>
  </project>
</coverage>
