{"/Users/nikitapoznyakov/Desktop/work/KadysTON/build/Jetton/tact_JettonDefaultWallet.ts": {"path":"/Users/nikitapoznyakov/Desktop/work/KadysTON/build/Jetton/tact_JettonDefaultWallet.ts","statementMap":{"0":{"start":{"line":29,"column":0},"end":{"line":29,"column":16}},"1":{"start":{"line":37,"column":0},"end":{"line":37,"column":16}},"2":{"start":{"line":76,"column":0},"end":{"line":76,"column":16}},"3":{"start":{"line":86,"column":0},"end":{"line":86,"column":16}},"4":{"start":{"line":134,"column":0},"end":{"line":134,"column":16}},"5":{"start":{"line":147,"column":0},"end":{"line":147,"column":16}},"6":{"start":{"line":199,"column":0},"end":{"line":199,"column":16}},"7":{"start":{"line":208,"column":0},"end":{"line":208,"column":16}},"8":{"start":{"line":246,"column":0},"end":{"line":246,"column":16}},"9":{"start":{"line":255,"column":0},"end":{"line":255,"column":16}},"10":{"start":{"line":293,"column":0},"end":{"line":293,"column":16}},"11":{"start":{"line":301,"column":0},"end":{"line":301,"column":16}},"12":{"start":{"line":338,"column":0},"end":{"line":338,"column":16}},"13":{"start":{"line":347,"column":0},"end":{"line":347,"column":16}},"14":{"start":{"line":384,"column":0},"end":{"line":384,"column":16}},"15":{"start":{"line":392,"column":0},"end":{"line":392,"column":16}},"16":{"start":{"line":426,"column":0},"end":{"line":426,"column":16}},"17":{"start":{"line":434,"column":0},"end":{"line":434,"column":16}},"18":{"start":{"line":468,"column":0},"end":{"line":468,"column":16}},"19":{"start":{"line":476,"column":0},"end":{"line":476,"column":16}},"20":{"start":{"line":511,"column":0},"end":{"line":511,"column":16}},"21":{"start":{"line":520,"column":0},"end":{"line":520,"column":16}},"22":{"start":{"line":558,"column":0},"end":{"line":558,"column":16}},"23":{"start":{"line":567,"column":0},"end":{"line":567,"column":16}},"24":{"start":{"line":604,"column":0},"end":{"line":604,"column":16}},"25":{"start":{"line":612,"column":0},"end":{"line":612,"column":16}},"26":{"start":{"line":652,"column":0},"end":{"line":652,"column":16}},"27":{"start":{"line":666,"column":0},"end":{"line":666,"column":16}},"28":{"start":{"line":723,"column":0},"end":{"line":723,"column":16}},"29":{"start":{"line":736,"column":0},"end":{"line":736,"column":16}},"30":{"start":{"line":788,"column":0},"end":{"line":788,"column":16}},"31":{"start":{"line":799,"column":0},"end":{"line":799,"column":16}},"32":{"start":{"line":845,"column":0},"end":{"line":845,"column":16}},"33":{"start":{"line":856,"column":0},"end":{"line":856,"column":16}},"34":{"start":{"line":902,"column":0},"end":{"line":902,"column":16}},"35":{"start":{"line":913,"column":0},"end":{"line":913,"column":16}},"36":{"start":{"line":956,"column":0},"end":{"line":956,"column":16}},"37":{"start":{"line":964,"column":0},"end":{"line":964,"column":16}},"38":{"start":{"line":998,"column":0},"end":{"line":998,"column":16}},"39":{"start":{"line":1006,"column":0},"end":{"line":1006,"column":16}},"40":{"start":{"line":1040,"column":0},"end":{"line":1040,"column":16}},"41":{"start":{"line":1048,"column":0},"end":{"line":1048,"column":16}},"42":{"start":{"line":1085,"column":0},"end":{"line":1085,"column":16}},"43":{"start":{"line":1095,"column":0},"end":{"line":1095,"column":16}},"44":{"start":{"line":1138,"column":0},"end":{"line":1138,"column":16}},"45":{"start":{"line":1147,"column":0},"end":{"line":1147,"column":16}},"46":{"start":{"line":1188,"column":0},"end":{"line":1188,"column":16}},"47":{"start":{"line":1199,"column":0},"end":{"line":1199,"column":16}},"48":{"start":{"line":1,"column":0},"end":{"line":1,"column":null}},"49":{"start":{"line":30,"column":4},"end":{"line":34,"column":6}},"50":{"start":{"line":31,"column":18},"end":{"line":31,"column":25}},"51":{"start":{"line":32,"column":8},"end":{"line":32,"column":31}},"52":{"start":{"line":33,"column":8},"end":{"line":33,"column":31}},"53":{"start":{"line":38,"column":15},"end":{"line":38,"column":20}},"54":{"start":{"line":39,"column":16},"end":{"line":39,"column":30}},"55":{"start":{"line":40,"column":16},"end":{"line":40,"column":30}},"56":{"start":{"line":41,"column":4},"end":{"line":41,"column":70}},"57":{"start":{"line":45,"column":16},"end":{"line":45,"column":33}},"58":{"start":{"line":46,"column":16},"end":{"line":46,"column":33}},"59":{"start":{"line":47,"column":4},"end":{"line":47,"column":70}},"60":{"start":{"line":51,"column":18},"end":{"line":51,"column":36}},"61":{"start":{"line":52,"column":4},"end":{"line":52,"column":35}},"62":{"start":{"line":53,"column":4},"end":{"line":53,"column":35}},"63":{"start":{"line":54,"column":4},"end":{"line":54,"column":27}},"64":{"start":{"line":58,"column":4},"end":{"line":65,"column":null}},"65":{"start":{"line":60,"column":12},"end":{"line":60,"column":79}},"66":{"start":{"line":63,"column":12},"end":{"line":63,"column":61}},"67":{"start":{"line":77,"column":4},"end":{"line":83,"column":6}},"68":{"start":{"line":78,"column":18},"end":{"line":78,"column":25}},"69":{"start":{"line":79,"column":8},"end":{"line":79,"column":34}},"70":{"start":{"line":80,"column":8},"end":{"line":80,"column":37}},"71":{"start":{"line":81,"column":8},"end":{"line":81,"column":37}},"72":{"start":{"line":82,"column":8},"end":{"line":82,"column":39}},"73":{"start":{"line":87,"column":15},"end":{"line":87,"column":20}},"74":{"start":{"line":88,"column":19},"end":{"line":88,"column":33}},"75":{"start":{"line":89,"column":18},"end":{"line":89,"column":36}},"76":{"start":{"line":90,"column":17},"end":{"line":90,"column":37}},"77":{"start":{"line":91,"column":15},"end":{"line":91,"column":39}},"78":{"start":{"line":92,"column":4},"end":{"line":92,"column":104}},"79":{"start":{"line":96,"column":19},"end":{"line":96,"column":39}},"80":{"start":{"line":97,"column":18},"end":{"line":97,"column":38}},"81":{"start":{"line":98,"column":17},"end":{"line":98,"column":39}},"82":{"start":{"line":99,"column":15},"end":{"line":99,"column":42}},"83":{"start":{"line":100,"column":4},"end":{"line":100,"column":104}},"84":{"start":{"line":104,"column":18},"end":{"line":104,"column":36}},"85":{"start":{"line":105,"column":4},"end":{"line":105,"column":41}},"86":{"start":{"line":106,"column":4},"end":{"line":106,"column":40}},"87":{"start":{"line":107,"column":4},"end":{"line":107,"column":38}},"88":{"start":{"line":108,"column":4},"end":{"line":108,"column":44}},"89":{"start":{"line":109,"column":4},"end":{"line":109,"column":27}},"90":{"start":{"line":113,"column":4},"end":{"line":120,"column":null}},"91":{"start":{"line":115,"column":12},"end":{"line":115,"column":77}},"92":{"start":{"line":118,"column":12},"end":{"line":118,"column":59}},"93":{"start":{"line":135,"column":4},"end":{"line":144,"column":6}},"94":{"start":{"line":136,"column":18},"end":{"line":136,"column":25}},"95":{"start":{"line":137,"column":8},"end":{"line":137,"column":33}},"96":{"start":{"line":138,"column":8},"end":{"line":138,"column":33}},"97":{"start":{"line":139,"column":8},"end":{"line":139,"column":37}},"98":{"start":{"line":140,"column":8},"end":{"line":140,"column":36}},"99":{"start":{"line":141,"column":8},"end":{"line":141,"column":129}},"100":{"start":{"line":141,"column":59},"end":{"line":141,"column":97}},"101":{"start":{"line":141,"column":107},"end":{"line":141,"column":127}},"102":{"start":{"line":142,"column":8},"end":{"line":142,"column":129}},"103":{"start":{"line":142,"column":59},"end":{"line":142,"column":97}},"104":{"start":{"line":142,"column":107},"end":{"line":142,"column":127}},"105":{"start":{"line":143,"column":8},"end":{"line":143,"column":129}},"106":{"start":{"line":143,"column":59},"end":{"line":143,"column":97}},"107":{"start":{"line":143,"column":107},"end":{"line":143,"column":127}},"108":{"start":{"line":148,"column":15},"end":{"line":148,"column":20}},"109":{"start":{"line":149,"column":18},"end":{"line":149,"column":32}},"110":{"start":{"line":150,"column":14},"end":{"line":150,"column":32}},"111":{"start":{"line":151,"column":17},"end":{"line":151,"column":37}},"112":{"start":{"line":152,"column":16},"end":{"line":152,"column":36}},"113":{"start":{"line":153,"column":16},"end":{"line":153,"column":54}},"114":{"start":{"line":154,"column":16},"end":{"line":154,"column":54}},"115":{"start":{"line":155,"column":16},"end":{"line":155,"column":54}},"116":{"start":{"line":156,"column":4},"end":{"line":156,"column":142}},"117":{"start":{"line":160,"column":18},"end":{"line":160,"column":38}},"118":{"start":{"line":161,"column":14},"end":{"line":161,"column":34}},"119":{"start":{"line":162,"column":17},"end":{"line":162,"column":39}},"120":{"start":{"line":163,"column":16},"end":{"line":163,"column":38}},"121":{"start":{"line":164,"column":16},"end":{"line":164,"column":36}},"122":{"start":{"line":165,"column":16},"end":{"line":165,"column":36}},"123":{"start":{"line":166,"column":16},"end":{"line":166,"column":36}},"124":{"start":{"line":167,"column":4},"end":{"line":167,"column":142}},"125":{"start":{"line":171,"column":18},"end":{"line":171,"column":36}},"126":{"start":{"line":172,"column":4},"end":{"line":172,"column":40}},"127":{"start":{"line":173,"column":4},"end":{"line":173,"column":36}},"128":{"start":{"line":174,"column":4},"end":{"line":174,"column":38}},"129":{"start":{"line":175,"column":4},"end":{"line":175,"column":37}},"130":{"start":{"line":176,"column":4},"end":{"line":176,"column":35}},"131":{"start":{"line":177,"column":4},"end":{"line":177,"column":35}},"132":{"start":{"line":178,"column":4},"end":{"line":178,"column":35}},"133":{"start":{"line":179,"column":4},"end":{"line":179,"column":27}},"134":{"start":{"line":183,"column":4},"end":{"line":190,"column":null}},"135":{"start":{"line":185,"column":12},"end":{"line":185,"column":84}},"136":{"start":{"line":188,"column":12},"end":{"line":188,"column":66}},"137":{"start":{"line":200,"column":4},"end":{"line":205,"column":6}},"138":{"start":{"line":201,"column":18},"end":{"line":201,"column":25}},"139":{"start":{"line":202,"column":8},"end":{"line":202,"column":38}},"140":{"start":{"line":203,"column":8},"end":{"line":203,"column":39}},"141":{"start":{"line":204,"column":8},"end":{"line":204,"column":39}},"142":{"start":{"line":209,"column":15},"end":{"line":209,"column":20}},"143":{"start":{"line":210,"column":4},"end":{"line":210,"column":76}},"144":{"start":{"line":210,"column":44},"end":{"line":210,"column":74}},"145":{"start":{"line":211,"column":19},"end":{"line":211,"column":39}},"146":{"start":{"line":212,"column":20},"end":{"line":212,"column":38}},"147":{"start":{"line":213,"column":4},"end":{"line":213,"column":86}},"148":{"start":{"line":217,"column":19},"end":{"line":217,"column":41}},"149":{"start":{"line":218,"column":20},"end":{"line":218,"column":40}},"150":{"start":{"line":219,"column":4},"end":{"line":219,"column":86}},"151":{"start":{"line":223,"column":18},"end":{"line":223,"column":36}},"152":{"start":{"line":224,"column":4},"end":{"line":224,"column":40}},"153":{"start":{"line":225,"column":4},"end":{"line":225,"column":42}},"154":{"start":{"line":226,"column":4},"end":{"line":226,"column":27}},"155":{"start":{"line":230,"column":4},"end":{"line":237,"column":null}},"156":{"start":{"line":232,"column":12},"end":{"line":232,"column":81}},"157":{"start":{"line":235,"column":12},"end":{"line":235,"column":63}},"158":{"start":{"line":247,"column":4},"end":{"line":252,"column":6}},"159":{"start":{"line":248,"column":18},"end":{"line":248,"column":25}},"160":{"start":{"line":249,"column":8},"end":{"line":249,"column":37}},"161":{"start":{"line":250,"column":8},"end":{"line":250,"column":39}},"162":{"start":{"line":251,"column":8},"end":{"line":251,"column":39}},"163":{"start":{"line":256,"column":15},"end":{"line":256,"column":20}},"164":{"start":{"line":257,"column":4},"end":{"line":257,"column":75}},"165":{"start":{"line":257,"column":43},"end":{"line":257,"column":73}},"166":{"start":{"line":258,"column":19},"end":{"line":258,"column":39}},"167":{"start":{"line":259,"column":20},"end":{"line":259,"column":38}},"168":{"start":{"line":260,"column":4},"end":{"line":260,"column":88}},"169":{"start":{"line":264,"column":19},"end":{"line":264,"column":41}},"170":{"start":{"line":265,"column":20},"end":{"line":265,"column":40}},"171":{"start":{"line":266,"column":4},"end":{"line":266,"column":88}},"172":{"start":{"line":270,"column":18},"end":{"line":270,"column":36}},"173":{"start":{"line":271,"column":4},"end":{"line":271,"column":40}},"174":{"start":{"line":272,"column":4},"end":{"line":272,"column":42}},"175":{"start":{"line":273,"column":4},"end":{"line":273,"column":27}},"176":{"start":{"line":277,"column":4},"end":{"line":284,"column":null}},"177":{"start":{"line":279,"column":12},"end":{"line":279,"column":83}},"178":{"start":{"line":282,"column":12},"end":{"line":282,"column":65}},"179":{"start":{"line":294,"column":4},"end":{"line":298,"column":6}},"180":{"start":{"line":295,"column":18},"end":{"line":295,"column":25}},"181":{"start":{"line":296,"column":8},"end":{"line":296,"column":45}},"182":{"start":{"line":297,"column":8},"end":{"line":297,"column":44}},"183":{"start":{"line":302,"column":15},"end":{"line":302,"column":20}},"184":{"start":{"line":303,"column":25},"end":{"line":303,"column":45}},"185":{"start":{"line":304,"column":24},"end":{"line":304,"column":44}},"186":{"start":{"line":305,"column":4},"end":{"line":305,"column":104}},"187":{"start":{"line":309,"column":25},"end":{"line":309,"column":47}},"188":{"start":{"line":310,"column":24},"end":{"line":310,"column":46}},"189":{"start":{"line":311,"column":4},"end":{"line":311,"column":104}},"190":{"start":{"line":315,"column":18},"end":{"line":315,"column":36}},"191":{"start":{"line":316,"column":4},"end":{"line":316,"column":46}},"192":{"start":{"line":317,"column":4},"end":{"line":317,"column":45}},"193":{"start":{"line":318,"column":4},"end":{"line":318,"column":27}},"194":{"start":{"line":322,"column":4},"end":{"line":329,"column":null}},"195":{"start":{"line":324,"column":12},"end":{"line":324,"column":79}},"196":{"start":{"line":327,"column":12},"end":{"line":327,"column":61}},"197":{"start":{"line":339,"column":4},"end":{"line":344,"column":6}},"198":{"start":{"line":340,"column":18},"end":{"line":340,"column":25}},"199":{"start":{"line":341,"column":8},"end":{"line":341,"column":38}},"200":{"start":{"line":342,"column":8},"end":{"line":342,"column":38}},"201":{"start":{"line":343,"column":8},"end":{"line":343,"column":33}},"202":{"start":{"line":348,"column":15},"end":{"line":348,"column":20}},"203":{"start":{"line":349,"column":4},"end":{"line":349,"column":76}},"204":{"start":{"line":349,"column":44},"end":{"line":349,"column":74}},"205":{"start":{"line":350,"column":18},"end":{"line":350,"column":38}},"206":{"start":{"line":351,"column":14},"end":{"line":351,"column":32}},"207":{"start":{"line":352,"column":4},"end":{"line":352,"column":75}},"208":{"start":{"line":356,"column":18},"end":{"line":356,"column":40}},"209":{"start":{"line":357,"column":14},"end":{"line":357,"column":34}},"210":{"start":{"line":358,"column":4},"end":{"line":358,"column":75}},"211":{"start":{"line":362,"column":18},"end":{"line":362,"column":36}},"212":{"start":{"line":363,"column":4},"end":{"line":363,"column":39}},"213":{"start":{"line":364,"column":4},"end":{"line":364,"column":36}},"214":{"start":{"line":365,"column":4},"end":{"line":365,"column":27}},"215":{"start":{"line":369,"column":4},"end":{"line":376,"column":null}},"216":{"start":{"line":371,"column":12},"end":{"line":371,"column":84}},"217":{"start":{"line":374,"column":12},"end":{"line":374,"column":66}},"218":{"start":{"line":385,"column":4},"end":{"line":389,"column":6}},"219":{"start":{"line":386,"column":18},"end":{"line":386,"column":25}},"220":{"start":{"line":387,"column":8},"end":{"line":387,"column":38}},"221":{"start":{"line":388,"column":8},"end":{"line":388,"column":38}},"222":{"start":{"line":393,"column":15},"end":{"line":393,"column":20}},"223":{"start":{"line":394,"column":4},"end":{"line":394,"column":76}},"224":{"start":{"line":394,"column":44},"end":{"line":394,"column":74}},"225":{"start":{"line":395,"column":18},"end":{"line":395,"column":38}},"226":{"start":{"line":396,"column":4},"end":{"line":396,"column":59}},"227":{"start":{"line":400,"column":18},"end":{"line":400,"column":40}},"228":{"start":{"line":401,"column":4},"end":{"line":401,"column":59}},"229":{"start":{"line":405,"column":18},"end":{"line":405,"column":36}},"230":{"start":{"line":406,"column":4},"end":{"line":406,"column":39}},"231":{"start":{"line":407,"column":4},"end":{"line":407,"column":27}},"232":{"start":{"line":411,"column":4},"end":{"line":418,"column":null}},"233":{"start":{"line":413,"column":12},"end":{"line":413,"column":77}},"234":{"start":{"line":416,"column":12},"end":{"line":416,"column":59}},"235":{"start":{"line":427,"column":4},"end":{"line":431,"column":6}},"236":{"start":{"line":428,"column":18},"end":{"line":428,"column":25}},"237":{"start":{"line":429,"column":8},"end":{"line":429,"column":38}},"238":{"start":{"line":430,"column":8},"end":{"line":430,"column":38}},"239":{"start":{"line":435,"column":15},"end":{"line":435,"column":20}},"240":{"start":{"line":436,"column":4},"end":{"line":436,"column":76}},"241":{"start":{"line":436,"column":44},"end":{"line":436,"column":74}},"242":{"start":{"line":437,"column":18},"end":{"line":437,"column":38}},"243":{"start":{"line":438,"column":4},"end":{"line":438,"column":60}},"244":{"start":{"line":442,"column":18},"end":{"line":442,"column":40}},"245":{"start":{"line":443,"column":4},"end":{"line":443,"column":60}},"246":{"start":{"line":447,"column":18},"end":{"line":447,"column":36}},"247":{"start":{"line":448,"column":4},"end":{"line":448,"column":39}},"248":{"start":{"line":449,"column":4},"end":{"line":449,"column":27}},"249":{"start":{"line":453,"column":4},"end":{"line":460,"column":null}},"250":{"start":{"line":455,"column":12},"end":{"line":455,"column":78}},"251":{"start":{"line":458,"column":12},"end":{"line":458,"column":60}},"252":{"start":{"line":469,"column":4},"end":{"line":473,"column":6}},"253":{"start":{"line":470,"column":18},"end":{"line":470,"column":25}},"254":{"start":{"line":471,"column":8},"end":{"line":471,"column":38}},"255":{"start":{"line":472,"column":8},"end":{"line":472,"column":42}},"256":{"start":{"line":477,"column":15},"end":{"line":477,"column":20}},"257":{"start":{"line":478,"column":4},"end":{"line":478,"column":76}},"258":{"start":{"line":478,"column":44},"end":{"line":478,"column":74}},"259":{"start":{"line":479,"column":22},"end":{"line":479,"column":42}},"260":{"start":{"line":480,"column":4},"end":{"line":480,"column":79}},"261":{"start":{"line":484,"column":22},"end":{"line":484,"column":44}},"262":{"start":{"line":485,"column":4},"end":{"line":485,"column":79}},"263":{"start":{"line":489,"column":18},"end":{"line":489,"column":36}},"264":{"start":{"line":490,"column":4},"end":{"line":490,"column":43}},"265":{"start":{"line":491,"column":4},"end":{"line":491,"column":27}},"266":{"start":{"line":495,"column":4},"end":{"line":502,"column":null}},"267":{"start":{"line":497,"column":12},"end":{"line":497,"column":89}},"268":{"start":{"line":500,"column":12},"end":{"line":500,"column":71}},"269":{"start":{"line":512,"column":4},"end":{"line":517,"column":6}},"270":{"start":{"line":513,"column":18},"end":{"line":513,"column":25}},"271":{"start":{"line":514,"column":8},"end":{"line":514,"column":37}},"272":{"start":{"line":515,"column":8},"end":{"line":515,"column":38}},"273":{"start":{"line":516,"column":8},"end":{"line":516,"column":38}},"274":{"start":{"line":521,"column":15},"end":{"line":521,"column":20}},"275":{"start":{"line":522,"column":4},"end":{"line":522,"column":75}},"276":{"start":{"line":522,"column":43},"end":{"line":522,"column":73}},"277":{"start":{"line":523,"column":19},"end":{"line":523,"column":37}},"278":{"start":{"line":524,"column":18},"end":{"line":524,"column":38}},"279":{"start":{"line":525,"column":4},"end":{"line":525,"column":81}},"280":{"start":{"line":529,"column":19},"end":{"line":529,"column":39}},"281":{"start":{"line":530,"column":18},"end":{"line":530,"column":40}},"282":{"start":{"line":531,"column":4},"end":{"line":531,"column":81}},"283":{"start":{"line":535,"column":18},"end":{"line":535,"column":36}},"284":{"start":{"line":536,"column":4},"end":{"line":536,"column":41}},"285":{"start":{"line":537,"column":4},"end":{"line":537,"column":39}},"286":{"start":{"line":538,"column":4},"end":{"line":538,"column":27}},"287":{"start":{"line":542,"column":4},"end":{"line":549,"column":null}},"288":{"start":{"line":544,"column":12},"end":{"line":544,"column":80}},"289":{"start":{"line":547,"column":12},"end":{"line":547,"column":62}},"290":{"start":{"line":559,"column":4},"end":{"line":564,"column":6}},"291":{"start":{"line":560,"column":18},"end":{"line":560,"column":25}},"292":{"start":{"line":561,"column":8},"end":{"line":561,"column":38}},"293":{"start":{"line":562,"column":8},"end":{"line":562,"column":38}},"294":{"start":{"line":563,"column":8},"end":{"line":563,"column":38}},"295":{"start":{"line":568,"column":15},"end":{"line":568,"column":20}},"296":{"start":{"line":569,"column":4},"end":{"line":569,"column":76}},"297":{"start":{"line":569,"column":44},"end":{"line":569,"column":74}},"298":{"start":{"line":570,"column":19},"end":{"line":570,"column":37}},"299":{"start":{"line":571,"column":18},"end":{"line":571,"column":38}},"300":{"start":{"line":572,"column":4},"end":{"line":572,"column":83}},"301":{"start":{"line":576,"column":19},"end":{"line":576,"column":39}},"302":{"start":{"line":577,"column":18},"end":{"line":577,"column":40}},"303":{"start":{"line":578,"column":4},"end":{"line":578,"column":83}},"304":{"start":{"line":582,"column":18},"end":{"line":582,"column":36}},"305":{"start":{"line":583,"column":4},"end":{"line":583,"column":41}},"306":{"start":{"line":584,"column":4},"end":{"line":584,"column":39}},"307":{"start":{"line":585,"column":4},"end":{"line":585,"column":27}},"308":{"start":{"line":589,"column":4},"end":{"line":596,"column":null}},"309":{"start":{"line":591,"column":12},"end":{"line":591,"column":82}},"310":{"start":{"line":594,"column":12},"end":{"line":594,"column":64}},"311":{"start":{"line":605,"column":4},"end":{"line":609,"column":6}},"312":{"start":{"line":606,"column":18},"end":{"line":606,"column":25}},"313":{"start":{"line":607,"column":8},"end":{"line":607,"column":37}},"314":{"start":{"line":608,"column":8},"end":{"line":608,"column":38}},"315":{"start":{"line":613,"column":15},"end":{"line":613,"column":20}},"316":{"start":{"line":614,"column":4},"end":{"line":614,"column":75}},"317":{"start":{"line":614,"column":43},"end":{"line":614,"column":73}},"318":{"start":{"line":615,"column":18},"end":{"line":615,"column":38}},"319":{"start":{"line":616,"column":4},"end":{"line":616,"column":66}},"320":{"start":{"line":620,"column":18},"end":{"line":620,"column":40}},"321":{"start":{"line":621,"column":4},"end":{"line":621,"column":66}},"322":{"start":{"line":625,"column":18},"end":{"line":625,"column":36}},"323":{"start":{"line":626,"column":4},"end":{"line":626,"column":39}},"324":{"start":{"line":627,"column":4},"end":{"line":627,"column":27}},"325":{"start":{"line":631,"column":4},"end":{"line":638,"column":null}},"326":{"start":{"line":633,"column":12},"end":{"line":633,"column":84}},"327":{"start":{"line":636,"column":12},"end":{"line":636,"column":66}},"328":{"start":{"line":653,"column":4},"end":{"line":663,"column":6}},"329":{"start":{"line":654,"column":18},"end":{"line":654,"column":25}},"330":{"start":{"line":655,"column":8},"end":{"line":655,"column":37}},"331":{"start":{"line":656,"column":8},"end":{"line":656,"column":39}},"332":{"start":{"line":657,"column":8},"end":{"line":657,"column":35}},"333":{"start":{"line":658,"column":8},"end":{"line":658,"column":42}},"334":{"start":{"line":659,"column":8},"end":{"line":659,"column":51}},"335":{"start":{"line":660,"column":8},"end":{"line":660,"column":159}},"336":{"start":{"line":660,"column":79},"end":{"line":660,"column":127}},"337":{"start":{"line":660,"column":137},"end":{"line":660,"column":157}},"338":{"start":{"line":661,"column":8},"end":{"line":661,"column":47}},"339":{"start":{"line":662,"column":8},"end":{"line":662,"column":58}},"340":{"start":{"line":667,"column":15},"end":{"line":667,"column":20}},"341":{"start":{"line":668,"column":4},"end":{"line":668,"column":75}},"342":{"start":{"line":668,"column":43},"end":{"line":668,"column":73}},"343":{"start":{"line":669,"column":19},"end":{"line":669,"column":39}},"344":{"start":{"line":670,"column":18},"end":{"line":670,"column":34}},"345":{"start":{"line":671,"column":23},"end":{"line":671,"column":41}},"346":{"start":{"line":672,"column":32},"end":{"line":672,"column":50}},"347":{"start":{"line":673,"column":26},"end":{"line":673,"column":64}},"348":{"start":{"line":674,"column":30},"end":{"line":674,"column":46}},"349":{"start":{"line":675,"column":27},"end":{"line":675,"column":31}},"350":{"start":{"line":676,"column":4},"end":{"line":676,"column":265}},"351":{"start":{"line":680,"column":19},"end":{"line":680,"column":41}},"352":{"start":{"line":681,"column":18},"end":{"line":681,"column":40}},"353":{"start":{"line":682,"column":23},"end":{"line":682,"column":43}},"354":{"start":{"line":683,"column":32},"end":{"line":683,"column":52}},"355":{"start":{"line":684,"column":26},"end":{"line":684,"column":46}},"356":{"start":{"line":685,"column":30},"end":{"line":685,"column":52}},"357":{"start":{"line":686,"column":27},"end":{"line":686,"column":54}},"358":{"start":{"line":687,"column":4},"end":{"line":687,"column":265}},"359":{"start":{"line":691,"column":18},"end":{"line":691,"column":36}},"360":{"start":{"line":692,"column":4},"end":{"line":692,"column":40}},"361":{"start":{"line":693,"column":4},"end":{"line":693,"column":39}},"362":{"start":{"line":694,"column":4},"end":{"line":694,"column":45}},"363":{"start":{"line":695,"column":4},"end":{"line":695,"column":54}},"364":{"start":{"line":696,"column":4},"end":{"line":696,"column":45}},"365":{"start":{"line":697,"column":4},"end":{"line":697,"column":51}},"366":{"start":{"line":698,"column":4},"end":{"line":698,"column":56}},"367":{"start":{"line":699,"column":4},"end":{"line":699,"column":27}},"368":{"start":{"line":703,"column":4},"end":{"line":710,"column":null}},"369":{"start":{"line":705,"column":12},"end":{"line":705,"column":83}},"370":{"start":{"line":708,"column":12},"end":{"line":708,"column":65}},"371":{"start":{"line":724,"column":4},"end":{"line":733,"column":6}},"372":{"start":{"line":725,"column":18},"end":{"line":725,"column":25}},"373":{"start":{"line":726,"column":8},"end":{"line":726,"column":37}},"374":{"start":{"line":727,"column":8},"end":{"line":727,"column":39}},"375":{"start":{"line":728,"column":8},"end":{"line":728,"column":35}},"376":{"start":{"line":729,"column":8},"end":{"line":729,"column":35}},"377":{"start":{"line":730,"column":8},"end":{"line":730,"column":51}},"378":{"start":{"line":731,"column":8},"end":{"line":731,"column":47}},"379":{"start":{"line":732,"column":8},"end":{"line":732,"column":58}},"380":{"start":{"line":737,"column":15},"end":{"line":737,"column":20}},"381":{"start":{"line":738,"column":4},"end":{"line":738,"column":75}},"382":{"start":{"line":738,"column":43},"end":{"line":738,"column":73}},"383":{"start":{"line":739,"column":19},"end":{"line":739,"column":39}},"384":{"start":{"line":740,"column":18},"end":{"line":740,"column":34}},"385":{"start":{"line":741,"column":16},"end":{"line":741,"column":34}},"386":{"start":{"line":742,"column":32},"end":{"line":742,"column":55}},"387":{"start":{"line":743,"column":30},"end":{"line":743,"column":46}},"388":{"start":{"line":744,"column":27},"end":{"line":744,"column":31}},"389":{"start":{"line":745,"column":4},"end":{"line":745,"column":226}},"390":{"start":{"line":749,"column":19},"end":{"line":749,"column":41}},"391":{"start":{"line":750,"column":18},"end":{"line":750,"column":40}},"392":{"start":{"line":751,"column":16},"end":{"line":751,"column":36}},"393":{"start":{"line":752,"column":32},"end":{"line":752,"column":55}},"394":{"start":{"line":753,"column":30},"end":{"line":753,"column":52}},"395":{"start":{"line":754,"column":27},"end":{"line":754,"column":54}},"396":{"start":{"line":755,"column":4},"end":{"line":755,"column":226}},"397":{"start":{"line":759,"column":18},"end":{"line":759,"column":36}},"398":{"start":{"line":760,"column":4},"end":{"line":760,"column":40}},"399":{"start":{"line":761,"column":4},"end":{"line":761,"column":39}},"400":{"start":{"line":762,"column":4},"end":{"line":762,"column":38}},"401":{"start":{"line":763,"column":4},"end":{"line":763,"column":54}},"402":{"start":{"line":764,"column":4},"end":{"line":764,"column":51}},"403":{"start":{"line":765,"column":4},"end":{"line":765,"column":56}},"404":{"start":{"line":766,"column":4},"end":{"line":766,"column":27}},"405":{"start":{"line":770,"column":4},"end":{"line":777,"column":null}},"406":{"start":{"line":772,"column":12},"end":{"line":772,"column":91}},"407":{"start":{"line":775,"column":12},"end":{"line":775,"column":73}},"408":{"start":{"line":789,"column":4},"end":{"line":796,"column":6}},"409":{"start":{"line":790,"column":18},"end":{"line":790,"column":25}},"410":{"start":{"line":791,"column":8},"end":{"line":791,"column":38}},"411":{"start":{"line":792,"column":8},"end":{"line":792,"column":39}},"412":{"start":{"line":793,"column":8},"end":{"line":793,"column":35}},"413":{"start":{"line":794,"column":8},"end":{"line":794,"column":37}},"414":{"start":{"line":795,"column":8},"end":{"line":795,"column":58}},"415":{"start":{"line":800,"column":15},"end":{"line":800,"column":20}},"416":{"start":{"line":801,"column":4},"end":{"line":801,"column":76}},"417":{"start":{"line":801,"column":44},"end":{"line":801,"column":74}},"418":{"start":{"line":802,"column":19},"end":{"line":802,"column":39}},"419":{"start":{"line":803,"column":18},"end":{"line":803,"column":34}},"420":{"start":{"line":804,"column":18},"end":{"line":804,"column":36}},"421":{"start":{"line":805,"column":27},"end":{"line":805,"column":31}},"422":{"start":{"line":806,"column":4},"end":{"line":806,"column":140}},"423":{"start":{"line":810,"column":19},"end":{"line":810,"column":41}},"424":{"start":{"line":811,"column":18},"end":{"line":811,"column":40}},"425":{"start":{"line":812,"column":18},"end":{"line":812,"column":38}},"426":{"start":{"line":813,"column":27},"end":{"line":813,"column":54}},"427":{"start":{"line":814,"column":4},"end":{"line":814,"column":140}},"428":{"start":{"line":818,"column":18},"end":{"line":818,"column":36}},"429":{"start":{"line":819,"column":4},"end":{"line":819,"column":40}},"430":{"start":{"line":820,"column":4},"end":{"line":820,"column":39}},"431":{"start":{"line":821,"column":4},"end":{"line":821,"column":40}},"432":{"start":{"line":822,"column":4},"end":{"line":822,"column":56}},"433":{"start":{"line":823,"column":4},"end":{"line":823,"column":27}},"434":{"start":{"line":827,"column":4},"end":{"line":834,"column":null}},"435":{"start":{"line":829,"column":12},"end":{"line":829,"column":87}},"436":{"start":{"line":832,"column":12},"end":{"line":832,"column":69}},"437":{"start":{"line":846,"column":4},"end":{"line":853,"column":6}},"438":{"start":{"line":847,"column":18},"end":{"line":847,"column":25}},"439":{"start":{"line":848,"column":8},"end":{"line":848,"column":38}},"440":{"start":{"line":849,"column":8},"end":{"line":849,"column":39}},"441":{"start":{"line":850,"column":8},"end":{"line":850,"column":35}},"442":{"start":{"line":851,"column":8},"end":{"line":851,"column":36}},"443":{"start":{"line":852,"column":8},"end":{"line":852,"column":51}},"444":{"start":{"line":857,"column":15},"end":{"line":857,"column":20}},"445":{"start":{"line":858,"column":4},"end":{"line":858,"column":76}},"446":{"start":{"line":858,"column":44},"end":{"line":858,"column":74}},"447":{"start":{"line":859,"column":19},"end":{"line":859,"column":39}},"448":{"start":{"line":860,"column":18},"end":{"line":860,"column":34}},"449":{"start":{"line":861,"column":17},"end":{"line":861,"column":35}},"450":{"start":{"line":862,"column":32},"end":{"line":862,"column":50}},"451":{"start":{"line":863,"column":4},"end":{"line":863,"column":140}},"452":{"start":{"line":867,"column":19},"end":{"line":867,"column":41}},"453":{"start":{"line":868,"column":18},"end":{"line":868,"column":40}},"454":{"start":{"line":869,"column":17},"end":{"line":869,"column":37}},"455":{"start":{"line":870,"column":32},"end":{"line":870,"column":52}},"456":{"start":{"line":871,"column":4},"end":{"line":871,"column":140}},"457":{"start":{"line":875,"column":18},"end":{"line":875,"column":36}},"458":{"start":{"line":876,"column":4},"end":{"line":876,"column":40}},"459":{"start":{"line":877,"column":4},"end":{"line":877,"column":39}},"460":{"start":{"line":878,"column":4},"end":{"line":878,"column":39}},"461":{"start":{"line":879,"column":4},"end":{"line":879,"column":54}},"462":{"start":{"line":880,"column":4},"end":{"line":880,"column":27}},"463":{"start":{"line":884,"column":4},"end":{"line":891,"column":null}},"464":{"start":{"line":886,"column":12},"end":{"line":886,"column":79}},"465":{"start":{"line":889,"column":12},"end":{"line":889,"column":61}},"466":{"start":{"line":903,"column":4},"end":{"line":910,"column":6}},"467":{"start":{"line":904,"column":18},"end":{"line":904,"column":25}},"468":{"start":{"line":905,"column":8},"end":{"line":905,"column":38}},"469":{"start":{"line":906,"column":8},"end":{"line":906,"column":39}},"470":{"start":{"line":907,"column":8},"end":{"line":907,"column":35}},"471":{"start":{"line":908,"column":8},"end":{"line":908,"column":36}},"472":{"start":{"line":909,"column":8},"end":{"line":909,"column":51}},"473":{"start":{"line":914,"column":15},"end":{"line":914,"column":20}},"474":{"start":{"line":915,"column":4},"end":{"line":915,"column":76}},"475":{"start":{"line":915,"column":44},"end":{"line":915,"column":74}},"476":{"start":{"line":916,"column":19},"end":{"line":916,"column":39}},"477":{"start":{"line":917,"column":18},"end":{"line":917,"column":34}},"478":{"start":{"line":918,"column":17},"end":{"line":918,"column":35}},"479":{"start":{"line":919,"column":32},"end":{"line":919,"column":55}},"480":{"start":{"line":920,"column":4},"end":{"line":920,"column":152}},"481":{"start":{"line":924,"column":19},"end":{"line":924,"column":41}},"482":{"start":{"line":925,"column":18},"end":{"line":925,"column":40}},"483":{"start":{"line":926,"column":17},"end":{"line":926,"column":37}},"484":{"start":{"line":927,"column":32},"end":{"line":927,"column":55}},"485":{"start":{"line":928,"column":4},"end":{"line":928,"column":152}},"486":{"start":{"line":932,"column":18},"end":{"line":932,"column":36}},"487":{"start":{"line":933,"column":4},"end":{"line":933,"column":40}},"488":{"start":{"line":934,"column":4},"end":{"line":934,"column":39}},"489":{"start":{"line":935,"column":4},"end":{"line":935,"column":39}},"490":{"start":{"line":936,"column":4},"end":{"line":936,"column":54}},"491":{"start":{"line":937,"column":4},"end":{"line":937,"column":27}},"492":{"start":{"line":941,"column":4},"end":{"line":948,"column":null}},"493":{"start":{"line":943,"column":12},"end":{"line":943,"column":91}},"494":{"start":{"line":946,"column":12},"end":{"line":946,"column":73}},"495":{"start":{"line":957,"column":4},"end":{"line":961,"column":6}},"496":{"start":{"line":958,"column":18},"end":{"line":958,"column":25}},"497":{"start":{"line":959,"column":8},"end":{"line":959,"column":38}},"498":{"start":{"line":960,"column":8},"end":{"line":960,"column":39}},"499":{"start":{"line":965,"column":15},"end":{"line":965,"column":20}},"500":{"start":{"line":966,"column":4},"end":{"line":966,"column":76}},"501":{"start":{"line":966,"column":44},"end":{"line":966,"column":74}},"502":{"start":{"line":967,"column":19},"end":{"line":967,"column":39}},"503":{"start":{"line":968,"column":4},"end":{"line":968,"column":67}},"504":{"start":{"line":972,"column":19},"end":{"line":972,"column":41}},"505":{"start":{"line":973,"column":4},"end":{"line":973,"column":67}},"506":{"start":{"line":977,"column":18},"end":{"line":977,"column":36}},"507":{"start":{"line":978,"column":4},"end":{"line":978,"column":40}},"508":{"start":{"line":979,"column":4},"end":{"line":979,"column":27}},"509":{"start":{"line":983,"column":4},"end":{"line":990,"column":null}},"510":{"start":{"line":985,"column":12},"end":{"line":985,"column":83}},"511":{"start":{"line":988,"column":12},"end":{"line":988,"column":65}},"512":{"start":{"line":999,"column":4},"end":{"line":1003,"column":6}},"513":{"start":{"line":1000,"column":18},"end":{"line":1000,"column":25}},"514":{"start":{"line":1001,"column":8},"end":{"line":1001,"column":38}},"515":{"start":{"line":1002,"column":8},"end":{"line":1002,"column":34}},"516":{"start":{"line":1007,"column":15},"end":{"line":1007,"column":20}},"517":{"start":{"line":1008,"column":4},"end":{"line":1008,"column":76}},"518":{"start":{"line":1008,"column":44},"end":{"line":1008,"column":74}},"519":{"start":{"line":1009,"column":19},"end":{"line":1009,"column":33}},"520":{"start":{"line":1010,"column":4},"end":{"line":1010,"column":72}},"521":{"start":{"line":1014,"column":19},"end":{"line":1014,"column":36}},"522":{"start":{"line":1015,"column":4},"end":{"line":1015,"column":72}},"523":{"start":{"line":1019,"column":18},"end":{"line":1019,"column":36}},"524":{"start":{"line":1020,"column":4},"end":{"line":1020,"column":38}},"525":{"start":{"line":1021,"column":4},"end":{"line":1021,"column":27}},"526":{"start":{"line":1025,"column":4},"end":{"line":1032,"column":null}},"527":{"start":{"line":1027,"column":12},"end":{"line":1027,"column":88}},"528":{"start":{"line":1030,"column":12},"end":{"line":1030,"column":70}},"529":{"start":{"line":1041,"column":4},"end":{"line":1045,"column":6}},"530":{"start":{"line":1042,"column":18},"end":{"line":1042,"column":25}},"531":{"start":{"line":1043,"column":8},"end":{"line":1043,"column":38}},"532":{"start":{"line":1044,"column":8},"end":{"line":1044,"column":37}},"533":{"start":{"line":1049,"column":15},"end":{"line":1049,"column":20}},"534":{"start":{"line":1050,"column":4},"end":{"line":1050,"column":76}},"535":{"start":{"line":1050,"column":44},"end":{"line":1050,"column":74}},"536":{"start":{"line":1051,"column":18},"end":{"line":1051,"column":36}},"537":{"start":{"line":1052,"column":4},"end":{"line":1052,"column":75}},"538":{"start":{"line":1056,"column":18},"end":{"line":1056,"column":38}},"539":{"start":{"line":1057,"column":4},"end":{"line":1057,"column":75}},"540":{"start":{"line":1061,"column":18},"end":{"line":1061,"column":36}},"541":{"start":{"line":1062,"column":4},"end":{"line":1062,"column":40}},"542":{"start":{"line":1063,"column":4},"end":{"line":1063,"column":27}},"543":{"start":{"line":1067,"column":4},"end":{"line":1074,"column":null}},"544":{"start":{"line":1069,"column":12},"end":{"line":1069,"column":93}},"545":{"start":{"line":1072,"column":12},"end":{"line":1072,"column":75}},"546":{"start":{"line":1086,"column":4},"end":{"line":1092,"column":6}},"547":{"start":{"line":1087,"column":18},"end":{"line":1087,"column":25}},"548":{"start":{"line":1088,"column":8},"end":{"line":1088,"column":39}},"549":{"start":{"line":1089,"column":8},"end":{"line":1089,"column":36}},"550":{"start":{"line":1090,"column":8},"end":{"line":1090,"column":37}},"551":{"start":{"line":1091,"column":8},"end":{"line":1091,"column":37}},"552":{"start":{"line":1096,"column":15},"end":{"line":1096,"column":20}},"553":{"start":{"line":1097,"column":19},"end":{"line":1097,"column":39}},"554":{"start":{"line":1098,"column":17},"end":{"line":1098,"column":35}},"555":{"start":{"line":1099,"column":18},"end":{"line":1099,"column":36}},"556":{"start":{"line":1100,"column":22},"end":{"line":1100,"column":36}},"557":{"start":{"line":1101,"column":4},"end":{"line":1101,"column":127}},"558":{"start":{"line":1105,"column":19},"end":{"line":1105,"column":41}},"559":{"start":{"line":1106,"column":17},"end":{"line":1106,"column":37}},"560":{"start":{"line":1107,"column":18},"end":{"line":1107,"column":38}},"561":{"start":{"line":1108,"column":22},"end":{"line":1108,"column":39}},"562":{"start":{"line":1109,"column":4},"end":{"line":1109,"column":127}},"563":{"start":{"line":1113,"column":18},"end":{"line":1113,"column":36}},"564":{"start":{"line":1114,"column":4},"end":{"line":1114,"column":40}},"565":{"start":{"line":1115,"column":4},"end":{"line":1115,"column":39}},"566":{"start":{"line":1116,"column":4},"end":{"line":1116,"column":40}},"567":{"start":{"line":1117,"column":4},"end":{"line":1117,"column":41}},"568":{"start":{"line":1118,"column":4},"end":{"line":1118,"column":27}},"569":{"start":{"line":1122,"column":4},"end":{"line":1129,"column":null}},"570":{"start":{"line":1124,"column":12},"end":{"line":1124,"column":86}},"571":{"start":{"line":1127,"column":12},"end":{"line":1127,"column":68}},"572":{"start":{"line":1139,"column":4},"end":{"line":1144,"column":6}},"573":{"start":{"line":1140,"column":18},"end":{"line":1140,"column":25}},"574":{"start":{"line":1141,"column":8},"end":{"line":1141,"column":38}},"575":{"start":{"line":1142,"column":8},"end":{"line":1142,"column":38}},"576":{"start":{"line":1143,"column":8},"end":{"line":1143,"column":39}},"577":{"start":{"line":1148,"column":15},"end":{"line":1148,"column":20}},"578":{"start":{"line":1149,"column":4},"end":{"line":1149,"column":76}},"579":{"start":{"line":1149,"column":44},"end":{"line":1149,"column":74}},"580":{"start":{"line":1150,"column":18},"end":{"line":1150,"column":38}},"581":{"start":{"line":1151,"column":20},"end":{"line":1151,"column":38}},"582":{"start":{"line":1152,"column":4},"end":{"line":1152,"column":77}},"583":{"start":{"line":1156,"column":18},"end":{"line":1156,"column":40}},"584":{"start":{"line":1157,"column":20},"end":{"line":1157,"column":40}},"585":{"start":{"line":1158,"column":4},"end":{"line":1158,"column":77}},"586":{"start":{"line":1162,"column":18},"end":{"line":1162,"column":36}},"587":{"start":{"line":1163,"column":4},"end":{"line":1163,"column":39}},"588":{"start":{"line":1164,"column":4},"end":{"line":1164,"column":42}},"589":{"start":{"line":1165,"column":4},"end":{"line":1165,"column":27}},"590":{"start":{"line":1169,"column":4},"end":{"line":1176,"column":null}},"591":{"start":{"line":1171,"column":12},"end":{"line":1171,"column":74}},"592":{"start":{"line":1174,"column":12},"end":{"line":1174,"column":56}},"593":{"start":{"line":1189,"column":4},"end":{"line":1196,"column":6}},"594":{"start":{"line":1190,"column":18},"end":{"line":1190,"column":25}},"595":{"start":{"line":1191,"column":8},"end":{"line":1191,"column":43}},"596":{"start":{"line":1192,"column":8},"end":{"line":1192,"column":35}},"597":{"start":{"line":1193,"column":8},"end":{"line":1193,"column":36}},"598":{"start":{"line":1194,"column":8},"end":{"line":1194,"column":34}},"599":{"start":{"line":1195,"column":8},"end":{"line":1195,"column":37}},"600":{"start":{"line":1200,"column":15},"end":{"line":1200,"column":20}},"601":{"start":{"line":1201,"column":23},"end":{"line":1201,"column":43}},"602":{"start":{"line":1202,"column":20},"end":{"line":1202,"column":34}},"603":{"start":{"line":1203,"column":17},"end":{"line":1203,"column":35}},"604":{"start":{"line":1204,"column":19},"end":{"line":1204,"column":33}},"605":{"start":{"line":1205,"column":22},"end":{"line":1205,"column":36}},"606":{"start":{"line":1206,"column":4},"end":{"line":1206,"column":152}},"607":{"start":{"line":1210,"column":23},"end":{"line":1210,"column":45}},"608":{"start":{"line":1211,"column":20},"end":{"line":1211,"column":40}},"609":{"start":{"line":1212,"column":17},"end":{"line":1212,"column":37}},"610":{"start":{"line":1213,"column":19},"end":{"line":1213,"column":36}},"611":{"start":{"line":1214,"column":22},"end":{"line":1214,"column":39}},"612":{"start":{"line":1215,"column":4},"end":{"line":1215,"column":152}},"613":{"start":{"line":1219,"column":18},"end":{"line":1219,"column":36}},"614":{"start":{"line":1220,"column":4},"end":{"line":1220,"column":44}},"615":{"start":{"line":1221,"column":4},"end":{"line":1221,"column":42}},"616":{"start":{"line":1222,"column":4},"end":{"line":1222,"column":39}},"617":{"start":{"line":1223,"column":4},"end":{"line":1223,"column":38}},"618":{"start":{"line":1224,"column":4},"end":{"line":1224,"column":41}},"619":{"start":{"line":1225,"column":4},"end":{"line":1225,"column":27}},"620":{"start":{"line":1229,"column":4},"end":{"line":1236,"column":null}},"621":{"start":{"line":1231,"column":12},"end":{"line":1231,"column":80}},"622":{"start":{"line":1234,"column":12},"end":{"line":1234,"column":62}},"623":{"start":{"line":1246,"column":4},"end":{"line":1250,"column":6}},"624":{"start":{"line":1247,"column":18},"end":{"line":1247,"column":25}},"625":{"start":{"line":1248,"column":8},"end":{"line":1248,"column":37}},"626":{"start":{"line":1249,"column":8},"end":{"line":1249,"column":36}},"627":{"start":{"line":1254,"column":19},"end":{"line":1254,"column":2658}},"628":{"start":{"line":1255,"column":21},"end":{"line":1255,"column":2680}},"629":{"start":{"line":1256,"column":18},"end":{"line":1256,"column":29}},"630":{"start":{"line":1257,"column":4},"end":{"line":1257,"column":31}},"631":{"start":{"line":1258,"column":4},"end":{"line":1258,"column":28}},"632":{"start":{"line":1259,"column":4},"end":{"line":1259,"column":107}},"633":{"start":{"line":1260,"column":19},"end":{"line":1260,"column":36}},"634":{"start":{"line":1261,"column":4},"end":{"line":1261,"column":42}},"635":{"start":{"line":1264,"column":75},"end":{"line":1297,"column":null}},"636":{"start":{"line":1299,"column":45},"end":{"line":1324,"column":null}},"637":{"start":{"line":1326,"column":49},"end":{"line":1329,"column":null}},"638":{"start":{"line":1331,"column":13},"end":{"line":1334,"column":null}},"639":{"start":{"line":1336,"column":53},"end":{"line":1340,"column":null}},"640":{"start":{"line":1345,"column":8},"end":{"line":1345,"column":61}},"641":{"start":{"line":1349,"column":21},"end":{"line":1349,"column":66}},"642":{"start":{"line":1350,"column":24},"end":{"line":1350,"column":48}},"643":{"start":{"line":1351,"column":8},"end":{"line":1351,"column":54}},"644":{"start":{"line":1355,"column":8},"end":{"line":1355,"column":48}},"645":{"start":{"line":1360,"column":13},"end":{"line":1365,"column":6}},"646":{"start":{"line":1368,"column":8},"end":{"line":1368,"column":31}},"647":{"start":{"line":1369,"column":8},"end":{"line":1369,"column":25}},"648":{"start":{"line":1374,"column":32},"end":{"line":1374,"column":36}},"649":{"start":{"line":1375,"column":8},"end":{"line":1377,"column":9}},"650":{"start":{"line":1376,"column":12},"end":{"line":1376,"column":76}},"651":{"start":{"line":1378,"column":8},"end":{"line":1380,"column":9}},"652":{"start":{"line":1379,"column":12},"end":{"line":1379,"column":84}},"653":{"start":{"line":1381,"column":8},"end":{"line":1383,"column":9}},"654":{"start":{"line":1382,"column":12},"end":{"line":1382,"column":72}},"655":{"start":{"line":1384,"column":8},"end":{"line":1384,"column":71}},"656":{"start":{"line":1384,"column":29},"end":{"line":1384,"column":69}},"657":{"start":{"line":1386,"column":8},"end":{"line":1386,"column":62}},"658":{"start":{"line":1391,"column":22},"end":{"line":1391,"column":40}},"659":{"start":{"line":1392,"column":8},"end":{"line":1392,"column":35}},"660":{"start":{"line":1393,"column":21},"end":{"line":1393,"column":76}},"661":{"start":{"line":1394,"column":21},"end":{"line":1394,"column":43}},"662":{"start":{"line":1395,"column":8},"end":{"line":1395,"column":22}},"663":{"start":{"line":1399,"column":22},"end":{"line":1399,"column":40}},"664":{"start":{"line":1400,"column":21},"end":{"line":1400,"column":83}},"665":{"start":{"line":1401,"column":23},"end":{"line":1401,"column":68}},"666":{"start":{"line":1402,"column":8},"end":{"line":1402,"column":22}},"667":{"start":{"line":1342,"column":0},"end":{"line":1342,"column":13}}},"fnMap":{"0":{"name":"storeStateInit","decl":{"start":{"line":29,"column":16},"end":{"line":29,"column":30}},"loc":{"start":{"line":29,"column":45},"end":{"line":35,"column":1}}},"1":{"name":"(anonymous_1)","decl":{"start":{"line":30,"column":11},"end":{"line":30,"column":12}},"loc":{"start":{"line":30,"column":32},"end":{"line":34,"column":5}}},"2":{"name":"loadStateInit","decl":{"start":{"line":37,"column":16},"end":{"line":37,"column":29}},"loc":{"start":{"line":37,"column":42},"end":{"line":42,"column":1}}},"3":{"name":"loadTupleStateInit","decl":{"start":{"line":44,"column":9},"end":{"line":44,"column":27}},"loc":{"start":{"line":44,"column":47},"end":{"line":48,"column":1}}},"4":{"name":"storeTupleStateInit","decl":{"start":{"line":50,"column":9},"end":{"line":50,"column":28}},"loc":{"start":{"line":50,"column":46},"end":{"line":55,"column":1}}},"5":{"name":"dictValueParserStateInit","decl":{"start":{"line":57,"column":9},"end":{"line":57,"column":33}},"loc":{"start":{"line":57,"column":33},"end":{"line":66,"column":1}}},"6":{"name":"(anonymous_6)","decl":{"start":{"line":59,"column":19},"end":{"line":59,"column":20}},"loc":{"start":{"line":59,"column":36},"end":{"line":61,"column":9}}},"7":{"name":"(anonymous_7)","decl":{"start":{"line":62,"column":15},"end":{"line":62,"column":16}},"loc":{"start":{"line":62,"column":23},"end":{"line":64,"column":9}}},"8":{"name":"storeContext","decl":{"start":{"line":76,"column":16},"end":{"line":76,"column":28}},"loc":{"start":{"line":76,"column":41},"end":{"line":84,"column":1}}},"9":{"name":"(anonymous_9)","decl":{"start":{"line":77,"column":11},"end":{"line":77,"column":12}},"loc":{"start":{"line":77,"column":32},"end":{"line":83,"column":5}}},"10":{"name":"loadContext","decl":{"start":{"line":86,"column":16},"end":{"line":86,"column":27}},"loc":{"start":{"line":86,"column":40},"end":{"line":93,"column":1}}},"11":{"name":"loadTupleContext","decl":{"start":{"line":95,"column":9},"end":{"line":95,"column":25}},"loc":{"start":{"line":95,"column":45},"end":{"line":101,"column":1}}},"12":{"name":"storeTupleContext","decl":{"start":{"line":103,"column":9},"end":{"line":103,"column":26}},"loc":{"start":{"line":103,"column":42},"end":{"line":110,"column":1}}},"13":{"name":"dictValueParserContext","decl":{"start":{"line":112,"column":9},"end":{"line":112,"column":31}},"loc":{"start":{"line":112,"column":31},"end":{"line":121,"column":1}}},"14":{"name":"(anonymous_14)","decl":{"start":{"line":114,"column":19},"end":{"line":114,"column":20}},"loc":{"start":{"line":114,"column":36},"end":{"line":116,"column":9}}},"15":{"name":"(anonymous_15)","decl":{"start":{"line":117,"column":15},"end":{"line":117,"column":16}},"loc":{"start":{"line":117,"column":23},"end":{"line":119,"column":9}}},"16":{"name":"storeSendParameters","decl":{"start":{"line":134,"column":16},"end":{"line":134,"column":35}},"loc":{"start":{"line":134,"column":55},"end":{"line":145,"column":1}}},"17":{"name":"(anonymous_17)","decl":{"start":{"line":135,"column":11},"end":{"line":135,"column":12}},"loc":{"start":{"line":135,"column":32},"end":{"line":144,"column":5}}},"18":{"name":"loadSendParameters","decl":{"start":{"line":147,"column":16},"end":{"line":147,"column":34}},"loc":{"start":{"line":147,"column":47},"end":{"line":157,"column":1}}},"19":{"name":"loadTupleSendParameters","decl":{"start":{"line":159,"column":9},"end":{"line":159,"column":32}},"loc":{"start":{"line":159,"column":52},"end":{"line":168,"column":1}}},"20":{"name":"storeTupleSendParameters","decl":{"start":{"line":170,"column":9},"end":{"line":170,"column":33}},"loc":{"start":{"line":170,"column":56},"end":{"line":180,"column":1}}},"21":{"name":"dictValueParserSendParameters","decl":{"start":{"line":182,"column":9},"end":{"line":182,"column":38}},"loc":{"start":{"line":182,"column":38},"end":{"line":191,"column":1}}},"22":{"name":"(anonymous_22)","decl":{"start":{"line":184,"column":19},"end":{"line":184,"column":20}},"loc":{"start":{"line":184,"column":36},"end":{"line":186,"column":9}}},"23":{"name":"(anonymous_23)","decl":{"start":{"line":187,"column":15},"end":{"line":187,"column":16}},"loc":{"start":{"line":187,"column":23},"end":{"line":189,"column":9}}},"24":{"name":"storeChangeOwner","decl":{"start":{"line":199,"column":16},"end":{"line":199,"column":32}},"loc":{"start":{"line":199,"column":49},"end":{"line":206,"column":1}}},"25":{"name":"(anonymous_25)","decl":{"start":{"line":200,"column":11},"end":{"line":200,"column":12}},"loc":{"start":{"line":200,"column":32},"end":{"line":205,"column":5}}},"26":{"name":"loadChangeOwner","decl":{"start":{"line":208,"column":16},"end":{"line":208,"column":31}},"loc":{"start":{"line":208,"column":44},"end":{"line":214,"column":1}}},"27":{"name":"loadTupleChangeOwner","decl":{"start":{"line":216,"column":9},"end":{"line":216,"column":29}},"loc":{"start":{"line":216,"column":49},"end":{"line":220,"column":1}}},"28":{"name":"storeTupleChangeOwner","decl":{"start":{"line":222,"column":9},"end":{"line":222,"column":30}},"loc":{"start":{"line":222,"column":50},"end":{"line":227,"column":1}}},"29":{"name":"dictValueParserChangeOwner","decl":{"start":{"line":229,"column":9},"end":{"line":229,"column":35}},"loc":{"start":{"line":229,"column":35},"end":{"line":238,"column":1}}},"30":{"name":"(anonymous_30)","decl":{"start":{"line":231,"column":19},"end":{"line":231,"column":20}},"loc":{"start":{"line":231,"column":36},"end":{"line":233,"column":9}}},"31":{"name":"(anonymous_31)","decl":{"start":{"line":234,"column":15},"end":{"line":234,"column":16}},"loc":{"start":{"line":234,"column":23},"end":{"line":236,"column":9}}},"32":{"name":"storeChangeOwnerOk","decl":{"start":{"line":246,"column":16},"end":{"line":246,"column":34}},"loc":{"start":{"line":246,"column":53},"end":{"line":253,"column":1}}},"33":{"name":"(anonymous_33)","decl":{"start":{"line":247,"column":11},"end":{"line":247,"column":12}},"loc":{"start":{"line":247,"column":32},"end":{"line":252,"column":5}}},"34":{"name":"loadChangeOwnerOk","decl":{"start":{"line":255,"column":16},"end":{"line":255,"column":33}},"loc":{"start":{"line":255,"column":46},"end":{"line":261,"column":1}}},"35":{"name":"loadTupleChangeOwnerOk","decl":{"start":{"line":263,"column":9},"end":{"line":263,"column":31}},"loc":{"start":{"line":263,"column":51},"end":{"line":267,"column":1}}},"36":{"name":"storeTupleChangeOwnerOk","decl":{"start":{"line":269,"column":9},"end":{"line":269,"column":32}},"loc":{"start":{"line":269,"column":54},"end":{"line":274,"column":1}}},"37":{"name":"dictValueParserChangeOwnerOk","decl":{"start":{"line":276,"column":9},"end":{"line":276,"column":37}},"loc":{"start":{"line":276,"column":37},"end":{"line":285,"column":1}}},"38":{"name":"(anonymous_38)","decl":{"start":{"line":278,"column":19},"end":{"line":278,"column":20}},"loc":{"start":{"line":278,"column":36},"end":{"line":280,"column":9}}},"39":{"name":"(anonymous_39)","decl":{"start":{"line":281,"column":15},"end":{"line":281,"column":16}},"loc":{"start":{"line":281,"column":23},"end":{"line":283,"column":9}}},"40":{"name":"storeUserStake","decl":{"start":{"line":293,"column":16},"end":{"line":293,"column":30}},"loc":{"start":{"line":293,"column":45},"end":{"line":299,"column":1}}},"41":{"name":"(anonymous_41)","decl":{"start":{"line":294,"column":11},"end":{"line":294,"column":12}},"loc":{"start":{"line":294,"column":32},"end":{"line":298,"column":5}}},"42":{"name":"loadUserStake","decl":{"start":{"line":301,"column":16},"end":{"line":301,"column":29}},"loc":{"start":{"line":301,"column":42},"end":{"line":306,"column":1}}},"43":{"name":"loadTupleUserStake","decl":{"start":{"line":308,"column":9},"end":{"line":308,"column":27}},"loc":{"start":{"line":308,"column":47},"end":{"line":312,"column":1}}},"44":{"name":"storeTupleUserStake","decl":{"start":{"line":314,"column":9},"end":{"line":314,"column":28}},"loc":{"start":{"line":314,"column":46},"end":{"line":319,"column":1}}},"45":{"name":"dictValueParserUserStake","decl":{"start":{"line":321,"column":9},"end":{"line":321,"column":33}},"loc":{"start":{"line":321,"column":33},"end":{"line":330,"column":1}}},"46":{"name":"(anonymous_46)","decl":{"start":{"line":323,"column":19},"end":{"line":323,"column":20}},"loc":{"start":{"line":323,"column":36},"end":{"line":325,"column":9}}},"47":{"name":"(anonymous_47)","decl":{"start":{"line":326,"column":15},"end":{"line":326,"column":16}},"loc":{"start":{"line":326,"column":23},"end":{"line":328,"column":9}}},"48":{"name":"storeWithdrawJetton","decl":{"start":{"line":338,"column":16},"end":{"line":338,"column":35}},"loc":{"start":{"line":338,"column":55},"end":{"line":345,"column":1}}},"49":{"name":"(anonymous_49)","decl":{"start":{"line":339,"column":11},"end":{"line":339,"column":12}},"loc":{"start":{"line":339,"column":32},"end":{"line":344,"column":5}}},"50":{"name":"loadWithdrawJetton","decl":{"start":{"line":347,"column":16},"end":{"line":347,"column":34}},"loc":{"start":{"line":347,"column":47},"end":{"line":353,"column":1}}},"51":{"name":"loadTupleWithdrawJetton","decl":{"start":{"line":355,"column":9},"end":{"line":355,"column":32}},"loc":{"start":{"line":355,"column":52},"end":{"line":359,"column":1}}},"52":{"name":"storeTupleWithdrawJetton","decl":{"start":{"line":361,"column":9},"end":{"line":361,"column":33}},"loc":{"start":{"line":361,"column":56},"end":{"line":366,"column":1}}},"53":{"name":"dictValueParserWithdrawJetton","decl":{"start":{"line":368,"column":9},"end":{"line":368,"column":38}},"loc":{"start":{"line":368,"column":38},"end":{"line":377,"column":1}}},"54":{"name":"(anonymous_54)","decl":{"start":{"line":370,"column":19},"end":{"line":370,"column":20}},"loc":{"start":{"line":370,"column":36},"end":{"line":372,"column":9}}},"55":{"name":"(anonymous_55)","decl":{"start":{"line":373,"column":15},"end":{"line":373,"column":16}},"loc":{"start":{"line":373,"column":23},"end":{"line":375,"column":9}}},"56":{"name":"storeUnstake","decl":{"start":{"line":384,"column":16},"end":{"line":384,"column":28}},"loc":{"start":{"line":384,"column":41},"end":{"line":390,"column":1}}},"57":{"name":"(anonymous_57)","decl":{"start":{"line":385,"column":11},"end":{"line":385,"column":12}},"loc":{"start":{"line":385,"column":32},"end":{"line":389,"column":5}}},"58":{"name":"loadUnstake","decl":{"start":{"line":392,"column":16},"end":{"line":392,"column":27}},"loc":{"start":{"line":392,"column":40},"end":{"line":397,"column":1}}},"59":{"name":"loadTupleUnstake","decl":{"start":{"line":399,"column":9},"end":{"line":399,"column":25}},"loc":{"start":{"line":399,"column":45},"end":{"line":402,"column":1}}},"60":{"name":"storeTupleUnstake","decl":{"start":{"line":404,"column":9},"end":{"line":404,"column":26}},"loc":{"start":{"line":404,"column":42},"end":{"line":408,"column":1}}},"61":{"name":"dictValueParserUnstake","decl":{"start":{"line":410,"column":9},"end":{"line":410,"column":31}},"loc":{"start":{"line":410,"column":31},"end":{"line":419,"column":1}}},"62":{"name":"(anonymous_62)","decl":{"start":{"line":412,"column":19},"end":{"line":412,"column":20}},"loc":{"start":{"line":412,"column":36},"end":{"line":414,"column":9}}},"63":{"name":"(anonymous_63)","decl":{"start":{"line":415,"column":15},"end":{"line":415,"column":16}},"loc":{"start":{"line":415,"column":23},"end":{"line":417,"column":9}}},"64":{"name":"storeWithdraw","decl":{"start":{"line":426,"column":16},"end":{"line":426,"column":29}},"loc":{"start":{"line":426,"column":43},"end":{"line":432,"column":1}}},"65":{"name":"(anonymous_65)","decl":{"start":{"line":427,"column":11},"end":{"line":427,"column":12}},"loc":{"start":{"line":427,"column":32},"end":{"line":431,"column":5}}},"66":{"name":"loadWithdraw","decl":{"start":{"line":434,"column":16},"end":{"line":434,"column":28}},"loc":{"start":{"line":434,"column":41},"end":{"line":439,"column":1}}},"67":{"name":"loadTupleWithdraw","decl":{"start":{"line":441,"column":9},"end":{"line":441,"column":26}},"loc":{"start":{"line":441,"column":46},"end":{"line":444,"column":1}}},"68":{"name":"storeTupleWithdraw","decl":{"start":{"line":446,"column":9},"end":{"line":446,"column":27}},"loc":{"start":{"line":446,"column":44},"end":{"line":450,"column":1}}},"69":{"name":"dictValueParserWithdraw","decl":{"start":{"line":452,"column":9},"end":{"line":452,"column":32}},"loc":{"start":{"line":452,"column":32},"end":{"line":461,"column":1}}},"70":{"name":"(anonymous_70)","decl":{"start":{"line":454,"column":19},"end":{"line":454,"column":20}},"loc":{"start":{"line":454,"column":36},"end":{"line":456,"column":9}}},"71":{"name":"(anonymous_71)","decl":{"start":{"line":457,"column":15},"end":{"line":457,"column":16}},"loc":{"start":{"line":457,"column":23},"end":{"line":459,"column":9}}},"72":{"name":"storeChangeYearlyPercent","decl":{"start":{"line":468,"column":16},"end":{"line":468,"column":40}},"loc":{"start":{"line":468,"column":65},"end":{"line":474,"column":1}}},"73":{"name":"(anonymous_73)","decl":{"start":{"line":469,"column":11},"end":{"line":469,"column":12}},"loc":{"start":{"line":469,"column":32},"end":{"line":473,"column":5}}},"74":{"name":"loadChangeYearlyPercent","decl":{"start":{"line":476,"column":16},"end":{"line":476,"column":39}},"loc":{"start":{"line":476,"column":52},"end":{"line":481,"column":1}}},"75":{"name":"loadTupleChangeYearlyPercent","decl":{"start":{"line":483,"column":9},"end":{"line":483,"column":37}},"loc":{"start":{"line":483,"column":57},"end":{"line":486,"column":1}}},"76":{"name":"storeTupleChangeYearlyPercent","decl":{"start":{"line":488,"column":9},"end":{"line":488,"column":38}},"loc":{"start":{"line":488,"column":66},"end":{"line":492,"column":1}}},"77":{"name":"dictValueParserChangeYearlyPercent","decl":{"start":{"line":494,"column":9},"end":{"line":494,"column":43}},"loc":{"start":{"line":494,"column":43},"end":{"line":503,"column":1}}},"78":{"name":"(anonymous_78)","decl":{"start":{"line":496,"column":19},"end":{"line":496,"column":20}},"loc":{"start":{"line":496,"column":36},"end":{"line":498,"column":9}}},"79":{"name":"(anonymous_79)","decl":{"start":{"line":499,"column":15},"end":{"line":499,"column":16}},"loc":{"start":{"line":499,"column":23},"end":{"line":501,"column":9}}},"80":{"name":"storeStakeEvent","decl":{"start":{"line":511,"column":16},"end":{"line":511,"column":31}},"loc":{"start":{"line":511,"column":47},"end":{"line":518,"column":1}}},"81":{"name":"(anonymous_81)","decl":{"start":{"line":512,"column":11},"end":{"line":512,"column":12}},"loc":{"start":{"line":512,"column":32},"end":{"line":517,"column":5}}},"82":{"name":"loadStakeEvent","decl":{"start":{"line":520,"column":16},"end":{"line":520,"column":30}},"loc":{"start":{"line":520,"column":43},"end":{"line":526,"column":1}}},"83":{"name":"loadTupleStakeEvent","decl":{"start":{"line":528,"column":9},"end":{"line":528,"column":28}},"loc":{"start":{"line":528,"column":48},"end":{"line":532,"column":1}}},"84":{"name":"storeTupleStakeEvent","decl":{"start":{"line":534,"column":9},"end":{"line":534,"column":29}},"loc":{"start":{"line":534,"column":48},"end":{"line":539,"column":1}}},"85":{"name":"dictValueParserStakeEvent","decl":{"start":{"line":541,"column":9},"end":{"line":541,"column":34}},"loc":{"start":{"line":541,"column":34},"end":{"line":550,"column":1}}},"86":{"name":"(anonymous_86)","decl":{"start":{"line":543,"column":19},"end":{"line":543,"column":20}},"loc":{"start":{"line":543,"column":36},"end":{"line":545,"column":9}}},"87":{"name":"(anonymous_87)","decl":{"start":{"line":546,"column":15},"end":{"line":546,"column":16}},"loc":{"start":{"line":546,"column":23},"end":{"line":548,"column":9}}},"88":{"name":"storeUnstakeEvent","decl":{"start":{"line":558,"column":16},"end":{"line":558,"column":33}},"loc":{"start":{"line":558,"column":51},"end":{"line":565,"column":1}}},"89":{"name":"(anonymous_89)","decl":{"start":{"line":559,"column":11},"end":{"line":559,"column":12}},"loc":{"start":{"line":559,"column":32},"end":{"line":564,"column":5}}},"90":{"name":"loadUnstakeEvent","decl":{"start":{"line":567,"column":16},"end":{"line":567,"column":32}},"loc":{"start":{"line":567,"column":45},"end":{"line":573,"column":1}}},"91":{"name":"loadTupleUnstakeEvent","decl":{"start":{"line":575,"column":9},"end":{"line":575,"column":30}},"loc":{"start":{"line":575,"column":50},"end":{"line":579,"column":1}}},"92":{"name":"storeTupleUnstakeEvent","decl":{"start":{"line":581,"column":9},"end":{"line":581,"column":31}},"loc":{"start":{"line":581,"column":52},"end":{"line":586,"column":1}}},"93":{"name":"dictValueParserUnstakeEvent","decl":{"start":{"line":588,"column":9},"end":{"line":588,"column":36}},"loc":{"start":{"line":588,"column":36},"end":{"line":597,"column":1}}},"94":{"name":"(anonymous_94)","decl":{"start":{"line":590,"column":19},"end":{"line":590,"column":20}},"loc":{"start":{"line":590,"column":36},"end":{"line":592,"column":9}}},"95":{"name":"(anonymous_95)","decl":{"start":{"line":593,"column":15},"end":{"line":593,"column":16}},"loc":{"start":{"line":593,"column":23},"end":{"line":595,"column":9}}},"96":{"name":"storeWithdrawEarned","decl":{"start":{"line":604,"column":16},"end":{"line":604,"column":35}},"loc":{"start":{"line":604,"column":55},"end":{"line":610,"column":1}}},"97":{"name":"(anonymous_97)","decl":{"start":{"line":605,"column":11},"end":{"line":605,"column":12}},"loc":{"start":{"line":605,"column":32},"end":{"line":609,"column":5}}},"98":{"name":"loadWithdrawEarned","decl":{"start":{"line":612,"column":16},"end":{"line":612,"column":34}},"loc":{"start":{"line":612,"column":47},"end":{"line":617,"column":1}}},"99":{"name":"loadTupleWithdrawEarned","decl":{"start":{"line":619,"column":9},"end":{"line":619,"column":32}},"loc":{"start":{"line":619,"column":52},"end":{"line":622,"column":1}}},"100":{"name":"storeTupleWithdrawEarned","decl":{"start":{"line":624,"column":9},"end":{"line":624,"column":33}},"loc":{"start":{"line":624,"column":56},"end":{"line":628,"column":1}}},"101":{"name":"dictValueParserWithdrawEarned","decl":{"start":{"line":630,"column":9},"end":{"line":630,"column":38}},"loc":{"start":{"line":630,"column":38},"end":{"line":639,"column":1}}},"102":{"name":"(anonymous_102)","decl":{"start":{"line":632,"column":19},"end":{"line":632,"column":20}},"loc":{"start":{"line":632,"column":36},"end":{"line":634,"column":9}}},"103":{"name":"(anonymous_103)","decl":{"start":{"line":635,"column":15},"end":{"line":635,"column":16}},"loc":{"start":{"line":635,"column":23},"end":{"line":637,"column":9}}},"104":{"name":"storeTokenTransfer","decl":{"start":{"line":652,"column":16},"end":{"line":652,"column":34}},"loc":{"start":{"line":652,"column":53},"end":{"line":664,"column":1}}},"105":{"name":"(anonymous_105)","decl":{"start":{"line":653,"column":11},"end":{"line":653,"column":12}},"loc":{"start":{"line":653,"column":32},"end":{"line":663,"column":5}}},"106":{"name":"loadTokenTransfer","decl":{"start":{"line":666,"column":16},"end":{"line":666,"column":33}},"loc":{"start":{"line":666,"column":46},"end":{"line":677,"column":1}}},"107":{"name":"loadTupleTokenTransfer","decl":{"start":{"line":679,"column":9},"end":{"line":679,"column":31}},"loc":{"start":{"line":679,"column":51},"end":{"line":688,"column":1}}},"108":{"name":"storeTupleTokenTransfer","decl":{"start":{"line":690,"column":9},"end":{"line":690,"column":32}},"loc":{"start":{"line":690,"column":54},"end":{"line":700,"column":1}}},"109":{"name":"dictValueParserTokenTransfer","decl":{"start":{"line":702,"column":9},"end":{"line":702,"column":37}},"loc":{"start":{"line":702,"column":37},"end":{"line":711,"column":1}}},"110":{"name":"(anonymous_110)","decl":{"start":{"line":704,"column":19},"end":{"line":704,"column":20}},"loc":{"start":{"line":704,"column":36},"end":{"line":706,"column":9}}},"111":{"name":"(anonymous_111)","decl":{"start":{"line":707,"column":15},"end":{"line":707,"column":16}},"loc":{"start":{"line":707,"column":23},"end":{"line":709,"column":9}}},"112":{"name":"storeTokenTransferInternal","decl":{"start":{"line":723,"column":16},"end":{"line":723,"column":42}},"loc":{"start":{"line":723,"column":69},"end":{"line":734,"column":1}}},"113":{"name":"(anonymous_113)","decl":{"start":{"line":724,"column":11},"end":{"line":724,"column":12}},"loc":{"start":{"line":724,"column":32},"end":{"line":733,"column":5}}},"114":{"name":"loadTokenTransferInternal","decl":{"start":{"line":736,"column":16},"end":{"line":736,"column":41}},"loc":{"start":{"line":736,"column":54},"end":{"line":746,"column":1}}},"115":{"name":"loadTupleTokenTransferInternal","decl":{"start":{"line":748,"column":9},"end":{"line":748,"column":39}},"loc":{"start":{"line":748,"column":59},"end":{"line":756,"column":1}}},"116":{"name":"storeTupleTokenTransferInternal","decl":{"start":{"line":758,"column":9},"end":{"line":758,"column":40}},"loc":{"start":{"line":758,"column":70},"end":{"line":767,"column":1}}},"117":{"name":"dictValueParserTokenTransferInternal","decl":{"start":{"line":769,"column":9},"end":{"line":769,"column":45}},"loc":{"start":{"line":769,"column":45},"end":{"line":778,"column":1}}},"118":{"name":"(anonymous_118)","decl":{"start":{"line":771,"column":19},"end":{"line":771,"column":20}},"loc":{"start":{"line":771,"column":36},"end":{"line":773,"column":9}}},"119":{"name":"(anonymous_119)","decl":{"start":{"line":774,"column":15},"end":{"line":774,"column":16}},"loc":{"start":{"line":774,"column":23},"end":{"line":776,"column":9}}},"120":{"name":"storeTokenNotification","decl":{"start":{"line":788,"column":16},"end":{"line":788,"column":38}},"loc":{"start":{"line":788,"column":61},"end":{"line":797,"column":1}}},"121":{"name":"(anonymous_121)","decl":{"start":{"line":789,"column":11},"end":{"line":789,"column":12}},"loc":{"start":{"line":789,"column":32},"end":{"line":796,"column":5}}},"122":{"name":"loadTokenNotification","decl":{"start":{"line":799,"column":16},"end":{"line":799,"column":37}},"loc":{"start":{"line":799,"column":50},"end":{"line":807,"column":1}}},"123":{"name":"loadTupleTokenNotification","decl":{"start":{"line":809,"column":9},"end":{"line":809,"column":35}},"loc":{"start":{"line":809,"column":55},"end":{"line":815,"column":1}}},"124":{"name":"storeTupleTokenNotification","decl":{"start":{"line":817,"column":9},"end":{"line":817,"column":36}},"loc":{"start":{"line":817,"column":62},"end":{"line":824,"column":1}}},"125":{"name":"dictValueParserTokenNotification","decl":{"start":{"line":826,"column":9},"end":{"line":826,"column":41}},"loc":{"start":{"line":826,"column":41},"end":{"line":835,"column":1}}},"126":{"name":"(anonymous_126)","decl":{"start":{"line":828,"column":19},"end":{"line":828,"column":20}},"loc":{"start":{"line":828,"column":36},"end":{"line":830,"column":9}}},"127":{"name":"(anonymous_127)","decl":{"start":{"line":831,"column":15},"end":{"line":831,"column":16}},"loc":{"start":{"line":831,"column":23},"end":{"line":833,"column":9}}},"128":{"name":"storeTokenBurn","decl":{"start":{"line":845,"column":16},"end":{"line":845,"column":30}},"loc":{"start":{"line":845,"column":45},"end":{"line":854,"column":1}}},"129":{"name":"(anonymous_129)","decl":{"start":{"line":846,"column":11},"end":{"line":846,"column":12}},"loc":{"start":{"line":846,"column":32},"end":{"line":853,"column":5}}},"130":{"name":"loadTokenBurn","decl":{"start":{"line":856,"column":16},"end":{"line":856,"column":29}},"loc":{"start":{"line":856,"column":42},"end":{"line":864,"column":1}}},"131":{"name":"loadTupleTokenBurn","decl":{"start":{"line":866,"column":9},"end":{"line":866,"column":27}},"loc":{"start":{"line":866,"column":47},"end":{"line":872,"column":1}}},"132":{"name":"storeTupleTokenBurn","decl":{"start":{"line":874,"column":9},"end":{"line":874,"column":28}},"loc":{"start":{"line":874,"column":46},"end":{"line":881,"column":1}}},"133":{"name":"dictValueParserTokenBurn","decl":{"start":{"line":883,"column":9},"end":{"line":883,"column":33}},"loc":{"start":{"line":883,"column":33},"end":{"line":892,"column":1}}},"134":{"name":"(anonymous_134)","decl":{"start":{"line":885,"column":19},"end":{"line":885,"column":20}},"loc":{"start":{"line":885,"column":36},"end":{"line":887,"column":9}}},"135":{"name":"(anonymous_135)","decl":{"start":{"line":888,"column":15},"end":{"line":888,"column":16}},"loc":{"start":{"line":888,"column":23},"end":{"line":890,"column":9}}},"136":{"name":"storeTokenBurnNotification","decl":{"start":{"line":902,"column":16},"end":{"line":902,"column":42}},"loc":{"start":{"line":902,"column":69},"end":{"line":911,"column":1}}},"137":{"name":"(anonymous_137)","decl":{"start":{"line":903,"column":11},"end":{"line":903,"column":12}},"loc":{"start":{"line":903,"column":32},"end":{"line":910,"column":5}}},"138":{"name":"loadTokenBurnNotification","decl":{"start":{"line":913,"column":16},"end":{"line":913,"column":41}},"loc":{"start":{"line":913,"column":54},"end":{"line":921,"column":1}}},"139":{"name":"loadTupleTokenBurnNotification","decl":{"start":{"line":923,"column":9},"end":{"line":923,"column":39}},"loc":{"start":{"line":923,"column":59},"end":{"line":929,"column":1}}},"140":{"name":"storeTupleTokenBurnNotification","decl":{"start":{"line":931,"column":9},"end":{"line":931,"column":40}},"loc":{"start":{"line":931,"column":70},"end":{"line":938,"column":1}}},"141":{"name":"dictValueParserTokenBurnNotification","decl":{"start":{"line":940,"column":9},"end":{"line":940,"column":45}},"loc":{"start":{"line":940,"column":45},"end":{"line":949,"column":1}}},"142":{"name":"(anonymous_142)","decl":{"start":{"line":942,"column":19},"end":{"line":942,"column":20}},"loc":{"start":{"line":942,"column":36},"end":{"line":944,"column":9}}},"143":{"name":"(anonymous_143)","decl":{"start":{"line":945,"column":15},"end":{"line":945,"column":16}},"loc":{"start":{"line":945,"column":23},"end":{"line":947,"column":9}}},"144":{"name":"storeTokenExcesses","decl":{"start":{"line":956,"column":16},"end":{"line":956,"column":34}},"loc":{"start":{"line":956,"column":53},"end":{"line":962,"column":1}}},"145":{"name":"(anonymous_145)","decl":{"start":{"line":957,"column":11},"end":{"line":957,"column":12}},"loc":{"start":{"line":957,"column":32},"end":{"line":961,"column":5}}},"146":{"name":"loadTokenExcesses","decl":{"start":{"line":964,"column":16},"end":{"line":964,"column":33}},"loc":{"start":{"line":964,"column":46},"end":{"line":969,"column":1}}},"147":{"name":"loadTupleTokenExcesses","decl":{"start":{"line":971,"column":9},"end":{"line":971,"column":31}},"loc":{"start":{"line":971,"column":51},"end":{"line":974,"column":1}}},"148":{"name":"storeTupleTokenExcesses","decl":{"start":{"line":976,"column":9},"end":{"line":976,"column":32}},"loc":{"start":{"line":976,"column":54},"end":{"line":980,"column":1}}},"149":{"name":"dictValueParserTokenExcesses","decl":{"start":{"line":982,"column":9},"end":{"line":982,"column":37}},"loc":{"start":{"line":982,"column":37},"end":{"line":991,"column":1}}},"150":{"name":"(anonymous_150)","decl":{"start":{"line":984,"column":19},"end":{"line":984,"column":20}},"loc":{"start":{"line":984,"column":36},"end":{"line":986,"column":9}}},"151":{"name":"(anonymous_151)","decl":{"start":{"line":987,"column":15},"end":{"line":987,"column":16}},"loc":{"start":{"line":987,"column":23},"end":{"line":989,"column":9}}},"152":{"name":"storeTokenUpdateContent","decl":{"start":{"line":998,"column":16},"end":{"line":998,"column":39}},"loc":{"start":{"line":998,"column":63},"end":{"line":1004,"column":1}}},"153":{"name":"(anonymous_153)","decl":{"start":{"line":999,"column":11},"end":{"line":999,"column":12}},"loc":{"start":{"line":999,"column":32},"end":{"line":1003,"column":5}}},"154":{"name":"loadTokenUpdateContent","decl":{"start":{"line":1006,"column":16},"end":{"line":1006,"column":38}},"loc":{"start":{"line":1006,"column":51},"end":{"line":1011,"column":1}}},"155":{"name":"loadTupleTokenUpdateContent","decl":{"start":{"line":1013,"column":9},"end":{"line":1013,"column":36}},"loc":{"start":{"line":1013,"column":56},"end":{"line":1016,"column":1}}},"156":{"name":"storeTupleTokenUpdateContent","decl":{"start":{"line":1018,"column":9},"end":{"line":1018,"column":37}},"loc":{"start":{"line":1018,"column":64},"end":{"line":1022,"column":1}}},"157":{"name":"dictValueParserTokenUpdateContent","decl":{"start":{"line":1024,"column":9},"end":{"line":1024,"column":42}},"loc":{"start":{"line":1024,"column":42},"end":{"line":1033,"column":1}}},"158":{"name":"(anonymous_158)","decl":{"start":{"line":1026,"column":19},"end":{"line":1026,"column":20}},"loc":{"start":{"line":1026,"column":36},"end":{"line":1028,"column":9}}},"159":{"name":"(anonymous_159)","decl":{"start":{"line":1029,"column":15},"end":{"line":1029,"column":16}},"loc":{"start":{"line":1029,"column":23},"end":{"line":1031,"column":9}}},"160":{"name":"storeSetContractJettonWallet","decl":{"start":{"line":1040,"column":16},"end":{"line":1040,"column":44}},"loc":{"start":{"line":1040,"column":73},"end":{"line":1046,"column":1}}},"161":{"name":"(anonymous_161)","decl":{"start":{"line":1041,"column":11},"end":{"line":1041,"column":12}},"loc":{"start":{"line":1041,"column":32},"end":{"line":1045,"column":5}}},"162":{"name":"loadSetContractJettonWallet","decl":{"start":{"line":1048,"column":16},"end":{"line":1048,"column":43}},"loc":{"start":{"line":1048,"column":56},"end":{"line":1053,"column":1}}},"163":{"name":"loadTupleSetContractJettonWallet","decl":{"start":{"line":1055,"column":9},"end":{"line":1055,"column":41}},"loc":{"start":{"line":1055,"column":61},"end":{"line":1058,"column":1}}},"164":{"name":"storeTupleSetContractJettonWallet","decl":{"start":{"line":1060,"column":9},"end":{"line":1060,"column":42}},"loc":{"start":{"line":1060,"column":74},"end":{"line":1064,"column":1}}},"165":{"name":"dictValueParserSetContractJettonWallet","decl":{"start":{"line":1066,"column":9},"end":{"line":1066,"column":47}},"loc":{"start":{"line":1066,"column":47},"end":{"line":1075,"column":1}}},"166":{"name":"(anonymous_166)","decl":{"start":{"line":1068,"column":19},"end":{"line":1068,"column":20}},"loc":{"start":{"line":1068,"column":36},"end":{"line":1070,"column":9}}},"167":{"name":"(anonymous_167)","decl":{"start":{"line":1071,"column":15},"end":{"line":1071,"column":16}},"loc":{"start":{"line":1071,"column":23},"end":{"line":1073,"column":9}}},"168":{"name":"storeJettonWalletData","decl":{"start":{"line":1085,"column":16},"end":{"line":1085,"column":37}},"loc":{"start":{"line":1085,"column":59},"end":{"line":1093,"column":1}}},"169":{"name":"(anonymous_169)","decl":{"start":{"line":1086,"column":11},"end":{"line":1086,"column":12}},"loc":{"start":{"line":1086,"column":32},"end":{"line":1092,"column":5}}},"170":{"name":"loadJettonWalletData","decl":{"start":{"line":1095,"column":16},"end":{"line":1095,"column":36}},"loc":{"start":{"line":1095,"column":49},"end":{"line":1102,"column":1}}},"171":{"name":"loadTupleJettonWalletData","decl":{"start":{"line":1104,"column":9},"end":{"line":1104,"column":34}},"loc":{"start":{"line":1104,"column":54},"end":{"line":1110,"column":1}}},"172":{"name":"storeTupleJettonWalletData","decl":{"start":{"line":1112,"column":9},"end":{"line":1112,"column":35}},"loc":{"start":{"line":1112,"column":60},"end":{"line":1119,"column":1}}},"173":{"name":"dictValueParserJettonWalletData","decl":{"start":{"line":1121,"column":9},"end":{"line":1121,"column":40}},"loc":{"start":{"line":1121,"column":40},"end":{"line":1130,"column":1}}},"174":{"name":"(anonymous_174)","decl":{"start":{"line":1123,"column":19},"end":{"line":1123,"column":20}},"loc":{"start":{"line":1123,"column":36},"end":{"line":1125,"column":9}}},"175":{"name":"(anonymous_175)","decl":{"start":{"line":1126,"column":15},"end":{"line":1126,"column":16}},"loc":{"start":{"line":1126,"column":23},"end":{"line":1128,"column":9}}},"176":{"name":"storeMint","decl":{"start":{"line":1138,"column":16},"end":{"line":
[...]
":76}},"type":"if","locations":[{"start":{"line":1221,"column":4},"end":{"line":1221,"column":76}}]},"30":{"loc":{"start":{"line":1280,"column":4},"end":{"line":1280,"column":76}},"type":"if","locations":[{"start":{"line":1280,"column":4},"end":{"line":1280,"column":76}}]},"31":{"loc":{"start":{"line":1327,"column":4},"end":{"line":1327,"column":76}},"type":"if","locations":[{"start":{"line":1327,"column":4},"end":{"line":1327,"column":76}}]},"32":{"loc":{"start":{"line":1374,"column":4},"end":{"line":1374,"column":76}},"type":"if","locations":[{"start":{"line":1374,"column":4},"end":{"line":1374,"column":76}}]},"33":{"loc":{"start":{"line":1469,"column":22},"end":{"line":1469,"column":172}},"type":"cond-expr","locations":[{"start":{"line":1469,"column":51},"end":{"line":1469,"column":165}},{"start":{"line":1469,"column":168},"end":{"line":1469,"column":172}}]},"34":{"loc":{"start":{"line":1471,"column":22},"end":{"line":1471,"column":167}},"type":"cond-expr","locations":[{"start":{"line":1471,"column":50},"end":{"line":1471,"column":160}},{"start":{"line":1471,"column":163},"end":{"line":1471,"column":167}}]},"35":{"loc":{"start":{"line":1472,"column":22},"end":{"line":1472,"column":184}},"type":"cond-expr","locations":[{"start":{"line":1472,"column":57},"end":{"line":1472,"column":177}},{"start":{"line":1472,"column":180},"end":{"line":1472,"column":184}}]},"36":{"loc":{"start":{"line":1653,"column":8},"end":{"line":1655,"column":9}},"type":"if","locations":[{"start":{"line":1653,"column":8},"end":{"line":1655,"column":9}}]},"37":{"loc":{"start":{"line":1653,"column":12},"end":{"line":1653,"column":129}},"type":"binary-expr","locations":[{"start":{"line":1653,"column":12},"end":{"line":1653,"column":19}},{"start":{"line":1653,"column":23},"end":{"line":1653,"column":50}},{"start":{"line":1653,"column":54},"end":{"line":1653,"column":81}},{"start":{"line":1653,"column":85},"end":{"line":1653,"column":129}}]},"38":{"loc":{"start":{"line":1656,"column":8},"end":{"line":1658,"column":9}},"type":"if","locations":[{"start":{"line":1656,"column":8},"end":{"line":1658,"column":9}}]},"39":{"loc":{"start":{"line":1656,"column":12},"end":{"line":1656,"column":123}},"type":"binary-expr","locations":[{"start":{"line":1656,"column":12},"end":{"line":1656,"column":19}},{"start":{"line":1656,"column":23},"end":{"line":1656,"column":50}},{"start":{"line":1656,"column":54},"end":{"line":1656,"column":81}},{"start":{"line":1656,"column":85},"end":{"line":1656,"column":123}}]},"40":{"loc":{"start":{"line":1659,"column":8},"end":{"line":1661,"column":9}},"type":"if","locations":[{"start":{"line":1659,"column":8},"end":{"line":1661,"column":9}}]},"41":{"loc":{"start":{"line":1659,"column":12},"end":{"line":1659,"column":113}},"type":"binary-expr","locations":[{"start":{"line":1659,"column":12},"end":{"line":1659,"column":19}},{"start":{"line":1659,"column":23},"end":{"line":1659,"column":50}},{"start":{"line":1659,"column":54},"end":{"line":1659,"column":81}},{"start":{"line":1659,"column":85},"end":{"line":1659,"column":113}}]},"42":{"loc":{"start":{"line":1662,"column":8},"end":{"line":1664,"column":9}},"type":"if","locations":[{"start":{"line":1662,"column":8},"end":{"line":1664,"column":9}}]},"43":{"loc":{"start":{"line":1662,"column":12},"end":{"line":1662,"column":120}},"type":"binary-expr","locations":[{"start":{"line":1662,"column":12},"end":{"line":1662,"column":19}},{"start":{"line":1662,"column":23},"end":{"line":1662,"column":50}},{"start":{"line":1662,"column":54},"end":{"line":1662,"column":81}},{"start":{"line":1662,"column":85},"end":{"line":1662,"column":120}}]},"44":{"loc":{"start":{"line":1665,"column":8},"end":{"line":1667,"column":9}},"type":"if","locations":[{"start":{"line":1665,"column":8},"end":{"line":1667,"column":9}}]},"45":{"loc":{"start":{"line":1665,"column":12},"end":{"line":1665,"column":117}},"type":"binary-expr","locations":[{"start":{"line":1665,"column":12},"end":{"line":1665,"column":19}},{"start":{"line":1665,"column":23},"end":{"line":1665,"column":50}},{"start":{"line":1665,"column":54},"end":{"line":1665,"column":81}},{"start":{"line":1665,"column":85},"end":{"line":1665,"column":117}}]},"46":{"loc":{"start":{"line":1668,"column":8},"end":{"line":1670,"column":9}},"type":"if","locations":[{"start":{"line":1668,"column":8},"end":{"line":1670,"column":9}}]},"47":{"loc":{"start":{"line":1668,"column":12},"end":{"line":1668,"column":125}},"type":"binary-expr","locations":[{"start":{"line":1668,"column":12},"end":{"line":1668,"column":19}},{"start":{"line":1668,"column":23},"end":{"line":1668,"column":50}},{"start":{"line":1668,"column":54},"end":{"line":1668,"column":81}},{"start":{"line":1668,"column":85},"end":{"line":1668,"column":125}}]},"48":{"loc":{"start":{"line":1671,"column":8},"end":{"line":1673,"column":9}},"type":"if","locations":[{"start":{"line":1671,"column":8},"end":{"line":1673,"column":9}}]},"49":{"loc":{"start":{"line":1671,"column":12},"end":{"line":1671,"column":114}},"type":"binary-expr","locations":[{"start":{"line":1671,"column":12},"end":{"line":1671,"column":19}},{"start":{"line":1671,"column":23},"end":{"line":1671,"column":50}},{"start":{"line":1671,"column":54},"end":{"line":1671,"column":81}},{"start":{"line":1671,"column":85},"end":{"line":1671,"column":114}}]},"50":{"loc":{"start":{"line":1674,"column":8},"end":{"line":1676,"column":9}},"type":"if","locations":[{"start":{"line":1674,"column":8},"end":{"line":1676,"column":9}}]},"51":{"loc":{"start":{"line":1674,"column":12},"end":{"line":1674,"column":120}},"type":"binary-expr","locations":[{"start":{"line":1674,"column":12},"end":{"line":1674,"column":19}},{"start":{"line":1674,"column":23},"end":{"line":1674,"column":50}},{"start":{"line":1674,"column":54},"end":{"line":1674,"column":81}},{"start":{"line":1674,"column":85},"end":{"line":1674,"column":120}}]},"52":{"loc":{"start":{"line":1677,"column":8},"end":{"line":1679,"column":9}},"type":"if","locations":[{"start":{"line":1677,"column":8},"end":{"line":1679,"column":9}}]},"53":{"loc":{"start":{"line":1680,"column":8},"end":{"line":1682,"column":9}},"type":"if","locations":[{"start":{"line":1680,"column":8},"end":{"line":1682,"column":9}}]},"54":{"loc":{"start":{"line":1680,"column":12},"end":{"line":1680,"column":112}},"type":"binary-expr","locations":[{"start":{"line":1680,"column":12},"end":{"line":1680,"column":19}},{"start":{"line":1680,"column":23},"end":{"line":1680,"column":50}},{"start":{"line":1680,"column":54},"end":{"line":1680,"column":81}},{"start":{"line":1680,"column":85},"end":{"line":1680,"column":112}}]},"55":{"loc":{"start":{"line":1683,"column":8},"end":{"line":1683,"column":71}},"type":"if","locations":[{"start":{"line":1683,"column":8},"end":{"line":1683,"column":71}}]},"56":{"loc":{"start":{"line":1709,"column":23},"end":{"line":1709,"column":69}},"type":"cond-expr","locations":[{"start":{"line":1709,"column":34},"end":{"line":1709,"column":62}},{"start":{"line":1709,"column":65},"end":{"line":1709,"column":69}}]}},"s":{"0":1,"1":1,"2":1,"3":1,"4":1,"5":1,"6":1,"7":1,"8":1,"9":1,"10":1,"11":1,"12":1,"13":1,"14":1,"15":1,"16":1,"17":1,"18":1,"19":1,"20":1,"21":1,"22":1,"23":1,"24":1,"25":1,"26":1,"27":1,"28":1,"29":1,"30":1,"31":1,"32":1,"33":1,"34":1,"35":1,"36":1,"37":1,"38":1,"39":1,"40":1,"41":1,"42":1,"43":1,"44":1,"45":1,"46":1,"47":1,"48":1,"49":1,"50":1,"51":1,"52":1,"53":0,"54":0,"55":0,"56":0,"57":0,"58":0,"59":0,"60":0,"61":0,"62":0,"63":0,"64":0,"65":0,"66":0,"67":0,"68":0,"69":0,"70":0,"71":0,"72":0,"73":0,"74":0,"75":0,"76":0,"77":0,"78":0,"79":0,"80":0,"81":0,"82":0,"83":0,"84":0,"85":0,"86":0,"87":0,"88":0,"89":0,"90":0,"91":0,"92":0,"93":0,"94":0,"95":0,"96":0,"97":0,"98":0,"99":0,"100":0,"101":0,"102":0,"103":0,"104":0,"105":0,"106":0,"107":0,"108":0,"109":0,"110":0,"111":0,"112":0,"113":0,"114":0,"115":0,"116":0,"117":0,"118":0,"119":0,"120":0,"121":0,"122":0,"123":0,"124":0,"125":0,"126":0,"127":0,"128":0,"129":0,"130":0,"131":0,"132":0,"133":0,"134":0,"135":0,"136":0,"137":0,"138":0,"139":0,"140":0,"141":0,"142":0,"143":0,"144":0,"145":0,"146":0,"147":0,"148":0,"149":0,"150":0,"151":0,"152":0,"153":0,"154":0,"155":0,"156":0,"157":0,"158":0,"159":0,"160":0,"161":0,"162":0,"163":0,"164":0,"165":0,"166":0,"167":0,"168":0,"169":0,"170":0,"171":0,"172":0,"173":0,"174":0,"175":0,"176":0,"177":0,"178":0,"179":0,"180":0,"181":0,"182":0,"183":0,"184":0,"185":0,"186":0,"187":0,"188":0,"189":0,"190":0,"191":0,"192":0,"193":0,"194":0,"195":0,"196":0,"197":0,"198":0,"199":0,"200":0,"201":0,"202":0,"203":0,"204":0,"205":0,"206":0,"207":0,"208":0,"209":0,"210":0,"211":0,"212":0,"213":0,"214":0,"215":0,"216":0,"217":0,"218":0,"219":0,"220":0,"221":0,"222":0,"223":0,"224":0,"225":0,"226":0,"227":0,"228":0,"229":0,"230":0,"231":0,"232":0,"233":0,"234":0,"235":0,"236":0,"237":0,"238":0,"239":0,"240":0,"241":0,"242":0,"243":0,"244":0,"245":0,"246":0,"247":0,"248":0,"249":0,"250":0,"251":0,"252":0,"253":0,"254":0,"255":0,"256":0,"257":0,"258":0,"259":0,"260":0,"261":0,"262":0,"263":0,"264":0,"265":0,"266":0,"267":0,"268":0,"269":0,"270":0,"271":0,"272":0,"273":0,"274":0,"275":0,"276":0,"277":0,"278":0,"279":0,"280":0,"281":0,"282":0,"283":0,"284":0,"285":0,"286":0,"287":0,"288":0,"289":0,"290":0,"291":0,"292":0,"293":0,"294":0,"295":0,"296":0,"297":0,"298":0,"299":0,"300":0,"301":0,"302":0,"303":0,"304":0,"305":0,"306":0,"307":0,"308":0,"309":0,"310":0,"311":0,"312":0,"313":0,"314":0,"315":0,"316":0,"317":0,"318":0,"319":0,"320":0,"321":0,"322":0,"323":0,"324":0,"325":0,"326":0,"327":0,"328":0,"329":0,"330":0,"331":0,"332":0,"333":0,"334":0,"335":0,"336":0,"337":0,"338":0,"339":0,"340":0,"341":0,"342":0,"343":0,"344":0,"345":0,"346":0,"347":0,"348":0,"349":0,"350":0,"351":0,"352":0,"353":0,"354":0,"355":0,"356":0,"357":0,"358":0,"359":0,"360":0,"361":0,"362":0,"363":0,"364":0,"365":0,"366":0,"367":0,"368":0,"369":0,"370":0,"371":0,"372":0,"373":0,"374":0,"375":0,"376":0,"377":0,"378":0,"379":0,"380":0,"381":0,"382":0,"383":0,"384":0,"385":0,"386":0,"387":0,"388":0,"389":0,"390":0,"391":0,"392":0,"393":0,"394":0,"395":0,"396":0,"397":0,"398":0,"399":0,"400":0,"401":0,"402":0,"403":0,"404":0,"405":0,"406":0,"407":0,"408":0,"409":0,"410":0,"411":0,"412":0,"413":0,"414":0,"415":0,"416":0,"417":0,"418":0,"419":0,"420":0,"421":0,"422":0,"423":0,"424":0,"425":0,"426":0,"427":0,"428":0,"429":0,"430":0,"431":0,"432":0,"433":0,"434":0,"435":0,"436":0,"437":0,"438":0,"439":0,"440":0,"441":0,"442":0,"443":0,"444":0,"445":0,"446":0,"447":0,"448":0,"449":0,"450":0,"451":0,"452":0,"453":0,"454":0,"455":0,"456":0,"457":0,"458":0,"459":0,"460":0,"461":0,"462":0,"463":0,"464":0,"465":0,"466":0,"467":0,"468":0,"469":0,"470":0,"471":0,"472":0,"473":0,"474":0,"475":0,"476":0,"477":0,"478":0,"479":0,"480":0,"481":0,"482":0,"483":0,"484":0,"485":0,"486":0,"487":0,"488":0,"489":0,"490":0,"491":0,"492":0,"493":0,"494":0,"495":0,"496":0,"497":0,"498":0,"499":0,"500":0,"501":0,"502":0,"503":0,"504":0,"505":0,"506":0,"507":0,"508":0,"509":0,"510":0,"511":0,"512":0,"513":0,"514":0,"515":0,"516":0,"517":0,"518":0,"519":0,"520":0,"521":0,"522":0,"523":0,"524":0,"525":0,"526":0,"527":0,"528":0,"529":0,"530":0,"531":0,"532":0,"533":0,"534":0,"535":0,"536":0,"537":0,"538":0,"539":0,"540":0,"541":0,"542":0,"543":0,"544":0,"545":0,"546":0,"547":0,"548":0,"549":0,"550":0,"551":0,"552":0,"553":0,"554":0,"555":0,"556":0,"557":0,"558":0,"559":0,"560":0,"561":0,"562":0,"563":0,"564":0,"565":0,"566":0,"567":0,"568":0,"569":0,"570":0,"571":0,"572":0,"573":0,"574":0,"575":0,"576":0,"577":0,"578":0,"579":0,"580":0,"581":0,"582":0,"583":0,"584":0,"585":0,"586":0,"587":0,"588":0,"589":0,"590":0,"591":0,"592":0,"593":0,"594":0,"595":0,"596":0,"597":0,"598":0,"599":0,"600":0,"601":0,"602":0,"603":0,"604":0,"605":0,"606":0,"607":0,"608":0,"609":0,"610":0,"611":0,"612":0,"613":0,"614":0,"615":0,"616":0,"617":0,"618":0,"619":0,"620":0,"621":0,"622":0,"623":0,"624":0,"625":0,"626":0,"627":0,"628":0,"629":0,"630":0,"631":0,"632":0,"633":0,"634":0,"635":0,"636":0,"637":0,"638":0,"639":0,"640":0,"641":0,"642":0,"643":0,"644":0,"645":0,"646":0,"647":0,"648":0,"649":0,"650":0,"651":0,"652":0,"653":0,"654":0,"655":0,"656":0,"657":0,"658":0,"659":0,"660":0,"661":0,"662":0,"663":0,"664":0,"665":0,"666":0,"667":0,"668":0,"669":0,"670":0,"671":0,"672":0,"673":0,"674":0,"675":0,"676":0,"677":0,"678":0,"679":0,"680":0,"681":0,"682":0,"683":0,"684":0,"685":0,"686":0,"687":0,"688":0,"689":0,"690":0,"691":0,"692":0,"693":0,"694":0,"695":0,"696":0,"697":0,"698":0,"699":0,"700":0,"701":0,"702":0,"703":0,"704":0,"705":0,"706":0,"707":0,"708":0,"709":0,"710":0,"711":0,"712":0,"713":0,"714":0,"715":0,"716":0,"717":0,"718":0,"719":0,"720":0,"721":0,"722":0,"723":0,"724":0,"725":0,"726":0,"727":0,"728":0,"729":0,"730":0,"731":0,"732":0,"733":0,"734":0,"735":0,"736":0,"737":0,"738":0,"739":0,"740":0,"741":0,"742":0,"743":0,"744":0,"745":0,"746":0,"747":0,"748":0,"749":0,"750":0,"751":0,"752":0,"753":0,"754":0,"755":0,"756":0,"757":0,"758":0,"759":0,"760":0,"761":0,"762":0,"763":1,"764":1,"765":1,"766":1,"767":1,"768":0,"769":0,"770":0,"771":0,"772":0,"773":0,"774":0,"775":0,"776":0,"777":0,"778":0,"779":0,"780":0,"781":0,"782":0,"783":0,"784":0,"785":0,"786":0,"787":0,"788":0,"789":0,"790":0,"791":0,"792":0,"793":0,"794":0,"795":0,"796":0,"797":0,"798":0,"799":0,"800":0,"801":0,"802":0,"803":0,"804":0,"805":0,"806":0,"807":0,"808":0,"809":0,"810":0,"811":0,"812":0,"813":0,"814":0,"815":0,"816":0,"817":0,"818":0,"819":0,"820":0,"821":0,"822":0,"823":0,"824":0,"825":0,"826":0,"827":0,"828":0,"829":0,"830":0,"831":0,"832":0,"833":0,"834":0,"835":0,"836":0,"837":0,"838":0,"839":0,"840":0,"841":0,"842":0,"843":0,"844":1},"f":{"0":0,"1":0,"2":0,"3":0,"4":0,"5":0,"6":0,"7":0,"8":0,"9":0,"10":0,"11":0,"12":0,"13":0,"14":0,"15":0,"16":0,"17":0,"18":0,"19":0,"20":0,"21":0,"22":0,"23":0,"24":0,"25":0,"26":0,"27":0,"28":0,"29":0,"30":0,"31":0,"32":0,"33":0,"34":0,"35":0,"36":0,"37":0,"38":0,"39":0,"40":0,"41":0,"42":0,"43":0,"44":0,"45":0,"46":0,"47":0,"48":0,"49":0,"50":0,"51":0,"52":0,"53":0,"54":0,"55":0,"56":0,"57":0,"58":0,"59":0,"60":0,"61":0,"62":0,"63":0,"64":0,"65":0,"66":0,"67":0,"68":0,"69":0,"70":0,"71":0,"72":0,"73":0,"74":0,"75":0,"76":0,"77":0,"78":0,"79":0,"80":0,"81":0,"82":0,"83":0,"84":0,"85":0,"86":0,"87":0,"88":0,"89":0,"90":0,"91":0,"92":0,"93":0,"94":0,"95":0,"96":0,"97":0,"98":0,"99":0,"100":0,"101":0,"102":0,"103":0,"104":0,"105":0,"106":0,"107":0,"108":0,"109":0,"110":0,"111":0,"112":0,"113":0,"114":0,"115":0,"116":0,"117":0,"118":0,"119":0,"120":0,"121":0,"122":0,"123":0,"124":0,"125":0,"126":0,"127":0,"128":0,"129":0,"130":0,"131":0,"132":0,"133":0,"134":0,"135":0,"136":0,"137":0,"138":0,"139":0,"140":0,"141":0,"142":0,"143":0,"144":0,"145":0,"146":0,"147":0,"148":0,"149":0,"150":0,"151":0,"152":0,"153":0,"154":0,"155":0,"156":0,"157":0,"158":0,"159":0,"160":0,"161":0,"162":0,"163":0,"164":0,"165":0,"166":0,"167":0,"168":0,"169":0,"170":0,"171":0,"172":0,"173":0,"174":0,"175":0,"176":0,"177":0,"178":0,"179":0,"180":0,"181":0,"182":0,"183":0,"184":0,"185":0,"186":0,"187":0,"188":0,"189":0,"190":0,"191":0,"192":0,"193":0,"194":0,"195":0,"196":0,"197":0,"198":0,"199":0,"200":0,"201":0,"202":0,"203":0,"204":0,"205":0,"206":0,"207":0,"208":0,"209":0,"210":0,"211":0,"212":0,"213":0,"214":0,"215":0,"216":0,"217":0,"218":0,"219":0,"220":0,"221":0,"222":0,"223":0,"224":0,"225":0,"226":0,"227":0,"228":0,"229":0,"230":0,"231":0,"232":0,"233":0,"234":0,"235":0,"236":0,"237":0,"238":0,"239":0,"240":0,"241":0,"242":0,"243":0,"244":0,"245":0,"246":0,"247":0,"248":0,"249":0,"250":0,"251":0},"b":{"0":[0,0],"1":[0,0],"2":[0,0],"3":[0,0],"4":[0,0],"5":[0,0],"6":[0,0],"7":[0,0],"8":[0,0],"9":[0],"10":[0],"11":[0],"12":[0],"13":[0],"14":[0],"15":[0],"16":[0],"17":[0],"18":[0],"19":[0],"20":[0],"21":[0],"22":[0,0],"23":[0,0],"24":[0],"25":[0,0],"26":[0],"27":[0],"28":[0],"29":[0],"30":[0],"31":[0],"32":[0],"33":[0,0],"34":[0,0],"35":[0,0],"36":[0],"37":[0,0,0,0],"38":[0],"39":[0,0,0,0],"40":[0],"41":[0,0,0,0],"42":[0],"43":[0,0,0,0],"44":[0],"45":[0,0,0,0],"46":[0],"47":[0,0,0,0],"48":[0],"49":[0,0,0,0],"50":[0],"51":[0,0,0,0],"52":[0],"53":[0],"54":[0,0,0,0],"55":[0],"56":[0,0]}}
,"/Users/nikitapoznyakov/Desktop/work/KadysTON/tests/number.ts": {"path":"/Users/nikitapoznyakov/Desktop/work/KadysTON/tests/number.ts","statementMap":{"0":{"start":{"line":1,"column":0},"end":{"line":1,"column":39}},"1":{"start":{"line":3,"column":34},"end":{"line":5,"column":1}},"2":{"start":{"line":4,"column":2},"end":{"line":4,"column":47}},"3":{"start":{"line":3,"column":13},"end":{"line":3,"column":34}}},"fnMap":{"0":{"name":"(anonymous_0)","decl":{"start":{"line":3,"column":34},"end":{"line":3,"column":35}},"loc":{"start":{"line":3,"column":53},"end":{"line":5,"column":1}}}},"branchMap":{},"s":{"0":1,"1":1,"2":0,"3":1},"f":{"0":0},"b":{}}
,"/Users/nikitapoznyakov/Desktop/work/KadysTON/tests/utils.ts": {"path":"/Users/nikitapoznyakov/Desktop/work/KadysTON/tests/utils.ts","statementMap":{"0":{"start":{"line":1,"column":0},"end":{"line":1,"column":55}},"1":{"start":{"line":4,"column":0},"end":{"line":4,"column":85}},"2":{"start":{"line":6,"column":0},"end":{"line":6,"column":56}},"3":{"start":{"line":7,"column":13},"end":{"line":7,"column":38}},"4":{"start":{"line":14,"column":30},"end":{"line":34,"column":1}},"5":{"start":{"line":15,"column":4},"end":{"line":33,"column":6}},"6":{"start":{"line":14,"column":13},"end":{"line":14,"column":30}},"7":{"start":{"line":41,"column":20},"end":{"line":48,"column":1}},"8":{"start":{"line":42,"column":23},"end":{"line":46,"column":6}},"9":{"start":{"line":47,"column":4},"end":{"line":47,"column":84}},"10":{"start":{"line":41,"column":13},"end":{"line":41,"column":20}},"11":{"start":{"line":54,"column":26},"end":{"line":78,"column":1}},"12":{"start":{"line":55,"column":26},"end":{"line":55,"column":68}},"13":{"start":{"line":56,"column":22},"end":{"line":56,"column":64}},"14":{"start":{"line":57,"column":24},"end":{"line":57,"column":72}},"15":{"start":{"line":58,"column":25},"end":{"line":58,"column":99}},"16":{"start":{"line":59,"column":4},"end":{"line":77,"column":6}},"17":{"start":{"line":54,"column":13},"end":{"line":54,"column":26}}},"fnMap":{"0":{"name":"(anonymous_0)","decl":{"start":{"line":14,"column":30},"end":{"line":14,"column":35}},"loc":{"start":{"line":14,"column":107},"end":{"line":34,"column":1}}},"1":{"name":"(anonymous_1)","decl":{"start":{"line":41,"column":20},"end":{"line":41,"column":25}},"loc":{"start":{"line":41,"column":87},"end":{"line":48,"column":1}}},"2":{"name":"(anonymous_2)","decl":{"start":{"line":54,"column":26},"end":{"line":54,"column":31}},"loc":{"start":{"line":54,"column":87},"end":{"line":78,"column":1}}}},"branchMap":{},"s":{"0":1,"1":1,"2":1,"3":1,"4":1,"5":0,"6":1,"7":1,"8":0,"9":0,"10":1,"11":1,"12":0,"13":0,"14":0,"15":0,"16":0,"17":1},"f":{"0":0,"1":0,"2":0},"b":{}}
,"/Users/nikitapoznyakov/Desktop/work/KadysTON/utils/jetton.util.ts": {"path":"/Users/nikitapoznyakov/Desktop/work/KadysTON/utils/jetton.util.ts","statementMap":{"0":{"start":{"line":1,"column":0},"end":{"line":1,"column":59}},"1":{"start":{"line":2,"column":0},"end":{"line":2,"column":28}},"2":{"start":{"line":5,"column":32},"end":{"line":20,"column":1}},"3":{"start":{"line":6,"column":21},"end":{"line":8,"column":6}},"4":{"start":{"line":9,"column":25},"end":{"line":9,"column":58}},"5":{"start":{"line":10,"column":27},"end":{"line":10,"column":51}},"6":{"start":{"line":11,"column":25},"end":{"line":17,"column":6}},"7":{"start":{"line":18,"column":26},"end":{"line":18,"column":110}},"8":{"start":{"line":19,"column":4},"end":{"line":19,"column":52}},"9":{"start":{"line":5,"column":13},"end":{"line":5,"column":32}}},"fnMap":{"0":{"name":"(anonymous_1)","decl":{"start":{"line":5,"column":32},"end":{"line":5,"column":37}},"loc":{"start":{"line":5,"column":80},"end":{"line":20,"column":1}}}},"branchMap":{},"s":{"0":1,"1":1,"2":1,"3":0,"4":0,"5":0,"6":0,"7":0,"8":0,"9":1},"f":{"0":0},"b":{}}
}
