TN:
SF:build/Jetton/tact_JettonDefaultWallet.ts
FN:29,storeStateInit
FN:30,(anonymous_1)
FN:37,loadStateInit
FN:44,loadTupleStateInit
FN:50,storeTupleStateInit
FN:57,dictValueParserStateInit
FN:59,(anonymous_6)
FN:62,(anonymous_7)
FN:76,storeContext
FN:77,(anonymous_9)
FN:86,loadContext
FN:95,loadTupleContext
FN:103,storeTupleContext
FN:112,dictValueParserContext
FN:114,(anonymous_14)
FN:117,(anonymous_15)
FN:134,storeSendParameters
FN:135,(anonymous_17)
FN:147,loadSendParameters
FN:159,loadTupleSendParameters
FN:170,storeTupleSendParameters
FN:182,dictValueParserSendParameters
FN:184,(anonymous_22)
FN:187,(anonymous_23)
FN:199,storeChangeOwner
FN:200,(anonymous_25)
FN:208,loadChangeOwner
FN:216,loadTupleChangeOwner
FN:222,storeTupleChangeOwner
FN:229,dictValueParserChangeOwner
FN:231,(anonymous_30)
FN:234,(anonymous_31)
FN:246,storeChangeOwnerOk
FN:247,(anonymous_33)
FN:255,loadChangeOwnerOk
FN:263,loadTupleChangeOwnerOk
FN:269,storeTupleChangeOwnerOk
FN:276,dictValueParserChangeOwnerOk
FN:278,(anonymous_38)
FN:281,(anonymous_39)
FN:293,storeUserStake
FN:294,(anonymous_41)
FN:301,loadUserStake
FN:308,loadTupleUserStake
FN:314,storeTupleUserStake
FN:321,dictValueParserUserStake
FN:323,(anonymous_46)
FN:326,(anonymous_47)
FN:338,storeWithdrawJetton
FN:339,(anonymous_49)
FN:347,loadWithdrawJetton
FN:355,loadTupleWithdrawJetton
FN:361,storeTupleWithdrawJetton
FN:368,dictValueParserWithdrawJetton
FN:370,(anonymous_54)
FN:373,(anonymous_55)
FN:384,storeUnstake
FN:385,(anonymous_57)
FN:392,loadUnstake
FN:399,loadTupleUnstake
FN:404,storeTupleUnstake
FN:410,dictValueParserUnstake
FN:412,(anonymous_62)
FN:415,(anonymous_63)
FN:426,storeWithdraw
FN:427,(anonymous_65)
FN:434,loadWithdraw
FN:441,loadTupleWithdraw
FN:446,storeTupleWithdraw
FN:452,dictValueParserWithdraw
FN:454,(anonymous_70)
FN:457,(anonymous_71)
FN:468,storeChangeYearlyPercent
FN:469,(anonymous_73)
FN:476,loadChangeYearlyPercent
FN:483,loadTupleChangeYearlyPercent
FN:488,storeTupleChangeYearlyPercent
FN:494,dictValueParserChangeYearlyPercent
FN:496,(anonymous_78)
FN:499,(anonymous_79)
FN:511,storeStakeEvent
FN:512,(anonymous_81)
FN:520,loadStakeEvent
FN:528,loadTupleStakeEvent
FN:534,storeTupleStakeEvent
FN:541,dictValueParserStakeEvent
FN:543,(anonymous_86)
FN:546,(anonymous_87)
FN:558,storeUnstakeEvent
FN:559,(anonymous_89)
FN:567,loadUnstakeEvent
FN:575,loadTupleUnstakeEvent
FN:581,storeTupleUnstakeEvent
FN:588,dictValueParserUnstakeEvent
FN:590,(anonymous_94)
FN:593,(anonymous_95)
FN:604,storeWithdrawEarned
FN:605,(anonymous_97)
FN:612,loadWithdrawEarned
FN:619,loadTupleWithdrawEarned
FN:624,storeTupleWithdrawEarned
FN:630,dictValueParserWithdrawEarned
FN:632,(anonymous_102)
FN:635,(anonymous_103)
FN:652,storeTokenTransfer
FN:653,(anonymous_105)
FN:666,loadTokenTransfer
FN:679,loadTupleTokenTransfer
FN:690,storeTupleTokenTransfer
FN:702,dictValueParserTokenTransfer
FN:704,(anonymous_110)
FN:707,(anonymous_111)
FN:723,storeTokenTransferInternal
FN:724,(anonymous_113)
FN:736,loadTokenTransferInternal
FN:748,loadTupleTokenTransferInternal
FN:758,storeTupleTokenTransferInternal
FN:769,dictValueParserTokenTransferInternal
FN:771,(anonymous_118)
FN:774,(anonymous_119)
FN:788,storeTokenNotification
FN:789,(anonymous_121)
FN:799,loadTokenNotification
FN:809,loadTupleTokenNotification
FN:817,storeTupleTokenNotification
FN:826,dictValueParserTokenNotification
FN:828,(anonymous_126)
FN:831,(anonymous_127)
FN:845,storeTokenBurn
FN:846,(anonymous_129)
FN:856,loadTokenBurn
FN:866,loadTupleTokenBurn
FN:874,storeTupleTokenBurn
FN:883,dictValueParserTokenBurn
FN:885,(anonymous_134)
FN:888,(anonymous_135)
FN:902,storeTokenBurnNotification
FN:903,(anonymous_137)
FN:913,loadTokenBurnNotification
FN:923,loadTupleTokenBurnNotification
FN:931,storeTupleTokenBurnNotification
FN:940,dictValueParserTokenBurnNotification
FN:942,(anonymous_142)
FN:945,(anonymous_143)
FN:956,storeTokenExcesses
FN:957,(anonymous_145)
FN:964,loadTokenExcesses
FN:971,loadTupleTokenExcesses
FN:976,storeTupleTokenExcesses
FN:982,dictValueParserTokenExcesses
FN:984,(anonymous_150)
FN:987,(anonymous_151)
FN:998,storeTokenUpdateContent
FN:999,(anonymous_153)
FN:1006,loadTokenUpdateContent
FN:1013,loadTupleTokenUpdateContent
FN:1018,storeTupleTokenUpdateContent
FN:1024,dictValueParserTokenUpdateContent
FN:1026,(anonymous_158)
FN:1029,(anonymous_159)
FN:1040,storeSetContractJettonWallet
FN:1041,(anonymous_161)
FN:1048,loadSetContractJettonWallet
FN:1055,loadTupleSetContractJettonWallet
FN:1060,storeTupleSetContractJettonWallet
FN:1066,dictValueParserSetContractJettonWallet
FN:1068,(anonymous_166)
FN:1071,(anonymous_167)
FN:1085,storeJettonWalletData
FN:1086,(anonymous_169)
FN:1095,loadJettonWalletData
FN:1104,loadTupleJettonWalletData
FN:1112,storeTupleJettonWalletData
FN:1121,dictValueParserJettonWalletData
FN:1123,(anonymous_174)
FN:1126,(anonymous_175)
FN:1138,storeMint
FN:1139,(anonymous_177)
FN:1147,loadMint
FN:1155,loadTupleMint
FN:1161,storeTupleMint
FN:1168,dictValueParserMint
FN:1170,(anonymous_182)
FN:1173,(anonymous_183)
FN:1188,storeJettonData
FN:1189,(anonymous_185)
FN:1199,loadJettonData
FN:1209,loadTupleJettonData
FN:1218,storeTupleJettonData
FN:1228,dictValueParserJettonData
FN:1230,(anonymous_190)
FN:1233,(anonymous_191)
FN:1245,initJettonDefaultWallet_init_args
FN:1246,(anonymous_193)
FN:1253,JettonDefaultWallet_init
FN:1344,(anonymous_195)
FN:1348,(anonymous_196)
FN:1354,(anonymous_197)
FN:1367,(anonymous_198)
FN:1372,(anonymous_199)
FN:1390,(anonymous_200)
FN:1398,(anonymous_201)
FNF:202
FNH:0
FNDA:0,storeStateInit
FNDA:0,(anonymous_1)
FNDA:0,loadStateInit
FNDA:0,loadTupleStateInit
FNDA:0,storeTupleStateInit
FNDA:0,dictValueParserStateInit
FNDA:0,(anonymous_6)
FNDA:0,(anonymous_7)
FNDA:0,storeContext
FNDA:0,(anonymous_9)
FNDA:0,loadContext
FNDA:0,loadTupleContext
FNDA:0,storeTupleContext
FNDA:0,dictValueParserContext
FNDA:0,(anonymous_14)
FNDA:0,(anonymous_15)
FNDA:0,storeSendParameters
FNDA:0,(anonymous_17)
FNDA:0,loadSendParameters
FNDA:0,loadTupleSendParameters
FNDA:0,storeTupleSendParameters
FNDA:0,dictValueParserSendParameters
FNDA:0,(anonymous_22)
FNDA:0,(anonymous_23)
FNDA:0,storeChangeOwner
FNDA:0,(anonymous_25)
FNDA:0,loadChangeOwner
FNDA:0,loadTupleChangeOwner
FNDA:0,storeTupleChangeOwner
FNDA:0,dictValueParserChangeOwner
FNDA:0,(anonymous_30)
FNDA:0,(anonymous_31)
FNDA:0,storeChangeOwnerOk
FNDA:0,(anonymous_33)
FNDA:0,loadChangeOwnerOk
FNDA:0,loadTupleChangeOwnerOk
FNDA:0,storeTupleChangeOwnerOk
FNDA:0,dictValueParserChangeOwnerOk
FNDA:0,(anonymous_38)
FNDA:0,(anonymous_39)
FNDA:0,storeUserStake
FNDA:0,(anonymous_41)
FNDA:0,loadUserStake
FNDA:0,loadTupleUserStake
FNDA:0,storeTupleUserStake
FNDA:0,dictValueParserUserStake
FNDA:0,(anonymous_46)
FNDA:0,(anonymous_47)
FNDA:0,storeWithdrawJetton
FNDA:0,(anonymous_49)
FNDA:0,loadWithdrawJetton
FNDA:0,loadTupleWithdrawJetton
FNDA:0,storeTupleWithdrawJetton
FNDA:0,dictValueParserWithdrawJetton
FNDA:0,(anonymous_54)
FNDA:0,(anonymous_55)
FNDA:0,storeUnstake
FNDA:0,(anonymous_57)
FNDA:0,loadUnstake
FNDA:0,loadTupleUnstake
FNDA:0,storeTupleUnstake
FNDA:0,dictValueParserUnstake
FNDA:0,(anonymous_62)
FNDA:0,(anonymous_63)
FNDA:0,storeWithdraw
FNDA:0,(anonymous_65)
FNDA:0,loadWithdraw
FNDA:0,loadTupleWithdraw
FNDA:0,storeTupleWithdraw
FNDA:0,dictValueParserWithdraw
FNDA:0,(anonymous_70)
FNDA:0,(anonymous_71)
FNDA:0,storeChangeYearlyPercent
FNDA:0,(anonymous_73)
FNDA:0,loadChangeYearlyPercent
FNDA:0,loadTupleChangeYearlyPercent
FNDA:0,storeTupleChangeYearlyPercent
FNDA:0,dictValueParserChangeYearlyPercent
FNDA:0,(anonymous_78)
FNDA:0,(anonymous_79)
FNDA:0,storeStakeEvent
FNDA:0,(anonymous_81)
FNDA:0,loadStakeEvent
FNDA:0,loadTupleStakeEvent
FNDA:0,storeTupleStakeEvent
FNDA:0,dictValueParserStakeEvent
FNDA:0,(anonymous_86)
FNDA:0,(anonymous_87)
FNDA:0,storeUnstakeEvent
FNDA:0,(anonymous_89)
FNDA:0,loadUnstakeEvent
FNDA:0,loadTupleUnstakeEvent
FNDA:0,storeTupleUnstakeEvent
FNDA:0,dictValueParserUnstakeEvent
FNDA:0,(anonymous_94)
FNDA:0,(anonymous_95)
FNDA:0,storeWithdrawEarned
FNDA:0,(anonymous_97)
FNDA:0,loadWithdrawEarned
FNDA:0,loadTupleWithdrawEarned
FNDA:0,storeTupleWithdrawEarned
FNDA:0,dictValueParserWithdrawEarned
FNDA:0,(anonymous_102)
FNDA:0,(anonymous_103)
FNDA:0,storeTokenTransfer
FNDA:0,(anonymous_105)
FNDA:0,loadTokenTransfer
FNDA:0,loadTupleTokenTransfer
FNDA:0,storeTupleTokenTransfer
FNDA:0,dictValueParserTokenTransfer
FNDA:0,(anonymous_110)
FNDA:0,(anonymous_111)
FNDA:0,storeTokenTransferInternal
FNDA:0,(anonymous_113)
FNDA:0,loadTokenTransferInternal
FNDA:0,loadTupleTokenTransferInternal
FNDA:0,storeTupleTokenTransferInternal
FNDA:0,dictValueParserTokenTransferInternal
FNDA:0,(anonymous_118)
FNDA:0,(anonymous_119)
FNDA:0,storeTokenNotification
FNDA:0,(anonymous_121)
FNDA:0,loadTokenNotification
FNDA:0,loadTupleTokenNotification
FNDA:0,storeTupleTokenNotification
FNDA:0,dictValueParserTokenNotification
FNDA:0,(anonymous_126)
FNDA:0,(anonymous_127)
FNDA:0,storeTokenBurn
FNDA:0,(anonymous_129)
FNDA:0,loadTokenBurn
FNDA:0,loadTupleTokenBurn
FNDA:0,storeTupleTokenBurn
FNDA:0,dictValueParserTokenBurn
FNDA:0,(anonymous_134)
FNDA:0,(anonymous_135)
FNDA:0,storeTokenBurnNotification
FNDA:0,(anonymous_137)
FNDA:0,loadTokenBurnNotification
FNDA:0,loadTupleTokenBurnNotification
FNDA:0,storeTupleTokenBurnNotification
FNDA:0,dictValueParserTokenBurnNotification
FNDA:0,(anonymous_142)
FNDA:0,(anonymous_143)
FNDA:0,storeTokenExcesses
FNDA:0,(anonymous_145)
FNDA:0,loadTokenExcesses
FNDA:0,loadTupleTokenExcesses
FNDA:0,storeTupleTokenExcesses
FNDA:0,dictValueParserTokenExcesses
FNDA:0,(anonymous_150)
FNDA:0,(anonymous_151)
FNDA:0,storeTokenUpdateContent
FNDA:0,(anonymous_153)
FNDA:0,loadTokenUpdateContent
FNDA:0,loadTupleTokenUpdateContent
FNDA:0,storeTupleTokenUpdateContent
FNDA:0,dictValueParserTokenUpdateContent
FNDA:0,(anonymous_158)
FNDA:0,(anonymous_159)
FNDA:0,storeSetContractJettonWallet
FNDA:0,(anonymous_161)
FNDA:0,loadSetContractJettonWallet
FNDA:0,loadTupleSetContractJettonWallet
FNDA:0,storeTupleSetContractJettonWallet
FNDA:0,dictValueParserSetContractJettonWallet
FNDA:0,(anonymous_166)
FNDA:0,(anonymous_167)
FNDA:0,storeJettonWalletData
FNDA:0,(anonymous_169)
FNDA:0,loadJettonWalletData
FNDA:0,loadTupleJettonWalletData
FNDA:0,storeTupleJettonWalletData
FNDA:0,dictValueParserJettonWalletData
FNDA:0,(anonymous_174)
FNDA:0,(anonymous_175)
FNDA:0,storeMint
FNDA:0,(anonymous_177)
FNDA:0,loadMint
FNDA:0,loadTupleMint
FNDA:0,storeTupleMint
FNDA:0,dictValueParserMint
FNDA:0,(anonymous_182)
FNDA:0,(anonymous_183)
FNDA:0,storeJettonData
FNDA:0,(anonymous_185)
FNDA:0,loadJettonData
FNDA:0,loadTupleJettonData
FNDA:0,storeTupleJettonData
FNDA:0,dictValueParserJettonData
FNDA:0,(anonymous_190)
FNDA:0,(anonymous_191)
FNDA:0,initJettonDefaultWallet_init_args
FNDA:0,(anonymous_193)
FNDA:0,JettonDefaultWallet_init
FNDA:0,(anonymous_195)
FNDA:0,(anonymous_196)
FNDA:0,(anonymous_197)
FNDA:0,(anonymous_198)
FNDA:0,(anonymous_199)
FNDA:0,(anonymous_200)
FNDA:0,(anonymous_201)
DA:1,1
DA:29,1
DA:30,0
DA:31,0
DA:32,0
DA:33,0
DA:37,1
DA:38,0
DA:39,0
DA:40,0
DA:41,0
DA:45,0
DA:46,0
DA:47,0
DA:51,0
DA:52,0
DA:53,0
DA:54,0
DA:58,0
DA:60,0
DA:63,0
DA:76,1
DA:77,0
DA:78,0
DA:79,0
DA:80,0
DA:81,0
DA:82,0
DA:86,1
DA:87,0
DA:88,0
DA:89,0
DA:90,0
DA:91,0
DA:92,0
DA:96,0
DA:97,0
DA:98,0
DA:99,0
DA:100,0
DA:104,0
DA:105,0
DA:106,0
DA:107,0
DA:108,0
DA:109,0
DA:113,0
DA:115,0
DA:118,0
DA:134,1
DA:135,0
DA:136,0
DA:137,0
DA:138,0
DA:139,0
DA:140,0
DA:141,0
DA:142,0
DA:143,0
DA:147,1
DA:148,0
DA:149,0
DA:150,0
DA:151,0
DA:152,0
DA:153,0
DA:154,0
DA:155,0
DA:156,0
DA:160,0
DA:161,0
DA:162,0
DA:163,0
DA:164,0
DA:165,0
DA:166,0
DA:167,0
DA:171,0
DA:172,0
DA:173,0
DA:174,0
DA:175,0
DA:176,0
DA:177,0
DA:178,0
DA:179,0
DA:183,0
DA:185,0
DA:188,0
DA:199,1
DA:200,0
DA:201,0
DA:202,0
DA:203,0
DA:204,0
DA:208,1
DA:209,0
DA:210,0
DA:211,0
DA:212,0
DA:213,0
DA:217,0
DA:218,0
DA:219,0
DA:223,0
DA:224,0
DA:225,0
DA:226,0
DA:230,0
DA:232,0
DA:235,0
DA:246,1
DA:247,0
DA:248,0
DA:249,0
DA:250,0
DA:251,0
DA:255,1
DA:256,0
DA:257,0
DA:258,0
DA:259,0
DA:260,0
DA:264,0
DA:265,0
DA:266,0
DA:270,0
DA:271,0
DA:272,0
DA:273,0
DA:277,0
DA:279,0
DA:282,0
DA:293,1
DA:294,0
DA:295,0
DA:296,0
DA:297,0
DA:301,1
DA:302,0
DA:303,0
DA:304,0
DA:305,0
DA:309,0
DA:310,0
DA:311,0
DA:315,0
DA:316,0
DA:317,0
DA:318,0
DA:322,0
DA:324,0
DA:327,0
DA:338,1
DA:339,0
DA:340,0
DA:341,0
DA:342,0
DA:343,0
DA:347,1
DA:348,0
DA:349,0
DA:350,0
DA:351,0
DA:352,0
DA:356,0
DA:357,0
DA:358,0
DA:362,0
DA:363,0
DA:364,0
DA:365,0
DA:369,0
DA:371,0
DA:374,0
DA:384,1
DA:385,0
DA:386,0
DA:387,0
DA:388,0
DA:392,1
DA:393,0
DA:394,0
DA:395,0
DA:396,0
DA:400,0
DA:401,0
DA:405,0
DA:406,0
DA:407,0
DA:411,0
DA:413,0
DA:416,0
DA:426,1
DA:427,0
DA:428,0
DA:429,0
DA:430,0
DA:434,1
DA:435,0
DA:436,0
DA:437,0
DA:438,0
DA:442,0
DA:443,0
DA:447,0
DA:448,0
DA:449,0
DA:453,0
DA:455,0
DA:458,0
DA:468,1
DA:469,0
DA:470,0
DA:471,0
DA:472,0
DA:476,1
DA:477,0
DA:478,0
DA:479,0
DA:480,0
DA:484,0
DA:485,0
DA:489,0
DA:490,0
DA:491,0
DA:495,0
DA:497,0
DA:500,0
DA:511,1
DA:512,0
DA:513,0
DA:514,0
DA:515,0
DA:516,0
DA:520,1
DA:521,0
DA:522,0
DA:523,0
DA:524,0
DA:525,0
DA:529,0
DA:530,0
DA:531,0
DA:535,0
DA:536,0
DA:537,0
DA:538,0
DA:542,0
DA:544,0
DA:547,0
DA:558,1
DA:559,0
DA:560,0
DA:561,0
DA:562,0
DA:563,0
DA:567,1
DA:568,0
DA:569,0
DA:570,0
DA:571,0
DA:572,0
DA:576,0
DA:577,0
DA:578,0
DA:582,0
DA:583,0
DA:584,0
DA:585,0
DA:589,0
DA:591,0
DA:594,0
DA:604,1
DA:605,0
DA:606,0
DA:607,0
DA:608,0
DA:612,1
DA:613,0
DA:614,0
DA:615,0
DA:616,0
DA:620,0
DA:621,0
DA:625,0
DA:626,0
DA:627,0
DA:631,0
DA:633,0
DA:636,0
DA:652,1
DA:653,0
DA:654,0
DA:655,0
DA:656,0
DA:657,0
DA:658,0
DA:659,0
DA:660,0
DA:661,0
DA:662,0
DA:666,1
DA:667,0
DA:668,0
DA:669,0
DA:670,0
DA:671,0
DA:672,0
DA:673,0
DA:674,0
DA:675,0
DA:676,0
DA:680,0
DA:681,0
DA:682,0
DA:683,0
DA:684,0
DA:685,0
DA:686,0
DA:687,0
DA:691,0
DA:692,0
DA:693,0
DA:694,0
DA:695,0
DA:696,0
DA:697,0
DA:698,0
DA:699,0
DA:703,0
DA:705,0
DA:708,0
DA:723,1
DA:724,0
DA:725,0
DA:726,0
DA:727,0
DA:728,0
DA:729,0
DA:730,0
DA:731,0
DA:732,0
DA:736,1
DA:737,0
DA:738,0
DA:739,0
DA:740,0
DA:741,0
DA:742,0
DA:743,0
DA:744,0
DA:745,0
DA:749,0
DA:750,0
DA:751,0
DA:752,0
DA:753,0
DA:754,0
DA:755,0
DA:759,0
DA:760,0
DA:761,0
DA:762,0
DA:763,0
DA:764,0
DA:765,0
DA:766,0
DA:770,0
DA:772,0
DA:775,0
DA:788,1
DA:789,0
DA:790,0
DA:791,0
DA:792,0
DA:793,0
DA:794,0
DA:795,0
DA:799,1
DA:800,0
DA:801,0
DA:802,0
DA:803,0
DA:804,0
DA:805,0
DA:806,0
DA:810,0
DA:811,0
DA:812,0
DA:813,0
DA:814,0
DA:818,0
DA:819,0
DA:820,0
DA:821,0
DA:822,0
DA:823,0
DA:827,0
DA:829,0
DA:832,0
DA:845,1
DA:846,0
DA:847,0
DA:848,0
DA:849,0
DA:850,0
DA:851,0
DA:852,0
DA:856,1
DA:857,0
DA:858,0
DA:859,0
DA:860,0
DA:861,0
DA:862,0
DA:863,0
DA:867,0
DA:868,0
DA:869,0
DA:870,0
DA:871,0
DA:875,0
DA:876,0
DA:877,0
DA:878,0
DA:879,0
DA:880,0
DA:884,0
DA:886,0
DA:889,0
DA:902,1
DA:903,0
DA:904,0
DA:905,0
DA:906,0
DA:907,0
DA:908,0
DA:909,0
DA:913,1
DA:914,0
DA:915,0
DA:916,0
DA:917,0
DA:918,0
DA:919,0
DA:920,0
DA:924,0
DA:925,0
DA:926,0
DA:927,0
DA:928,0
DA:932,0
DA:933,0
DA:934,0
DA:935,0
DA:936,0
DA:937,0
DA:941,0
DA:943,0
DA:946,0
DA:956,1
DA:957,0
DA:958,0
DA:959,0
DA:960,0
DA:964,1
DA:965,0
DA:966,0
DA:967,0
DA:968,0
DA:972,0
DA:973,0
DA:977,0
DA:978,0
DA:979,0
DA:983,0
DA:985,0
DA:988,0
DA:998,1
DA:999,0
DA:1000,0
DA:1001,0
DA:1002,0
DA:1006,1
DA:1007,0
DA:1008,0
DA:1009,0
DA:1010,0
DA:1014,0
DA:1015,0
DA:1019,0
DA:1020,0
DA:1021,0
DA:1025,0
DA:1027,0
DA:1030,0
DA:1040,1
DA:1041,0
DA:1042,0
DA:1043,0
DA:1044,0
DA:1048,1
DA:1049,0
DA:1050,0
DA:1051,0
DA:1052,0
DA:1056,0
DA:1057,0
DA:1061,0
DA:1062,0
DA:1063,0
DA:1067,0
DA:1069,0
DA:1072,0
DA:1085,1
DA:1086,0
DA:1087,0
DA:1088,0
DA:1089,0
DA:1090,0
DA:1091,0
DA:1095,1
DA:1096,0
DA:1097,0
DA:1098,0
DA:1099,0
DA:1100,0
DA:1101,0
DA:1105,0
DA:1106,0
DA:1107,0
DA:1108,0
DA:1109,0
DA:1113,0
DA:1114,0
DA:1115,0
DA:1116,0
DA:1117,0
DA:1118,0
DA:1122,0
DA:1124,0
DA:1127,0
DA:1138,1
DA:1139,0
DA:1140,0
DA:1141,0
DA:1142,0
DA:1143,0
DA:1147,1
DA:1148,0
DA:1149,0
DA:1150,0
DA:1151,0
DA:1152,0
DA:1156,0
DA:1157,0
DA:1158,0
DA:1162,0
DA:1163,0
DA:1164,0
DA:1165,0
DA:1169,0
DA:1171,0
DA:1174,0
DA:1188,1
DA:1189,0
DA:1190,0
DA:1191,0
DA:1192,0
DA:1193,0
DA:1194,0
DA:1195,0
DA:1199,1
DA:1200,0
DA:1201,0
DA:1202,0
DA:1203,0
DA:1204,0
DA:1205,0
DA:1206,0
DA:1210,0
DA:1211,0
DA:1212,0
DA:1213,0
DA:1214,0
DA:1215,0
DA:1219,0
DA:1220,0
DA:1221,0
DA:1222,0
DA:1223,0
DA:1224,0
DA:1225,0
DA:1229,0
DA:1231,0
DA:1234,0
DA:1246,0
DA:1247,0
DA:1248,0
DA:1249,0
DA:1254,0
DA:1255,0
DA:1256,0
DA:1257,0
DA:1258,0
DA:1259,0
DA:1260,0
DA:1261,0
DA:1264,1
DA:1299,1
DA:1326,1
DA:1331,1
DA:1336,1
DA:1342,1
DA:1345,0
DA:1349,0
DA:1350,0
DA:1351,0
DA:1355,0
DA:1360,0
DA:1368,0
DA:1369,0
DA:1374,0
DA:1375,0
DA:1376,0
DA:1378,0
DA:1379,0
DA:1381,0
DA:1382,0
DA:1384,0
DA:1386,0
DA:1391,0
DA:1392,0
DA:1393,0
DA:1394,0
DA:1395,0
DA:1399,0
DA:1400,0
DA:1401,0
DA:1402,0
LF:641
LH:55
BRDA:141,0,0,0
BRDA:141,0,1,0
BRDA:141,1,0,0
BRDA:141,1,1,0
BRDA:142,2,0,0
BRDA:142,2,1,0
BRDA:142,3,0,0
BRDA:142,3,1,0
BRDA:143,4,0,0
BRDA:143,4,1,0
BRDA:143,5,0,0
BRDA:143,5,1,0
BRDA:153,6,0,0
BRDA:153,6,1,0
BRDA:154,7,0,0
BRDA:154,7,1,0
BRDA:155,8,0,0
BRDA:155,8,1,0
BRDA:210,9,0,0
BRDA:257,10,0,0
BRDA:349,11,0,0
BRDA:394,12,0,0
BRDA:436,13,0,0
BRDA:478,14,0,0
BRDA:522,15,0,0
BRDA:569,16,0,0
BRDA:614,17,0,0
BRDA:660,18,0,0
BRDA:660,18,1,0
BRDA:660,19,0,0
BRDA:660,19,1,0
BRDA:668,20,0,0
BRDA:673,21,0,0
BRDA:673,21,1,0
BRDA:738,22,0,0
BRDA:801,23,0,0
BRDA:858,24,0,0
BRDA:915,25,0,0
BRDA:966,26,0,0
BRDA:1008,27,0,0
BRDA:1050,28,0,0
BRDA:1149,29,0,0
BRDA:1375,30,0,0
BRDA:1375,31,0,0
BRDA:1375,31,1,0
BRDA:1375,31,2,0
BRDA:1375,31,3,0
BRDA:1378,32,0,0
BRDA:1378,33,0,0
BRDA:1378,33,1,0
BRDA:1378,33,2,0
BRDA:1378,33,3,0
BRDA:1381,34,0,0
BRDA:1381,35,0,0
BRDA:1381,35,1,0
BRDA:1381,35,2,0
BRDA:1381,35,3,0
BRDA:1384,36,0,0
BRF:58
BRH:0
end_of_record
TN:
SF:build/Jetton/tact_SampleJetton.ts
FN:29,storeStateInit
FN:30,(anonymous_1)
FN:37,loadStateInit
FN:44,loadTupleStateInit
FN:50,storeTupleStateInit
FN:57,dictValueParserStateInit
FN:59,(anonymous_6)
FN:62,(anonymous_7)
FN:76,storeContext
FN:77,(anonymous_9)
FN:86,loadContext
FN:95,loadTupleContext
FN:103,storeTupleContext
FN:112,dictValueParserContext
FN:114,(anonymous_14)
FN:117,(anonymous_15)
FN:134,storeSendParameters
FN:135,(anonymous_17)
FN:147,loadSendParameters
FN:159,loadTupleSendParameters
FN:170,storeTupleSendParameters
FN:182,dictValueParserSendParameters
FN:184,(anonymous_22)
FN:187,(anonymous_23)
FN:199,storeChangeOwner
FN:200,(anonymous_25)
FN:208,loadChangeOwner
FN:216,loadTupleChangeOwner
FN:222,storeTupleChangeOwner
FN:229,dictValueParserChangeOwner
FN:231,(anonymous_30)
FN:234,(anonymous_31)
FN:246,storeChangeOwnerOk
FN:247,(anonymous_33)
FN:255,loadChangeOwnerOk
FN:263,loadTupleChangeOwnerOk
FN:269,storeTupleChangeOwnerOk
FN:276,dictValueParserChangeOwnerOk
FN:278,(anonymous_38)
FN:281,(anonymous_39)
FN:293,storeUserStake
FN:294,(anonymous_41)
FN:301,loadUserStake
FN:308,loadTupleUserStake
FN:314,storeTupleUserStake
FN:321,dictValueParserUserStake
FN:323,(anonymous_46)
FN:326,(anonymous_47)
FN:338,storeWithdrawJetton
FN:339,(anonymous_49)
FN:347,loadWithdrawJetton
FN:355,loadTupleWithdrawJetton
FN:361,storeTupleWithdrawJetton
FN:368,dictValueParserWithdrawJetton
FN:370,(anonymous_54)
FN:373,(anonymous_55)
FN:384,storeUnstake
FN:385,(anonymous_57)
FN:392,loadUnstake
FN:399,loadTupleUnstake
FN:404,storeTupleUnstake
FN:410,dictValueParserUnstake
FN:412,(anonymous_62)
FN:415,(anonymous_63)
FN:426,storeWithdraw
FN:427,(anonymous_65)
FN:434,loadWithdraw
FN:441,loadTupleWithdraw
FN:446,storeTupleWithdraw
FN:452,dictValueParserWithdraw
FN:454,(anonymous_70)
FN:457,(anonymous_71)
FN:468,storeChangeYearlyPercent
FN:469,(anonymous_73)
FN:476,loadChangeYearlyPercent
FN:483,loadTupleChangeYearlyPercent
FN:488,storeTupleChangeYearlyPercent
FN:494,dictValueParserChangeYearlyPercent
FN:496,(anonymous_78)
FN:499,(anonymous_79)
FN:511,storeStakeEvent
FN:512,(anonymous_81)
FN:520,loadStakeEvent
FN:528,loadTupleStakeEvent
FN:534,storeTupleStakeEvent
FN:541,dictValueParserStakeEvent
FN:543,(anonymous_86)
FN:546,(anonymous_87)
FN:558,storeUnstakeEvent
FN:559,(anonymous_89)
FN:567,loadUnstakeEvent
FN:575,loadTupleUnstakeEvent
FN:581,storeTupleUnstakeEvent
FN:588,dictValueParserUnstakeEvent
FN:590,(anonymous_94)
FN:593,(anonymous_95)
FN:604,storeWithdrawEarned
FN:605,(anonymous_97)
FN:612,loadWithdrawEarned
FN:619,loadTupleWithdrawEarned
FN:624,storeTupleWithdrawEarned
FN:630,dictValueParserWithdrawEarned
FN:632,(anonymous_102)
FN:635,(anonymous_103)
FN:652,storeTokenTransfer
FN:653,(anonymous_105)
FN:666,loadTokenTransfer
FN:679,loadTupleTokenTransfer
FN:690,storeTupleTokenTransfer
FN:702,dictValueParserTokenTransfer
FN:704,(anonymous_110)
FN:707,(anonymous_111)
FN:723,storeTokenTransferInternal
FN:724,(anonymous_113)
FN:736,loadTokenTransferInternal
FN:748,loadTupleTokenTransferInternal
FN:758,storeTupleTokenTransferInternal
FN:769,dictValueParserTokenTransferInternal
FN:771,(anonymous_118)
FN:774,(anonymous_119)
FN:788,storeTokenNotification
FN:789,(anonymous_121)
FN:799,loadTokenNotification
FN:809,loadTupleTokenNotification
FN:817,storeTupleTokenNotification
FN:826,dictValueParserTokenNotification
FN:828,(anonymous_126)
FN:831,(anonymous_127)
FN:845,storeTokenBurn
FN:846,(anonymous_129)
FN:856,loadTokenBurn
FN:866,loadTupleTokenBurn
FN:874,storeTupleTokenBurn
FN:883,dictValueParserTokenBurn
FN:885,(anonymous_134)
FN:888,(anonymous_135)
FN:902,storeTokenBurnNotification
FN:903,(anonymous_137)
FN:913,loadTokenBurnNotification
FN:923,loadTupleTokenBurnNotification
FN:931,storeTupleTokenBurnNotification
FN:940,dictValueParserTokenBurnNotification
FN:942,(anonymous_142)
FN:945,(anonymous_143)
FN:956,storeTokenExcesses
FN:957,(anonymous_145)
FN:964,loadTokenExcesses
FN:971,loadTupleTokenExcesses
FN:976,storeTupleTokenExcesses
FN:982,dictValueParserTokenExcesses
FN:984,(anonymous_150)
FN:987,(anonymous_151)
FN:998,storeTokenUpdateContent
FN:999,(anonymous_153)
FN:1006,loadTokenUpdateContent
FN:1013,loadTupleTokenUpdateContent
FN:1018,storeTupleTokenUpdateContent
FN:1024,dictValueParserTokenUpdateContent
FN:1026,(anonymous_158)
FN:1029,(anonymous_159)
FN:1040,storeSetContractJettonWallet
FN:1041,(anonymous_161)
FN:1048,loadSetContractJettonWallet
FN:1055,loadTupleSetContractJettonWallet
FN:1060,storeTupleSetContractJettonWallet
FN:1066,dictValueParserSetContractJettonWallet
FN:1068,(anonymous_166)
FN:1071,(anonymous_167)
FN:1085,storeJettonWalletData
FN:1086,(anonymous_169)
FN:1095,loadJettonWalletData
FN:1104,loadTupleJettonWalletData
FN:1112,storeTupleJettonWalletData
FN:1121,dictValueParserJettonWalletData
FN:1123,(anonymous_174)
FN:1126,(anonymous_175)
FN:1138,storeMint
FN:1139,(anonymous_177)
FN:1147,loadMint
FN:1155,loadTupleMint
FN:1161,storeTupleMint
FN:1168,dictValueParserMint
FN:1170,(anonymous_182)
FN:1173,(anonymous_183)
FN:1188,storeJettonData
FN:1189,(anonymous_185)
FN:1199,loadJettonData
FN:1209,loadTupleJettonData
FN:1218,storeTupleJettonData
FN:1228,dictValueParserJettonData
FN:1230,(anonymous_190)
FN:1233,(anonymous_191)
FN:1246,initSampleJetton_init_args
FN:1247,(anonymous_193)
FN:1255,SampleJetton_init
FN:1348,(anonymous_195)
FN:1352,(anonymous_196)
FN:1358,(anonymous_197)
FN:1371,(anonymous_198)
FN:1376,(anonymous_199)
FN:1394,(anonymous_200)
FN:1401,(anonymous_201)
FN:1409,(anonymous_202)
FNF:203
FNH:0
FNDA:0,storeStateInit
FNDA:0,(anonymous_1)
FNDA:0,loadStateInit
FNDA:0,loadTupleStateInit
FNDA:0,storeTupleStateInit
FNDA:0,dictValueParserStateInit
FNDA:0,(anonymous_6)
FNDA:0,(anonymous_7)
FNDA:0,storeContext
FNDA:0,(anonymous_9)
FNDA:0,loadContext
FNDA:0,loadTupleContext
FNDA:0,storeTupleContext
FNDA:0,dictValueParserContext
FNDA:0,(anonymous_14)
FNDA:0,(anonymous_15)
FNDA:0,storeSendParameters
FNDA:0,(anonymous_17)
FNDA:0,loadSendParameters
FNDA:0,loadTupleSendParameters
FNDA:0,storeTupleSendParameters
FNDA:0,dictValueParserSendParameters
FNDA:0,(anonymous_22)
FNDA:0,(anonymous_23)
FNDA:0,storeChangeOwner
FNDA:0,(anonymous_25)
FNDA:0,loadChangeOwner
FNDA:0,loadTupleChangeOwner
FNDA:0,storeTupleChangeOwner
FNDA:0,dictValueParserChangeOwner
FNDA:0,(anonymous_30)
FNDA:0,(anonymous_31)
FNDA:0,storeChangeOwnerOk
FNDA:0,(anonymous_33)
FNDA:0,loadChangeOwnerOk
FNDA:0,loadTupleChangeOwnerOk
FNDA:0,storeTupleChangeOwnerOk
FNDA:0,dictValueParserChangeOwnerOk
FNDA:0,(anonymous_38)
FNDA:0,(anonymous_39)
FNDA:0,storeUserStake
FNDA:0,(anonymous_41)
FNDA:0,loadUserStake
FNDA:0,loadTupleUserStake
FNDA:0,storeTupleUserStake
FNDA:0,dictValueParserUserStake
FNDA:0,(anonymous_46)
FNDA:0,(anonymous_47)
FNDA:0,storeWithdrawJetton
FNDA:0,(anonymous_49)
FNDA:0,loadWithdrawJetton
FNDA:0,loadTupleWithdrawJetton
FNDA:0,storeTupleWithdrawJetton
FNDA:0,dictValueParserWithdrawJetton
FNDA:0,(anonymous_54)
FNDA:0,(anonymous_55)
FNDA:0,storeUnstake
FNDA:0,(anonymous_57)
FNDA:0,loadUnstake
FNDA:0,loadTupleUnstake
FNDA:0,storeTupleUnstake
FNDA:0,dictValueParserUnstake
FNDA:0,(anonymous_62)
FNDA:0,(anonymous_63)
FNDA:0,storeWithdraw
FNDA:0,(anonymous_65)
FNDA:0,loadWithdraw
FNDA:0,loadTupleWithdraw
FNDA:0,storeTupleWithdraw
FNDA:0,dictValueParserWithdraw
FNDA:0,(anonymous_70)
FNDA:0,(anonymous_71)
FNDA:0,storeChangeYearlyPercent
FNDA:0,(anonymous_73)
FNDA:0,loadChangeYearlyPercent
FNDA:0,loadTupleChangeYearlyPercent
FNDA:0,storeTupleChangeYearlyPercent
FNDA:0,dictValueParserChangeYearlyPercent
FNDA:0,(anonymous_78)
FNDA:0,(anonymous_79)
FNDA:0,storeStakeEvent
FNDA:0,(anonymous_81)
FNDA:0,loadStakeEvent
FNDA:0,loadTupleStakeEvent
FNDA:0,storeTupleStakeEvent
FNDA:0,dictValueParserStakeEvent
FNDA:0,(anonymous_86)
FNDA:0,(anonymous_87)
FNDA:0,storeUnstakeEvent
FNDA:0,(anonymous_89)
FNDA:0,loadUnstakeEvent
FNDA:0,loadTupleUnstakeEvent
FNDA:0,storeTupleUnstakeEvent
FNDA:0,dictValueParserUnstakeEvent
FNDA:0,(anonymous_94)
FNDA:0,(anonymous_95)
FNDA:0,storeWithdrawEarned
FNDA:0,(anonymous_97)
FNDA:0,loadWithdrawEarned
FNDA:0,loadTupleWithdrawEarned
FNDA:0,storeTupleWithdrawEarned
FNDA:0,dictValueParserWithdrawEarned
FNDA:0,(anonymous_102)
FNDA:0,(anonymous_103)
FNDA:0,storeTokenTransfer
FNDA:0,(anonymous_105)
FNDA:0,loadTokenTransfer
FNDA:0,loadTupleTokenTransfer
FNDA:0,storeTupleTokenTransfer
FNDA:0,dictValueParserTokenTransfer
FNDA:0,(anonymous_110)
FNDA:0,(anonymous_111)
FNDA:0,storeTokenTransferInternal
FNDA:0,(anonymous_113)
FNDA:0,loadTokenTransferInternal
FNDA:0,loadTupleTokenTransferInternal
FNDA:0,storeTupleTokenTransferInternal
FNDA:0,dictValueParserTokenTransferInternal
FNDA:0,(anonymous_118)
FNDA:0,(anonymous_119)
FNDA:0,storeTokenNotification
FNDA:0,(anonymous_121)
FNDA:0,loadTokenNotification
FNDA:0,loadTupleTokenNotification
FNDA:0,storeTupleTokenNotification
FNDA:0,dictValueParserTokenNotification
FNDA:0,(anonymous_126)
FNDA:0,(anonymous_127)
FNDA:0,storeTokenBurn
FNDA:0,(anonymous_129)
FNDA:0,loadTokenBurn
FNDA:0,loadTupleTokenBurn
FNDA:0,storeTupleTokenBurn
FNDA:0,dictValueParserTokenBurn
FNDA:0,(anonymous_134)
FNDA:0,(anonymous_135)
FNDA:0,storeTokenBurnNotification
FNDA:0,(anonymous_137)
FNDA:0,loadTokenBurnNotification
FNDA:0,loadTupleTokenBurnNotification
FNDA:0,storeTupleTokenBurnNotification
FNDA:0,dictValueParserTokenBurnNotification
FNDA:0,(anonymous_142)
FNDA:0,(anonymous_143)
FNDA:0,storeTokenExcesses
FNDA:0,(anonymous_145)
FNDA:0,loadTokenExcesses
FNDA:0,loadTupleTokenExcesses
FNDA:0,storeTupleTokenExcesses
FNDA:0,dictValueParserTokenExcesses
FNDA:0,(anonymous_150)
FNDA:0,(anonymous_151)
FNDA:0,storeTokenUpdateContent
FNDA:0,(anonymous_153)
FNDA:0,loadTokenUpdateContent
FNDA:0,loadTupleTokenUpdateContent
FNDA:0,storeTupleTokenUpdateContent
FNDA:0,dictValueParserTokenUpdateContent
FNDA:0,(anonymous_158)
FNDA:0,(anonymous_159)
FNDA:0,storeSetContractJettonWallet
FNDA:0,(anonymous_161)
FNDA:0,loadSetContractJettonWallet
FNDA:0,loadTupleSetContractJettonWallet
FNDA:0,storeTupleSetContractJettonWallet
FNDA:0,dictValueParserSetContractJettonWallet
FNDA:0,(anonymous_166)
FNDA:0,(anonymous_167)
FNDA:0,storeJettonWalletData
FNDA:0,(anonymous_169)
FNDA:0,loadJettonWalletData
FNDA:0,loadTupleJettonWalletData
FNDA:0,storeTupleJettonWalletData
FNDA:0,dictValueParserJettonWalletData
FNDA:0,(anonymous_174)
FNDA:0,(anonymous_175)
FNDA:0,storeMint
FNDA:0,(anonymous_177)
FNDA:0,loadMint
FNDA:0,loadTupleMint
FNDA:0,storeTupleMint
FNDA:0,dictValueParserMint
FNDA:0,(anonymous_182)
FNDA:0,(anonymous_183)
FNDA:0,storeJettonData
FNDA:0,(anonymous_185)
FNDA:0,loadJettonData
FNDA:0,loadTupleJettonData
FNDA:0,storeTupleJettonData
FNDA:0,dictValueParserJettonData
FNDA:0,(anonymous_190)
FNDA:0,(anonymous_191)
FNDA:0,initSampleJetton_init_args
FNDA:0,(anonymous_193)
FNDA:0,SampleJetton_init
FNDA:0,(anonymous_195)
FNDA:0,(anonymous_196)
FNDA:0,(anonymous_197)
FNDA:0,(anonymous_198)
FNDA:0,(anonymous_199)
FNDA:0,(anonymous_200)
FNDA:0,(anonymous_201)
FNDA:0,(anonymous_202)
DA:1,1
DA:29,1
DA:30,0
DA:31,0
DA:32,0
DA:33,0
DA:37,1
DA:38,0
DA:39,0
DA:40,0
DA:41,0
DA:45,0
DA:46,0
DA:47,0
DA:51,0
DA:52,0
DA:53,0
DA:54,0
DA:58,0
DA:60,0
DA:63,0
DA:76,1
DA:77,0
DA:78,0
DA:79,0
DA:80,0
DA:81,0
DA:82,0
DA:86,1
DA:87,0
DA:88,0
DA:89,0
DA:90,0
DA:91,0
DA:92,0
DA:96,0
DA:97,0
DA:98,0
DA:99,0
DA:100,0
DA:104,0
DA:105,0
DA:106,0
DA:107,0
DA:108,0
DA:109,0
DA:113,0
DA:115,0
DA:118,0
DA:134,1
DA:135,0
DA:136,0
DA:137,0
DA:138,0
DA:139,0
DA:140,0
DA:141,0
DA:142,0
DA:143,0
DA:147,1
DA:148,0
DA:149,0
DA:150,0
DA:151,0
DA:152,0
DA:153,0
DA:154,0
DA:155,0
DA:156,0
DA:160,0
DA:161,0
DA:162,0
DA:163,0
DA:164,0
DA:165,0
DA:166,0
DA:167,0
DA:171,0
DA:172,0
DA:173,0
DA:174,0
DA:175,0
DA:176,0
DA:177,0
DA:178,0
DA:179,0
DA:183,0
DA:185,0
DA:188,0
DA:199,1
DA:200,0
DA:201,0
DA:202,0
DA:203,0
DA:204,0
DA:208,1
DA:209,0
DA:210,0
DA:211,0
DA:212,0
DA:213,0
DA:217,0
DA:218,0
DA:219,0
DA:223,0
DA:224,0
DA:225,0
DA:226,0
DA:230,0
DA:232,0
DA:235,0
DA:246,1
DA:247,0
DA:248,0
DA:249,0
DA:250,0
DA:251,0
DA:255,1
DA:256,0
DA:257,0
DA:258,0
DA:259,0
DA:260,0
DA:264,0
DA:265,0
DA:266,0
DA:270,0
DA:271,0
DA:272,0
DA:273,0
DA:277,0
DA:279,0
DA:282,0
DA:293,1
DA:294,0
DA:295,0
DA:296,0
DA:297,0
DA:301,1
DA:302,0
DA:303,0
DA:304,0
DA:305,0
DA:309,0
DA:310,0
DA:311,0
DA:315,0
DA:316,0
DA:317,0
DA:318,0
DA:322,0
DA:324,0
DA:327,0
DA:338,1
DA:339,0
DA:340,0
DA:341,0
DA:342,0
DA:343,0
DA:347,1
DA:348,0
DA:349,0
DA:350,0
DA:351,0
DA:352,0
DA:356,0
DA:357,0
DA:358,0
DA:362,0
DA:363,0
DA:364,0
DA:365,0
DA:369,0
DA:371,0
DA:374,0
DA:384,1
DA:385,0
DA:386,0
DA:387,0
DA:388,0
DA:392,1
DA:393,0
DA:394,0
DA:395,0
DA:396,0
DA:400,0
DA:401,0
DA:405,0
DA:406,0
DA:407,0
DA:411,0
DA:413,0
DA:416,0
DA:426,1
DA:427,0
DA:428,0
DA:429,0
DA:430,0
DA:434,1
DA:435,0
DA:436,0
DA:437,0
DA:438,0
DA:442,0
DA:443,0
DA:447,0
DA:448,0
DA:449,0
DA:453,0
DA:455,0
DA:458,0
DA:468,1
DA:469,0
DA:470,0
DA:471,0
DA:472,0
DA:476,1
DA:477,0
DA:478,0
DA:479,0
DA:480,0
DA:484,0
DA:485,0
DA:489,0
DA:490,0
DA:491,0
DA:495,0
DA:497,0
DA:500,0
DA:511,1
DA:512,0
DA:513,0
DA:514,0
DA:515,0
DA:516,0
DA:520,1
DA:521,0
DA:522,0
DA:523,0
DA:524,0
DA:525,0
DA:529,0
DA:530,0
DA:531,0
DA:535,0
DA:536,0
DA:537,0
DA:538,0
DA:542,0
DA:544,0
DA:547,0
DA:558,1
DA:559,0
DA:560,0
DA:561,0
DA:562,0
DA:563,0
DA:567,1
DA:568,0
DA:569,0
DA:570,0
DA:571,0
DA:572,0
DA:576,0
DA:577,0
DA:578,0
DA:582,0
DA:583,0
DA:584,0
DA:585,0
DA:589,0
DA:591,0
DA:594,0
DA:604,1
DA:605,0
DA:606,0
DA:607,0
DA:608,0
DA:612,1
DA:613,0
DA:614,0
DA:615,0
DA:616,0
DA:620,0
DA:621,0
DA:625,0
DA:626,0
DA:627,0
DA:631,0
DA:633,0
DA:636,0
DA:652,1
DA:653,0
DA:654,0
DA:655,0
DA:656,0
DA:657,0
DA:658,0
DA:659,0
DA:660,0
DA:661,0
DA:662,0
DA:666,1
DA:667,0
DA:668,0
DA:669,0
DA:670,0
DA:671,0
DA:672,0
DA:673,0
DA:674,0
DA:675,0
DA:676,0
DA:680,0
DA:681,0
DA:682,0
DA:683,0
DA:684,0
DA:685,0
DA:686,0
DA:687,0
DA:691,0
DA:692,0
DA:693,0
DA:694,0
DA:695,0
DA:696,0
DA:697,0
DA:698,0
DA:699,0
DA:703,0
DA:705,0
DA:708,0
DA:723,1
DA:724,0
DA:725,0
DA:726,0
DA:727,0
DA:728,0
DA:729,0
DA:730,0
DA:731,0
DA:732,0
DA:736,1
DA:737,0
DA:738,0
DA:739,0
DA:740,0
DA:741,0
DA:742,0
DA:743,0
DA:744,0
DA:745,0
DA:749,0
DA:750,0
DA:751,0
DA:752,0
DA:753,0
DA:754,0
DA:755,0
DA:759,0
DA:760,0
DA:761,0
DA:762,0
DA:763,0
DA:764,0
DA:765,0
DA:766,0
DA:770,0
DA:772,0
DA:775,0
DA:788,1
DA:789,0
DA:790,0
DA:791,0
DA:792,0
DA:793,0
DA:794,0
DA:795,0
DA:799,1
DA:800,0
DA:801,0
DA:802,0
DA:803,0
DA:804,0
DA:805,0
DA:806,0
DA:810,0
DA:811,0
DA:812,0
DA:813,0
DA:814,0
DA:818,0
DA:819,0
DA:820,0
DA:821,0
DA:822,0
DA:823,0
DA:827,0
DA:829,0
DA:832,0
DA:845,1
DA:846,0
DA:847,0
DA:848,0
DA:849,0
DA:850,0
DA:851,0
DA:852,0
DA:856,1
DA:857,0
DA:858,0
DA:859,0
DA:860,0
DA:861,0
DA:862,0
DA:863,0
DA:867,0
DA:868,0
DA:869,0
DA:870,0
DA:871,0
DA:875,0
DA:876,0
DA:877,0
DA:878,0
DA:879,0
DA:880,0
DA:884,0
DA:886,0
DA:889,0
DA:902,1
DA:903,0
DA:904,0
DA:905,0
DA:906,0
DA:907,0
DA:908,0
DA:909,0
DA:913,1
DA:914,0
DA:915,0
DA:916,0
DA:917,0
DA:918,0
DA:919,0
DA:920,0
DA:924,0
DA:925,0
DA:926,0
DA:927,0
DA:928,0
DA:932,0
DA:933,0
DA:934,0
DA:935,0
DA:936,0
DA:937,0
DA:941,0
DA:943,0
DA:946,0
DA:956,1
DA:957,0
DA:958,0
DA:959,0
DA:960,0
DA:964,1
DA:965,0
DA:966,0
DA:967,0
DA:968,0
DA:972,0
DA:973,0
DA:977,0
DA:978,0
DA:979,0
DA:983,0
DA:985,0
DA:988,0
DA:998,1
DA:999,0
DA:1000,0
DA:1001,0
DA:1002,0
DA:1006,1
DA:1007,0
DA:1008,0
DA:1009,0
DA:1010,0
DA:1014,0
DA:1015,0
DA:1019,0
DA:1020,0
DA:1021,0
DA:1025,0
DA:1027,0
DA:1030,0
DA:1040,1
DA:1041,0
DA:1042,0
DA:1043,0
DA:1044,0
DA:1048,1
DA:1049,0
DA:1050,0
DA:1051,0
DA:1052,0
DA:1056,0
DA:1057,0
DA:1061,0
DA:1062,0
DA:1063,0
DA:1067,0
DA:1069,0
DA:1072,0
DA:1085,1
DA:1086,0
DA:1087,0
DA:1088,0
DA:1089,0
DA:1090,0
DA:1091,0
DA:1095,1
DA:1096,0
DA:1097,0
DA:1098,0
DA:1099,0
DA:1100,0
DA:1101,0
DA:1105,0
DA:1106,0
DA:1107,0
DA:1108,0
DA:1109,0
DA:1113,0
DA:1114,0
DA:1115,0
DA:1116,0
DA:1117,0
DA:1118,0
DA:1122,0
DA:1124,0
DA:1127,0
DA:1138,1
DA:1139,0
DA:1140,0
DA:1141,0
DA:1142,0
DA:1143,0
DA:1147,1
DA:1148,0
DA:1149,0
DA:1150,0
DA:1151,0
DA:1152,0
DA:1156,0
DA:1157,0
DA:1158,0
DA:1162,0
DA:1163,0
DA:1164,0
DA:1165,0
DA:1169,0
DA:1171,0
DA:1174,0
DA:1188,1
DA:1189,0
DA:1190,0
DA:1191,0
DA:1192,0
DA:1193,0
DA:1194,0
DA:1195,0
DA:1199,1
DA:1200,0
DA:1201,0
DA:1202,0
DA:1203,0
DA:1204,0
DA:1205,0
DA:1206,0
DA:1210,0
DA:1211,0
DA:1212,0
DA:1213,0
DA:1214,0
DA:1215,0
DA:1219,0
DA:1220,0
DA:1221,0
DA:1222,0
DA:1223,0
DA:1224,0
DA:1225,0
DA:1229,0
DA:1231,0
DA:1234,0
DA:1247,0
DA:1248,0
DA:1249,0
DA:1250,0
DA:1251,0
DA:1256,0
DA:1257,0
DA:1258,0
DA:1259,0
DA:1260,0
DA:1261,0
DA:1262,0
DA:1263,0
DA:1266,1
DA:1301,1
DA:1328,1
DA:1334,1
DA:1340,1
DA:1346,1
DA:1349,0
DA:1353,0
DA:1354,0
DA:1355,0
DA:1359,0
DA:1364,0
DA:1372,0
DA:1373,0
DA:1378,0
DA:1379,0
DA:1380,0
DA:1382,0
DA:1383,0
DA:1385,0
DA:1386,0
DA:1388,0
DA:1390,0
DA:1395,0
DA:1396,0
DA:1397,0
DA:1398,0
DA:1402,0
DA:1403,0
DA:1404,0
DA:1405,0
DA:1406,0
DA:1410,0
DA:1411,0
DA:1412,0
DA:1413,0
LF:646
LH:55
BRDA:141,0,0,0
BRDA:141,0,1,0
BRDA:141,1,0,0
BRDA:141,1,1,0
BRDA:142,2,0,0
BRDA:142,2,1,0
BRDA:142,3,0,0
BRDA:142,3,1,0
BRDA:143,4,0,0
BRDA:143,4,1,0
BRDA:143,5,0,0
BRDA:143,5,1,0
BRDA:153,6,0,0
BRDA:153,6,1,0
BRDA:154,7,0,0
BRDA:154,7,1,0
BRDA:155,8,0,0
BRDA:155,8,1,0
BRDA:210,9,0,0
BRDA:257,10,0,0
BRDA:349,11,0,0
BRDA:394,12,0,0
BRDA:436,13,0,0
BRDA:478,14,0,0
BRDA:522,15,0,0
BRDA:569,16,0,0
BRDA:614,17,0,0
BRDA:660,18,0,0
BRDA:660,18,1,0
BRDA:660,19,0,0
BRDA:660,19,1,0
BRDA:668,20,0,0
BRDA:673,21,0,0
BRDA:673,21,1,0
BRDA:738,22,0,0
BRDA:801,23,0,0
BRDA:858,24,0,0
BRDA:915,25,0,0
BRDA:966,26,0,0
BRDA:1008,27,0,0
BRDA:1050,28,0,0
BRDA:1149,29,0,0
BRDA:1379,30,0,0
BRDA:1379,31,0,0
BRDA:1379,31,1,0
BRDA:1379,31,2,0
BRDA:1379,31,3,0
BRDA:1382,32,0,0
BRDA:1382,33,0,0
BRDA:1382,33,1,0
BRDA:1382,33,2,0
BRDA:1382,33,3,0
BRDA:1385,34,0,0
BRDA:1385,35,0,0
BRDA:1385,35,1,0
BRDA:1385,35,2,0
BRDA:1385,35,3,0
BRDA:1388,36,0,0
BRF:58
BRH:0
end_of_record
TN:
SF:build/Staking/tact_Staking.ts
FN:29,storeStateInit
FN:30,(anonymous_1)
FN:37,loadStateInit
FN:44,loadTupleStateInit
FN:50,loadGetterTupleStateInit
FN:56,storeTupleStateInit
FN:63,dictValueParserStateInit
FN:65,(anonymous_7)
FN:68,(anonymous_8)
FN:82,storeContext
FN:83,(anonymous_10)
FN:92,loadContext
FN:101,loadTupleContext
FN:109,loadGetterTupleContext
FN:117,storeTupleContext
FN:126,dictValueParserContext
FN:128,(anonymous_16)
FN:131,(anonymous_17)
FN:148,storeSendParameters
FN:149,(anonymous_19)
FN:161,loadSendParameters
FN:173,loadTupleSendParameters
FN:184,loadGetterTupleSendParameters
FN:195,storeTupleSendParameters
FN:207,dictValueParserSendParameters
FN:209,(anonymous_25)
FN:212,(anonymous_26)
FN:223,storeDeploy
FN:224,(anonymous_28)
FN:231,loadDeploy
FN:238,loadTupleDeploy
FN:243,loadGetterTupleDeploy
FN:248,storeTupleDeploy
FN:254,dictValueParserDeploy
FN:256,(anonymous_34)
FN:259,(anonymous_35)
FN:270,storeDeployOk
FN:271,(anonymous_37)
FN:278,loadDeployOk
FN:285,loadTupleDeployOk
FN:290,loadGetterTupleDeployOk
FN:295,storeTupleDeployOk
FN:301,dictValueParserDeployOk
FN:303,(anonymous_43)
FN:306,(anonymous_44)
FN:318,storeFactoryDeploy
FN:319,(anonymous_46)
FN:327,loadFactoryDeploy
FN:335,loadTupleFactoryDeploy
FN:341,loadGetterTupleFactoryDeploy
FN:347,storeTupleFactoryDeploy
FN:354,dictValueParserFactoryDeploy
FN:356,(anonymous_52)
FN:359,(anonymous_53)
FN:371,storeChangeOwner
FN:372,(anonymous_55)
FN:380,loadChangeOwner
FN:388,loadTupleChangeOwner
FN:394,loadGetterTupleChangeOwner
FN:400,storeTupleChangeOwner
FN:407,dictValueParserChangeOwner
FN:409,(anonymous_61)
FN:412,(anonymous_62)
FN:424,storeChangeOwnerOk
FN:425,(anonymous_64)
FN:433,loadChangeOwnerOk
FN:441,loadTupleChangeOwnerOk
FN:447,loadGetterTupleChangeOwnerOk
FN:453,storeTupleChangeOwnerOk
FN:460,dictValueParserChangeOwnerOk
FN:462,(anonymous_70)
FN:465,(anonymous_71)
FN:477,storeUserStake
FN:478,(anonymous_73)
FN:485,loadUserStake
FN:492,loadTupleUserStake
FN:498,loadGetterTupleUserStake
FN:504,storeTupleUserStake
FN:511,dictValueParserUserStake
FN:513,(anonymous_79)
FN:516,(anonymous_80)
FN:528,storeWithdrawJetton
FN:529,(anonymous_82)
FN:537,loadWithdrawJetton
FN:545,loadTupleWithdrawJetton
FN:551,loadGetterTupleWithdrawJetton
FN:557,storeTupleWithdrawJetton
FN:564,dictValueParserWithdrawJetton
FN:566,(anonymous_88)
FN:569,(anonymous_89)
FN:580,storeUnstake
FN:581,(anonymous_91)
FN:588,loadUnstake
FN:595,loadTupleUnstake
FN:600,loadGetterTupleUnstake
FN:605,storeTupleUnstake
FN:611,dictValueParserUnstake
FN:613,(anonymous_97)
FN:616,(anonymous_98)
FN:627,storeWithdraw
FN:628,(anonymous_100)
FN:635,loadWithdraw
FN:642,loadTupleWithdraw
FN:647,loadGetterTupleWithdraw
FN:652,storeTupleWithdraw
FN:658,dictValueParserWithdraw
FN:660,(anonymous_106)
FN:663,(anonymous_107)
FN:674,storeChangeYearlyPercent
FN:675,(anonymous_109)
FN:682,loadChangeYearlyPercent
FN:689,loadTupleChangeYearlyPercent
FN:694,loadGetterTupleChangeYearlyPercent
FN:699,storeTupleChangeYearlyPercent
FN:705,dictValueParserChangeYearlyPercent
FN:707,(anonymous_115)
FN:710,(anonymous_116)
FN:720,storeWithdrawAll
FN:721,(anonymous_118)
FN:727,loadWithdrawAll
FN:733,loadTupleWithdrawAll
FN:737,loadGetterTupleWithdrawAll
FN:741,storeTupleWithdrawAll
FN:746,dictValueParserWithdrawAll
FN:748,(anonymous_124)
FN:751,(anonymous_125)
FN:763,storeStakeEvent
FN:764,(anonymous_127)
FN:772,loadStakeEvent
FN:780,loadTupleStakeEvent
FN:786,loadGetterTupleStakeEvent
FN:792,storeTupleStakeEvent
FN:799,dictValueParserStakeEvent
FN:801,(anonymous_133)
FN:804,(anonymous_134)
FN:816,storeUnstakeEvent
FN:817,(anonymous_136)
FN:825,loadUnstakeEvent
FN:833,loadTupleUnstakeEvent
FN:839,loadGetterTupleUnstakeEvent
FN:845,storeTupleUnstakeEvent
FN:852,dictValueParserUnstakeEvent
FN:854,(anonymous_142)
FN:857,(anonymous_143)
FN:868,storeWithdrawEarned
FN:869,(anonymous_145)
FN:876,loadWithdrawEarned
FN:883,loadTupleWithdrawEarned
FN:888,loadGetterTupleWithdrawEarned
FN:893,storeTupleWithdrawEarned
FN:899,dictValueParserWithdrawEarned
FN:901,(anonymous_151)
FN:904,(anonymous_152)
FN:921,storeTokenTransfer
FN:922,(anonymous_154)
FN:935,loadTokenTransfer
FN:948,loadTupleTokenTransfer
FN:959,loadGetterTupleTokenTransfer
FN:970,storeTupleTokenTransfer
FN:982,dictValueParserTokenTransfer
FN:984,(anonymous_160)
FN:987,(anonymous_161)
FN:1003,storeTokenTransferInternal
FN:1004,(anonymous_163)
FN:1016,loadTokenTransferInternal
FN:1028,loadTupleTokenTransferInternal
FN:1038,loadGetterTupleTokenTransferInternal
FN:1048,storeTupleTokenTransferInternal
FN:1059,dictValueParserTokenTransferInternal
FN:1061,(anonymous_169)
FN:1064,(anonymous_170)
FN:1078,storeTokenNotification
FN:1079,(anonymous_172)
FN:1089,loadTokenNotification
FN:1099,loadTupleTokenNotification
FN:1107,loadGetterTupleTokenNotification
FN:1115,storeTupleTokenNotification
FN:1124,dictValueParserTokenNotification
FN:1126,(anonymous_178)
FN:1129,(anonymous_179)
FN:1143,storeTokenBurn
FN:1144,(anonymous_181)
FN:1154,loadTokenBurn
FN:1164,loadTupleTokenBurn
FN:1172,loadGetterTupleTokenBurn
FN:1180,storeTupleTokenBurn
FN:1189,dictValueParserTokenBurn
FN:1191,(anonymous_187)
FN:1194,(anonymous_188)
FN:1208,storeTokenBurnNotification
FN:1209,(anonymous_190)
FN:1219,loadTokenBurnNotification
FN:1229,loadTupleTokenBurnNotification
FN:1237,loadGetterTupleTokenBurnNotification
FN:1245,storeTupleTokenBurnNotification
FN:1254,dictValueParserTokenBurnNotification
FN:1256,(anonymous_196)
FN:1259,(anonymous_197)
FN:1270,storeTokenExcesses
FN:1271,(anonymous_199)
FN:1278,loadTokenExcesses
FN:1285,loadTupleTokenExcesses
FN:1290,loadGetterTupleTokenExcesses
FN:1295,storeTupleTokenExcesses
FN:1301,dictValueParserTokenExcesses
FN:1303,(anonymous_205)
FN:1306,(anonymous_206)
FN:1317,storeTokenUpdateContent
FN:1318,(anonymous_208)
FN:1325,loadTokenUpdateContent
FN:1332,loadTupleTokenUpdateContent
FN:1337,loadGetterTupleTokenUpdateContent
FN:1342,storeTupleTokenUpdateContent
FN:1348,dictValueParserTokenUpdateContent
FN:1350,(anonymous_214)
FN:1353,(anonymous_215)
FN:1364,storeSetContractJettonWallet
FN:1365,(anonymous_217)
FN:1372,loadSetContractJettonWallet
FN:1379,loadTupleSetContractJettonWallet
FN:1384,loadGetterTupleSetContractJettonWallet
FN:1389,storeTupleSetContractJettonWallet
FN:1395,dictValueParserSetContractJettonWallet
FN:1397,(anonymous_223)
FN:1400,(anonymous_224)
FN:1417,storeStaking$Data
FN:1418,(anonymous_226)
FN:1432,loadStaking$Data
FN:1445,loadTupleStaking$Data
FN:1456,loadGetterTupleStaking$Data
FN:1467,storeTupleStaking$Data
FN:1479,dictValueParserStaking$Data
FN:1481,(anonymous_232)
FN:1484,(anonymous_233)
FN:1494,initStaking_init_args
FN:1495,(anonymous_235)
FN:1500,Staking_init
FN:1622,(anonymous_237)
FN:1626,(anonymous_238)
FN:1632,(anonymous_239)
FN:1645,(anonymous_240)
FN:1650,(anonymous_241)
FN:1689,(anonymous_242)
FN:1696,(anonymous_243)
FN:1704,(anonymous_244)
FN:1713,(anonymous_245)
FN:1720,(anonymous_246)
FN:1727,(anonymous_247)
FN:1735,(anonymous_248)
FN:1742,(anonymous_249)
FN:1749,(anonymous_250)
FN:1756,(anonymous_251)
FNF:252
FNH:0
FNDA:0,storeStateInit
FNDA:0,(anonymous_1)
FNDA:0,loadStateInit
FNDA:0,loadTupleStateInit
FNDA:0,loadGetterTupleStateInit
FNDA:0,storeTupleStateInit
FNDA:0,dictValueParserStateInit
FNDA:0,(anonymous_7)
FNDA:0,(anonymous_8)
FNDA:0,storeContext
FNDA:0,(anonymous_10)
FNDA:0,loadContext
FNDA:0,loadTupleContext
FNDA:0,loadGetterTupleContext
FNDA:0,storeTupleContext
FNDA:0,dictValueParserContext
FNDA:0,(anonymous_16)
FNDA:0,(anonymous_17)
FNDA:0,storeSendParameters
FNDA:0,(anonymous_19)
FNDA:0,loadSendParameters
FNDA:0,loadTupleSendParameters
FNDA:0,loadGetterTupleSendParameters
FNDA:0,storeTupleSendParameters
FNDA:0,dictValueParserSendParameters
FNDA:0,(anonymous_25)
FNDA:0,(anonymous_26)
FNDA:0,storeDeploy
FNDA:0,(anonymous_28)
FNDA:0,loadDeploy
FNDA:0,loadTupleDeploy
FNDA:0,loadGetterTupleDeploy
FNDA:0,storeTupleDeploy
FNDA:0,dictValueParserDeploy
FNDA:0,(anonymous_34)
FNDA:0,(anonymous_35)
FNDA:0,storeDeployOk
FNDA:0,(anonymous_37)
FNDA:0,loadDeployOk
FNDA:0,loadTupleDeployOk
FNDA:0,loadGetterTupleDeployOk
FNDA:0,storeTupleDeployOk
FNDA:0,dictValueParserDeployOk
FNDA:0,(anonymous_43)
FNDA:0,(anonymous_44)
FNDA:0,storeFactoryDeploy
FNDA:0,(anonymous_46)
FNDA:0,loadFactoryDeploy
FNDA:0,loadTupleFactoryDeploy
FNDA:0,loadGetterTupleFactoryDeploy
FNDA:0,storeTupleFactoryDeploy
FNDA:0,dictValueParserFactoryDeploy
FNDA:0,(anonymous_52)
FNDA:0,(anonymous_53)
FNDA:0,storeChangeOwner
FNDA:0,(anonymous_55)
FNDA:0,loadChangeOwner
FNDA:0,loadTupleChangeOwner
FNDA:0,loadGetterTupleChangeOwner
FNDA:0,storeTupleChangeOwner
FNDA:0,dictValueParserChangeOwner
FNDA:0,(anonymous_61)
FNDA:0,(anonymous_62)
FNDA:0,storeChangeOwnerOk
FNDA:0,(anonymous_64)
FNDA:0,loadChangeOwnerOk
FNDA:0,loadTupleChangeOwnerOk
FNDA:0,loadGetterTupleChangeOwnerOk
FNDA:0,storeTupleChangeOwnerOk
FNDA:0,dictValueParserChangeOwnerOk
FNDA:0,(anonymous_70)
FNDA:0,(anonymous_71)
FNDA:0,storeUserStake
FNDA:0,(anonymous_73)
FNDA:0,loadUserStake
FNDA:0,loadTupleUserStake
FNDA:0,loadGetterTupleUserStake
FNDA:0,storeTupleUserStake
FNDA:0,dictValueParserUserStake
FNDA:0,(anonymous_79)
FNDA:0,(anonymous_80)
FNDA:0,storeWithdrawJetton
FNDA:0,(anonymous_82)
FNDA:0,loadWithdrawJetton
FNDA:0,loadTupleWithdrawJetton
FNDA:0,loadGetterTupleWithdrawJetton
FNDA:0,storeTupleWithdrawJetton
FNDA:0,dictValueParserWithdrawJetton
FNDA:0,(anonymous_88)
FNDA:0,(anonymous_89)
FNDA:0,storeUnstake
FNDA:0,(anonymous_91)
FNDA:0,loadUnstake
FNDA:0,loadTupleUnstake
FNDA:0,loadGetterTupleUnstake
FNDA:0,storeTupleUnstake
FNDA:0,dictValueParserUnstake
FNDA:0,(anonymous_97)
FNDA:0,(anonymous_98)
FNDA:0,storeWithdraw
FNDA:0,(anonymous_100)
FNDA:0,loadWithdraw
FNDA:0,loadTupleWithdraw
FNDA:0,loadGetterTupleWithdraw
FNDA:0,storeTupleWithdraw
FNDA:0,dictValueParserWithdraw
FNDA:0,(anonymous_106)
FNDA:0,(anonymous_107)
FNDA:0,storeChangeYearlyPercent
FNDA:0,(anonymous_109)
FNDA:0,loadChangeYearlyPercent
FNDA:0,loadTupleChangeYearlyPercent
FNDA:0,loadGetterTupleChangeYearlyPercent
FNDA:0,storeTupleChangeYearlyPercent
FNDA:0,dictValueParserChangeYearlyPercent
FNDA:0,(anonymous_115)
FNDA:0,(anonymous_116)
FNDA:0,storeWithdrawAll
FNDA:0,(anonymous_118)
FNDA:0,loadWithdrawAll
FNDA:0,loadTupleWithdrawAll
FNDA:0,loadGetterTupleWithdrawAll
FNDA:0,storeTupleWithdrawAll
FNDA:0,dictValueParserWithdrawAll
FNDA:0,(anonymous_124)
FNDA:0,(anonymous_125)
FNDA:0,storeStakeEvent
FNDA:0,(anonymous_127)
FNDA:0,loadStakeEvent
FNDA:0,loadTupleStakeEvent
FNDA:0,loadGetterTupleStakeEvent
FNDA:0,storeTupleStakeEvent
FNDA:0,dictValueParserStakeEvent
FNDA:0,(anonymous_133)
FNDA:0,(anonymous_134)
FNDA:0,storeUnstakeEvent
FNDA:0,(anonymous_136)
FNDA:0,loadUnstakeEvent
FNDA:0,loadTupleUnstakeEvent
FNDA:0,loadGetterTupleUnstakeEvent
FNDA:0,storeTupleUnstakeEvent
FNDA:0,dictValueParserUnstakeEvent
FNDA:0,(anonymous_142)
FNDA:0,(anonymous_143)
FNDA:0,storeWithdrawEarned
FNDA:0,(anonymous_145)
FNDA:0,loadWithdrawEarned
FNDA:0,loadTupleWithdrawEarned
FNDA:0,loadGetterTupleWithdrawEarned
FNDA:0,storeTupleWithdrawEarned
FNDA:0,dictValueParserWithdrawEarned
FNDA:0,(anonymous_151)
FNDA:0,(anonymous_152)
FNDA:0,storeTokenTransfer
FNDA:0,(anonymous_154)
FNDA:0,loadTokenTransfer
FNDA:0,loadTupleTokenTransfer
FNDA:0,loadGetterTupleTokenTransfer
FNDA:0,storeTupleTokenTransfer
FNDA:0,dictValueParserTokenTransfer
FNDA:0,(anonymous_160)
FNDA:0,(anonymous_161)
FNDA:0,storeTokenTransferInternal
FNDA:0,(anonymous_163)
FNDA:0,loadTokenTransferInternal
FNDA:0,loadTupleTokenTransferInternal
FNDA:0,loadGetterTupleTokenTransferInternal
FNDA:0,storeTupleTokenTransferInternal
FNDA:0,dictValueParserTokenTransferInternal
FNDA:0,(anonymous_169)
FNDA:0,(anonymous_170)
FNDA:0,storeTokenNotification
FNDA:0,(anonymous_172)
FNDA:0,loadTokenNotification
FNDA:0,loadTupleTokenNotification
FNDA:0,loadGetterTupleTokenNotification
FNDA:0,storeTupleTokenNotification
FNDA:0,dictValueParserTokenNotification
FNDA:0,(anonymous_178)
FNDA:0,(anonymous_179)
FNDA:0,storeTokenBurn
FNDA:0,(anonymous_181)
FNDA:0,loadTokenBurn
FNDA:0,loadTupleTokenBurn
FNDA:0,loadGetterTupleTokenBurn
FNDA:0,storeTupleTokenBurn
FNDA:0,dictValueParserTokenBurn
FNDA:0,(anonymous_187)
FNDA:0,(anonymous_188)
FNDA:0,storeTokenBurnNotification
FNDA:0,(anonymous_190)
FNDA:0,loadTokenBurnNotification
FNDA:0,loadTupleTokenBurnNotification
FNDA:0,loadGetterTupleTokenBurnNotification
FNDA:0,storeTupleTokenBurnNotification
FNDA:0,dictValueParserTokenBurnNotification
FNDA:0,(anonymous_196)
FNDA:0,(anonymous_197)
FNDA:0,storeTokenExcesses
FNDA:0,(anonymous_199)
FNDA:0,loadTokenExcesses
FNDA:0,loadTupleTokenExcesses
FNDA:0,loadGetterTupleTokenExcesses
FNDA:0,storeTupleTokenExcesses
FNDA:0,dictValueParserTokenExcesses
FNDA:0,(anonymous_205)
FNDA:0,(anonymous_206)
FNDA:0,storeTokenUpdateContent
FNDA:0,(anonymous_208)
FNDA:0,loadTokenUpdateContent
FNDA:0,loadTupleTokenUpdateContent
FNDA:0,loadGetterTupleTokenUpdateContent
FNDA:0,storeTupleTokenUpdateContent
FNDA:0,dictValueParserTokenUpdateContent
FNDA:0,(anonymous_214)
FNDA:0,(anonymous_215)
FNDA:0,storeSetContractJettonWallet
FNDA:0,(anonymous_217)
FNDA:0,loadSetContractJettonWallet
FNDA:0,loadTupleSetContractJettonWallet
FNDA:0,loadGetterTupleSetContractJettonWallet
FNDA:0,storeTupleSetContractJettonWallet
FNDA:0,dictValueParserSetContractJettonWallet
FNDA:0,(anonymous_223)
FNDA:0,(anonymous_224)
FNDA:0,storeStaking$Data
FNDA:0,(anonymous_226)
FNDA:0,loadStaking$Data
FNDA:0,loadTupleStaking$Data
FNDA:0,loadGetterTupleStaking$Data
FNDA:0,storeTupleStaking$Data
FNDA:0,dictValueParserStaking$Data
FNDA:0,(anonymous_232)
FNDA:0,(anonymous_233)
FNDA:0,initStaking_init_args
FNDA:0,(anonymous_235)
FNDA:0,Staking_init
FNDA:0,(anonymous_237)
FNDA:0,(anonymous_238)
FNDA:0,(anonymous_239)
FNDA:0,(anonymous_240)
FNDA:0,(anonymous_241)
FNDA:0,(anonymous_242)
FNDA:0,(anonymous_243)
FNDA:0,(anonymous_244)
FNDA:0,(anonymous_245)
FNDA:0,(anonymous_246)
FNDA:0,(anonymous_247)
FNDA:0,(anonymous_248)
FNDA:0,(anonymous_249)
FNDA:0,(anonymous_250)
FNDA:0,(anonymous_251)
DA:1,1
DA:29,1
DA:30,0
DA:31,0
DA:32,0
DA:33,0
DA:37,1
DA:38,0
DA:39,0
DA:40,0
DA:41,0
DA:45,0
DA:46,0
DA:47,0
DA:51,0
DA:52,0
DA:53,0
DA:57,0
DA:58,0
DA:59,0
DA:60,0
DA:64,0
DA:66,0
DA:69,0
DA:82,1
DA:83,0
DA:84,0
DA:85,0
DA:86,0
DA:87,0
DA:88,0
DA:92,1
DA:93,0
DA:94,0
DA:95,0
DA:96,0
DA:97,0
DA:98,0
DA:102,0
DA:103,0
DA:104,0
DA:105,0
DA:106,0
DA:110,0
DA:111,0
DA:112,0
DA:113,0
DA:114,0
DA:118,0
DA:119,0
DA:120,0
DA:121,0
DA:122,0
DA:123,0
DA:127,0
DA:129,0
DA:132,0
DA:148,1
DA:149,0
DA:150,0
DA:151,0
DA:152,0
DA:153,0
DA:154,0
DA:155,0
DA:156,0
DA:157,0
DA:161,1
DA:162,0
DA:163,0
DA:164,0
DA:165,0
DA:166,0
DA:167,0
DA:168,0
DA:169,0
DA:170,0
DA:174,0
DA:175,0
DA:176,0
DA:177,0
DA:178,0
DA:179,0
DA:180,0
DA:181,0
DA:185,0
DA:186,0
DA:187,0
DA:188,0
DA:189,0
DA:190,0
DA:191,0
DA:192,0
DA:196,0
DA:197,0
DA:198,0
DA:199,0
DA:200,0
DA:201,0
DA:202,0
DA:203,0
DA:204,0
DA:208,0
DA:210,0
DA:213,0
DA:223,1
DA:224,0
DA:225,0
DA:226,0
DA:227,0
DA:231,1
DA:232,0
DA:233,0
DA:234,0
DA:235,0
DA:239,0
DA:240,0
DA:244,0
DA:245,0
DA:249,0
DA:250,0
DA:251,0
DA:255,0
DA:257,0
DA:260,0
DA:270,1
DA:271,0
DA:272,0
DA:273,0
DA:274,0
DA:278,1
DA:279,0
DA:280,0
DA:281,0
DA:282,0
DA:286,0
DA:287,0
DA:291,0
DA:292,0
DA:296,0
DA:297,0
DA:298,0
DA:302,0
DA:304,0
DA:307,0
DA:318,1
DA:319,0
DA:320,0
DA:321,0
DA:322,0
DA:323,0
DA:327,1
DA:328,0
DA:329,0
DA:330,0
DA:331,0
DA:332,0
DA:336,0
DA:337,0
DA:338,0
DA:342,0
DA:343,0
DA:344,0
DA:348,0
DA:349,0
DA:350,0
DA:351,0
DA:355,0
DA:357,0
DA:360,0
DA:371,1
DA:372,0
DA:373,0
DA:374,0
DA:375,0
DA:376,0
DA:380,1
DA:381,0
DA:382,0
DA:383,0
DA:384,0
DA:385,0
DA:389,0
DA:390,0
DA:391,0
DA:395,0
DA:396,0
DA:397,0
DA:401,0
DA:402,0
DA:403,0
DA:404,0
DA:408,0
DA:410,0
DA:413,0
DA:424,1
DA:425,0
DA:426,0
DA:427,0
DA:428,0
DA:429,0
DA:433,1
DA:434,0
DA:435,0
DA:436,0
DA:437,0
DA:438,0
DA:442,0
DA:443,0
DA:444,0
DA:448,0
DA:449,0
DA:450,0
DA:454,0
DA:455,0
DA:456,0
DA:457,0
DA:461,0
DA:463,0
DA:466,0
DA:477,1
DA:478,0
DA:479,0
DA:480,0
DA:481,0
DA:485,1
DA:486,0
DA:487,0
DA:488,0
DA:489,0
DA:493,0
DA:494,0
DA:495,0
DA:499,0
DA:500,0
DA:501,0
DA:505,0
DA:506,0
DA:507,0
DA:508,0
DA:512,0
DA:514,0
DA:517,0
DA:528,1
DA:529,0
DA:530,0
DA:531,0
DA:532,0
DA:533,0
DA:537,1
DA:538,0
DA:539,0
DA:540,0
DA:541,0
DA:542,0
DA:546,0
DA:547,0
DA:548,0
DA:552,0
DA:553,0
DA:554,0
DA:558,0
DA:559,0
DA:560,0
DA:561,0
DA:565,0
DA:567,0
DA:570,0
DA:580,1
DA:581,0
DA:582,0
DA:583,0
DA:584,0
DA:588,1
DA:589,0
DA:590,0
DA:591,0
DA:592,0
DA:596,0
DA:597,0
DA:601,0
DA:602,0
DA:606,0
DA:607,0
DA:608,0
DA:612,0
DA:614,0
DA:617,0
DA:627,1
DA:628,0
DA:629,0
DA:630,0
DA:631,0
DA:635,1
DA:636,0
DA:637,0
DA:638,0
DA:639,0
DA:643,0
DA:644,0
DA:648,0
DA:649,0
DA:653,0
DA:654,0
DA:655,0
DA:659,0
DA:661,0
DA:664,0
DA:674,1
DA:675,0
DA:676,0
DA:677,0
DA:678,0
DA:682,1
DA:683,0
DA:684,0
DA:685,0
DA:686,0
DA:690,0
DA:691,0
DA:695,0
DA:696,0
DA:700,0
DA:701,0
DA:702,0
DA:706,0
DA:708,0
DA:711,0
DA:720,1
DA:721,0
DA:722,0
DA:723,0
DA:727,1
DA:728,0
DA:729,0
DA:730,0
DA:734,0
DA:738,0
DA:742,0
DA:743,0
DA:747,0
DA:749,0
DA:752,0
DA:763,1
DA:764,0
DA:765,0
DA:766,0
DA:767,0
DA:768,0
DA:772,1
DA:773,0
DA:774,0
DA:775,0
DA:776,0
DA:777,0
DA:781,0
DA:782,0
DA:783,0
DA:787,0
DA:788,0
DA:789,0
DA:793,0
DA:794,0
DA:795,0
DA:796,0
DA:800,0
DA:802,0
DA:805,0
DA:816,1
DA:817,0
DA:818,0
DA:819,0
DA:820,0
DA:821,0
DA:825,1
DA:826,0
DA:827,0
DA:828,0
DA:829,0
DA:830,0
DA:834,0
DA:835,0
DA:836,0
DA:840,0
DA:841,0
DA:842,0
DA:846,0
DA:847,0
DA:848,0
DA:849,0
DA:853,0
DA:855,0
DA:858,0
DA:868,1
DA:869,0
DA:870,0
DA:871,0
DA:872,0
DA:876,1
DA:877,0
DA:878,0
DA:879,0
DA:880,0
DA:884,0
DA:885,0
DA:889,0
DA:890,0
DA:894,0
DA:895,0
DA:896,0
DA:900,0
DA:902,0
DA:905,0
DA:921,1
DA:922,0
DA:923,0
DA:924,0
DA:925,0
DA:926,0
DA:927,0
DA:928,0
DA:929,0
DA:930,0
DA:931,0
DA:935,1
DA:936,0
DA:937,0
DA:938,0
DA:939,0
DA:940,0
DA:941,0
DA:942,0
DA:943,0
DA:944,0
DA:945,0
DA:949,0
DA:950,0
DA:951,0
DA:952,0
DA:953,0
DA:954,0
DA:955,0
DA:956,0
DA:960,0
DA:961,0
DA:962,0
DA:963,0
DA:964,0
DA:965,0
DA:966,0
DA:967,0
DA:971,0
DA:972,0
DA:973,0
DA:974,0
DA:975,0
DA:976,0
DA:977,0
DA:978,0
DA:979,0
DA:983,0
DA:985,0
DA:988,0
DA:1003,1
DA:1004,0
DA:1005,0
DA:1006,0
DA:1007,0
DA:1008,0
DA:1009,0
DA:1010,0
DA:1011,0
DA:1012,0
DA:1016,1
DA:1017,0
DA:1018,0
DA:1019,0
DA:1020,0
DA:1021,0
DA:1022,0
DA:1023,0
DA:1024,0
DA:1025,0
DA:1029,0
DA:1030,0
DA:1031,0
DA:1032,0
DA:1033,0
DA:1034,0
DA:1035,0
DA:1039,0
DA:1040,0
DA:1041,0
DA:1042,0
DA:1043,0
DA:1044,0
DA:1045,0
DA:1049,0
DA:1050,0
DA:1051,0
DA:1052,0
DA:1053,0
DA:1054,0
DA:1055,0
DA:1056,0
DA:1060,0
DA:1062,0
DA:1065,0
DA:1078,1
DA:1079,0
DA:1080,0
DA:1081,0
DA:1082,0
DA:1083,0
DA:1084,0
DA:1085,0
DA:1089,1
DA:1090,0
DA:1091,0
DA:1092,0
DA:1093,0
DA:1094,0
DA:1095,0
DA:1096,0
DA:1100,0
DA:1101,0
DA:1102,0
DA:1103,0
DA:1104,0
DA:1108,0
DA:1109,0
DA:1110,0
DA:1111,0
DA:1112,0
DA:1116,0
DA:1117,0
DA:1118,0
DA:1119,0
DA:1120,0
DA:1121,0
DA:1125,0
DA:1127,0
DA:1130,0
DA:1143,1
DA:1144,0
DA:1145,0
DA:1146,0
DA:1147,0
DA:1148,0
DA:1149,0
DA:1150,0
DA:1154,1
DA:1155,0
DA:1156,0
DA:1157,0
DA:1158,0
DA:1159,0
DA:1160,0
DA:1161,0
DA:1165,0
DA:1166,0
DA:1167,0
DA:1168,0
DA:1169,0
DA:1173,0
DA:1174,0
DA:1175,0
DA:1176,0
DA:1177,0
DA:1181,0
DA:1182,0
DA:1183,0
DA:1184,0
DA:1185,0
DA:1186,0
DA:1190,0
DA:1192,0
DA:1195,0
DA:1208,1
DA:1209,0
DA:1210,0
DA:1211,0
DA:1212,0
DA:1213,0
DA:1214,0
DA:1215,0
DA:1219,1
DA:1220,0
DA:1221,0
DA:1222,0
DA:1223,0
DA:1224,0
DA:1225,0
DA:1226,0
DA:1230,0
DA:1231,0
DA:1232,0
DA:1233,0
DA:1234,0
DA:1238,0
DA:1239,0
DA:1240,0
DA:1241,0
DA:1242,0
DA:1246,0
DA:1247,0
DA:1248,0
DA:1249,0
DA:1250,0
DA:1251,0
DA:1255,0
DA:1257,0
DA:1260,0
DA:1270,1
DA:1271,0
DA:1272,0
DA:1273,0
DA:1274,0
DA:1278,1
DA:1279,0
DA:1280,0
DA:1281,0
DA:1282,0
DA:1286,0
DA:1287,0
DA:1291,0
DA:1292,0
DA:1296,0
DA:1297,0
DA:1298,0
DA:1302,0
DA:1304,0
DA:1307,0
DA:1317,1
DA:1318,0
DA:1319,0
DA:1320,0
DA:1321,0
DA:1325,1
DA:1326,0
DA:1327,0
DA:1328,0
DA:1329,0
DA:1333,0
DA:1334,0
DA:1338,0
DA:1339,0
DA:1343,0
DA:1344,0
DA:1345,0
DA:1349,0
DA:1351,0
DA:1354,0
DA:1364,1
DA:1365,0
DA:1366,0
DA:1367,0
DA:1368,0
DA:1372,1
DA:1373,0
DA:1374,0
DA:1375,0
DA:1376,0
DA:1380,0
DA:1381,0
DA:1385,0
DA:1386,0
DA:1390,0
DA:1391,0
DA:1392,0
DA:1396,0
DA:1398,0
DA:1401,0
DA:1417,1
DA:1418,0
DA:1419,0
DA:1420,0
DA:1421,0
DA:1422,0
DA:1423,0
DA:1424,0
DA:1425,0
DA:1426,0
DA:1427,0
DA:1428,0
DA:1432,1
DA:1433,0
DA:1434,0
DA:1435,0
DA:1436,0
DA:1437,0
DA:1438,0
DA:1439,0
DA:1440,0
DA:1441,0
DA:1442,0
DA:1446,0
DA:1447,0
DA:1448,0
DA:1449,0
DA:1450,0
DA:1451,0
DA:1452,0
DA:1453,0
DA:1457,0
DA:1458,0
DA:1459,0
DA:1460,0
DA:1461,0
DA:1462,0
DA:1463,0
DA:1464,0
DA:1468,0
DA:1469,0
DA:1470,0
DA:1471,0
DA:1472,0
DA:1473,0
DA:1474,0
DA:1475,0
DA:1476,0
DA:1480,0
DA:1482,0
DA:1485,0
DA:1495,0
DA:1496,0
DA:1501,0
DA:1502,0
DA:1503,0
DA:1504,0
DA:1505,0
DA:1506,0
DA:1507,0
DA:1508,0
DA:1511,1
DA:1552,1
DA:1581,1
DA:1594,1
DA:1607,1
DA:1620,1
DA:1623,0
DA:1627,0
DA:1628,0
DA:1629,0
DA:1633,0
DA:1638,0
DA:1646,0
DA:1647,0
DA:1652,0
DA:1653,0
DA:1654,0
DA:1656,0
DA:1657,0
DA:1659,0
DA:1660,0
DA:1662,0
DA:1663,0
DA:1665,0
DA:1666,0
DA:1668,0
DA:1669,0
DA:1671,0
DA:1672,0
DA:1674,0
DA:1675,0
DA:1677,0
DA:1678,0
DA:1680,0
DA:1681,0
DA:1683,0
DA:1685,0
DA:1690,0
DA:1691,0
DA:1692,0
DA:1693,0
DA:1697,0
DA:1698,0
DA:1699,0
DA:1700,0
DA:1701,0
DA:1705,0
DA:1706,0
DA:1707,0
DA:1708,0
DA:1709,0
DA:1710,0
DA:1714,0
DA:1715,0
DA:1716,0
DA:1717,0
DA:1721,0
DA:1722,0
DA:1723,0
DA:1724,0
DA:1728,0
DA:1729,0
DA:1730,0
DA:1731,0
DA:1732,0
DA:1736,0
DA:1737,0
DA:1738,0
DA:1739,0
DA:1743,0
DA:1744,0
DA:1745,0
DA:1746,0
DA:1750,0
DA:1751,0
DA:1752,0
DA:1753,0
DA:1757,0
DA:1758,0
DA:1759,0
DA:1760,0
LF:815
LH:59
BRDA:155,0,0,0
BRDA:155,0,1,0
BRDA:155,1,0,0
BRDA:155,1,1,0
BRDA:156,2,0,0
BRDA:156,2,1,0
BRDA:156,3,0,0
BRDA:156,3,1,0
BRDA:157,4,0,0
BRDA:157,4,1,0
BRDA:157,5,0,0
BRDA:157,5,1,0
BRDA:167,6,0,0
BRDA:167,6,1,0
BRDA:168,7,0,0
BRDA:168,7,1,0
BRDA:169,8,0,0
BRDA:169,8,1,0
BRDA:233,9,0,0
BRDA:280,10,0,0
BRDA:329,11,0,0
BRDA:382,12,0,0
BRDA:435,13,0,0
BRDA:539,14,0,0
BRDA:590,15,0,0
BRDA:637,16,0,0
BRDA:684,17,0,0
BRDA:729,18,0,0
BRDA:774,19,0,0
BRDA:827,20,0,0
BRDA:878,21,0,0
BRDA:929,22,0,0
BRDA:929,22,1,0
BRDA:929,23,0,0
BRDA:929,23,1,0
BRDA:937,24,0,0
BRDA:942,25,0,0
BRDA:942,25,1,0
BRDA:1018,26,0,0
BRDA:1091,27,0,0
BRDA:1156,28,0,0
BRDA:1221,29,0,0
BRDA:1280,30,0,0
BRDA:1327,31,0,0
BRDA:1374,32,0,0
BRDA:1469,33,0,0
BRDA:1469,33,1,0
BRDA:1471,34,0,0
BRDA:1471,34,1,0
BRDA:1472,35,0,0
BRDA:1472,35,1,0
BRDA:1653,36,0,0
BRDA:1653,37,0,0
BRDA:1653,37,1,0
BRDA:1653,37,2,0
BRDA:1653,37,3,0
BRDA:1656,38,0,0
BRDA:1656,39,0,0
BRDA:1656,39,1,0
BRDA:1656,39,2,0
BRDA:1656,39,3,0
BRDA:1659,40,0,0
BRDA:1659,41,0,0
BRDA:1659,41,1,0
BRDA:1659,41,2,0
BRDA:1659,41,3,0
BRDA:1662,42,0,0
BRDA:1662,43,0,0
BRDA:1662,43,1,0
BRDA:1662,43,2,0
BRDA:1662,43,3,0
BRDA:1665,44,0,0
BRDA:1665,45,0,0
BRDA:1665,45,1,0
BRDA:1665,45,2,0
BRDA:1665,45,3,0
BRDA:1668,46,0,0
BRDA:1668,47,0,0
BRDA:1668,47,1,0
BRDA:1668,47,2,0
BRDA:1668,47,3,0
BRDA:1671,48,0,0
BRDA:1671,49,0,0
BRDA:1671,49,1,0
BRDA:1671,49,2,0
BRDA:1671,49,3,0
BRDA:1674,50,0,0
BRDA:1674,51,0,0
BRDA:1674,51,1,0
BRDA:1674,51,2,0
BRDA:1674,51,3,0
BRDA:1677,52,0,0
BRDA:1680,53,0,0
BRDA:1680,54,0,0
BRDA:1680,54,1,0
BRDA:1680,54,2,0
BRDA:1680,54,3,0
BRDA:1683,55,0,0
BRDA:1709,56,0,0
BRDA:1709,56,1,0
BRF:100
BRH:0
end_of_record
TN:
SF:tests/number.ts
FN:3,(anonymous_0)
FNF:1
FNH:0
FNDA:0,(anonymous_0)
DA:1,1
DA:3,1
DA:4,0
LF:3
LH:2
BRF:0
BRH:0
end_of_record
TN:
SF:tests/utils.ts
FN:14,(anonymous_0)
FN:41,(anonymous_1)
FN:54,(anonymous_2)
FNF:3
FNH:0
FNDA:0,(anonymous_0)
FNDA:0,(anonymous_1)
FNDA:0,(anonymous_2)
DA:1,1
DA:4,1
DA:6,1
DA:7,1
DA:14,1
DA:15,0
DA:41,1
DA:42,0
DA:47,0
DA:54,1
DA:55,0
DA:56,0
DA:57,0
DA:58,0
DA:59,0
LF:15
LH:7
BRF:0
BRH:0
end_of_record
TN:
SF:utils/jetton.util.ts
FN:5,(anonymous_1)
FNF:1
FNH:0
FNDA:0,(anonymous_1)
DA:1,1
DA:2,1
DA:5,1
DA:6,0
DA:9,0
DA:10,0
DA:11,0
DA:18,0
DA:19,0
LF:9
LH:3
BRF:0
BRH:0
end_of_record
